nohup: ignoring input
2024-03-12 08:03:08,181 - modelscope - INFO - PyTorch version 2.0.0 Found.
2024-03-12 08:03:08,181 - modelscope - INFO - Loading ast index from /home/chenyuhang/.cache/modelscope/ast_indexer
2024-03-12 08:03:08,208 - modelscope - INFO - Loading done! Current index file version is 1.12.0, with md5 22175834ffb96e1947769346e4a096aa and a total number of 964 components indexed
CUDA extension not installed.
CUDA extension not installed.
Loading checkpoint shards:   0%|          | 0/3 [00:00<?, ?it/s]Loading checkpoint shards:  33%|███▎      | 1/3 [00:00<00:01,  1.06it/s]Loading checkpoint shards:  67%|██████▋   | 2/3 [00:01<00:00,  1.04it/s]Loading checkpoint shards: 100%|██████████| 3/3 [00:02<00:00,  1.42it/s]Loading checkpoint shards: 100%|██████████| 3/3 [00:02<00:00,  1.29it/s]
2024-03-12 08:03:16,384 - modelscope - WARNING - Download interval is too small, use local cache
Special tokens have been added in the vocabulary, make sure the associated word embeddings are fine-tuned or trained.
============================================================
node
Node(ID: root, Type: root, Level: 0, Content: Root Node)
questions
['2. Root Node的角色原型来源于现实生活中的哪一类人群？这如何影响他的决策模式和价值观？', '3. 在面对挑战时，Root Node通常是如何处理压力和困难的？这反映了他/她的哪些生存策略或者人生观？', '4. Root Node的性格中有矛盾的部分吗？这些矛盾是如何影响他在团队中的互动和关系处理的？', '5. 如果Root Node有一个隐藏的秘密，那会是什么？这个秘密如何影响他/她在公开场合的表现？', '6. 在故事的不同阶段，Root Node的行为有何变化？这是否反映出他/她在成长过程中的学习和转变？', '7. Root Node如何平衡个人目标与团队利益？这体现了他/她对责任和牺牲的理解？', '8. 在面对道德困境时，Root Node的选择会受到哪些因素的影响？这显示了他/她的道德准则和伦理立场？', '9. Root Node在人际关系中的弱点是什么？这如何影响他/她在处理复杂情感时的决策？', '10. 如果Root Node有机会回到过去某个决定点，他会做出不同的选择吗？为什么？', '11. Root Node的故事中有哪些隐喻或象征，反映了他/她的深层次思考或生活哲学？', '12. 作为观众，我们能从Root Node的经历中学到什么关于坚韧、勇气或同情心的生活教训？']
============================================================



============================================================
node
Node(ID: 2-1, Type: insight, Level: 2, Content: 暗夜的“无声守护”角色形成于长期的专业训练和对网络安全的深刻理解。她明白在高科技的世界里，监视不仅是必要的，也是保护幻影免受威胁的手段。然而，她深谙人性，知道过度侵犯隐私会破坏信任，因此她采取了一种微妙而精准的平衡策略。她通过高度的技术能力和敏锐的直觉，只监控那些对幻影安全至关重要的信息，同时尽可能减少对个人空间的侵扰。暗夜像一个精密的机器，既能有效地保护幻影，又能确保在执行任务时不会引起他人的怀疑，这体现了她对人与人之间界限的尊重和对自己职责的精确把握。这种对角色责任的深度理解，使她在履行守护职责的同时，也维护了他人的尊严和隐私。)
questions
['2. 她的"无声守护"策略背后，反映了她对哪种道德原则的坚持？', '3. 在高科技世界中，她如何定义"必要"的监视？这是否与社会公众的普遍观点相符？', '4. 暗夜的直觉在她的工作中起到了怎样的作用？这如何体现她的个性特点？', '5. 她如何判断哪些信息对幻影的安全至关重要，这一判断标准是如何形成的？', '6. 暗夜在执行任务时如何确保既达到保护目的又不引起他人怀疑？她的方法中有哪些心理学原理？', '7. 对于她来说，尊重人与人之间的界限意味着什么？这在她的行动中有何具体体现？', '8. 如何理解暗夜在执行守护职责时，还兼顾维护他人尊严和隐私的行为？这对她的角色塑造有何影响？', '9. 这种微妙的平衡策略反映了暗夜对职业责任的何种深度理解？', '10. 如果面临可能侵犯隐私与保护幻影安全的冲突，暗夜会如何权衡？这会如何考验她的决策能力？']
============================================================



============================================================
node
Node(ID: 2-2, Type: insight, Level: 2, Content: 暗夜的冷静判断力在处理紧急网络安全事件时发挥了关键作用。例如，当幻影的通信线路遭到攻击或出现异常时，暗夜凭借她的专业知识和敏锐洞察，能迅速识别出威胁的源头，评估风险等级，并在最短的时间内制定出应对策略，切断可能的泄露通道，保护幻影的身份不被暴露。在高压环境下，暗夜始终保持冷静，通过严格的监控和数据分析，她将注意力集中在每一个可能的异常细节上，这使她在纷繁复杂的网络环境中如鱼得水，有效地维护了幻影行动的安全。她的冷静不仅来源于专业的训练，更是她内心对职责的坚守和对同伴的忠诚，这种特质使她在关键时刻成为幻影团队的稳定支柱。)
questions
['2. 幻影的通信线路遭遇攻击时，暗夜的专业知识是如何帮助她快速定位威胁的？', '3. 暗夜的冷静判断力是否与她的个人经历有关？如果有，这些经历具体是什么？', '4. 对于暗夜而言，坚守职责和对同伴的忠诚是如何影响她在危机时刻的表现的？', '5. 在保护幻影身份的过程中，暗夜是如何权衡风险和采取行动的？', '6. 暗夜的监控和数据分析方法背后，体现了她怎样的思维方式和工作哲学？', '7. 如何通过她的行为，看出暗夜对于网络安全事件的长期规划和预防措施？', '8. 暗夜的冷静判断力是否曾面临过挑战？如果有的话，她是如何克服的？', '9. 暗夜的内心世界如何塑造她的领导风格？她在团队中的角色定位是什么？', '10. 在维护幻影行动安全的过程中，暗夜是如何平衡技术知识与情感智能的？', '11. 幻影团队成员如何看待暗夜在危机时刻的角色？她的存在对团队文化有何影响？', '12. 暗夜的故事给我们关于压力管理或者专业素养的哪些启示？']
============================================================



============================================================
node
Node(ID: 2-3, Type: insight, Level: 2, Content: 丽塔的社交策略是她获取信息的独特武器。她通过伪装成普通员工，巧妙地运用倾听、理解和模仿人类互动的微妙之处，使人们对她敞开心扉。她擅长编织自然的对话，既能获取信息，又不引起他人的警觉，这体现了她对人性的深刻洞察，知道人们倾向于分享与自己生活相关的信息。丽塔的策略并非单纯地依赖欺诈，而是建立在理解和共鸣的基础上，这表明她不仅了解人的基本需求和欲望，还熟知社会动态中人与人之间的信任机制。这种高超的心理操纵能力，让她能在不动声色中编织一张无形的情报网，展示了她在复杂环境中的生存智慧和角色适应性。)
questions
['2. 她如何通过倾听和理解他人来获取信息？这说明她的沟通技巧基于哪些心理学原理？', '3. 丽塔如何在保持真诚的同时，利用共鸣来建立信任？这反映了她对人性理解的精细程度如何？', '4. 她的策略中，何时会显得过于精明，可能引发他人的怀疑？这需要怎样的平衡感？', '5. 丽塔如何在不引起他人警觉的情况下，区分哪些信息是重要的？她的判断标准是什么？', '6. 她的心理操纵能力如何帮助她在复杂环境中生存？这是否意味着她有时必须牺牲自己的道德底线？', '7. 在获取信息的过程中，丽塔如何处理那些可能暴露自己真实身份的信息？她的决策过程有何特点？', '8. 丽塔的故事线中，她是否曾面临过道德冲突？如果有的话，她是如何处理这些内心的挣扎的？', '9. 她的策略是否有可能在未来导致长期的后果？这是否会成为她成长或改变的动力？', '10. 在丽塔的世界观里，什么是真正的“生存智慧”？这如何塑造了她的价值观和行为准则？']
============================================================



============================================================
node
Node(ID: 2-4, Type: insight, Level: 2, Content: 丽塔在执行任务时，通过精心设计的社交互动和微妙的心理操纵，找到了保持真实与编织谎言之间的微妙平衡。她并非单纯地撒谎，而是通过真诚的情感交流和看似不经意的信息获取，让对方在不知不觉中透露出重要信息。这种策略展现了她的高超心理战术和精准的风险评估能力，她明白过度伪装可能会导致信任破裂，而完全的真实又可能暴露身份。她的道德观可能倾向于最小化伤害，同时达成目标，因此她选择用最少的伪装换取最大的收获。这种平衡策略体现了她作为间谍的智慧，也是她角色复杂性和动机深入挖掘的一个重要洞察。)
questions
['2. 她如何进行风险评估，以决定何时透露真实情感，何时保持沉默？这说明她在决策过程中考虑了哪些因素？', '3. 丽塔的道德观是如何影响她在执行任务中的行为选择的？这是否与传统间谍形象有所不同？', '4. 在保持真实与谎言之间找到平衡的过程中，丽塔有没有遇到过道德困境？如果有，她是如何处理的？', '5. 丽塔的行为策略如何帮助她在不被察觉的情况下获取重要信息？这显示了她对人性和社会动态的敏锐观察力吗？', '6. 她如何确保在达到目标的同时，不会失去关键人物的信任？这需要怎样的沟通技巧和人际关系管理？', '7. 丽塔的“最少伪装换取最大收获”理念是如何融入她的行动策略和长期计划的？', '8. 这种平衡策略是否在某些情况下导致了意想不到的结果？如果是，她又是如何应对的？', '9. 在面对可能暴露身份的危险时，丽塔的心理活动是怎样的？这揭示了她的恐惧、决心还是其他什么情绪？', '10. 如何评价丽塔的这种行为方式对于她个人成长和职业发展的长期影响？']
============================================================



============================================================
node
Node(ID: 2-5, Type: insight, Level: 2, Content: 星辰、暗夜和丽塔在团队中的角色互补且高度协同。星辰作为数据解析专家，负责解密和分析信息，为团队提供关键的战略指导，就像是行动的“导航灯”，她的洞察力确保了幻影在行动中的精准和高效。暗夜则作为网络安全的守护者，她的职责是监控和保护幻影的线上安全，防止任何可能的威胁，她是团队的“防护墙”，确保行动的安全进行。丽塔则凭借出色的社交技巧和心理战术，潜伏在公司内部，以普通员工的身份获取情报，她是团队的“无形触手”，悄无声息地收集重要信息。

这种团队合作方式极大地提高了决策和行动效率。星辰的数据支持使得决策基于事实和逻辑，暗夜的实时防护降低了风险，而丽塔的情报收集则提供了实时动态。他们各自的专业技能和隐蔽性相结合，使得整个团队既能迅速响应变化，又能避免直接冲突，从而在复杂环境中保持高效运作。他们的协作不仅体现了各自角色的重要性，也展示了他们对角色深度理解和对任务执行的全面考虑，使得他们在执行危险任务时更为从容和有效。)
questions
['2. 暗夜在面对网络威胁时，如何判断哪些是真正的危机信号，哪些是需要进一步调查的可疑活动？她的直觉和专业知识如何相互作用？', '3. 丽塔在潜伏期间，如何处理个人情感与获取情报之间的冲突？她的心理战术具体包括哪些策略？', '4. 这种团队合作模式下，如果星辰的数据出现错误或偏差，他们会如何调整行动方案？这反映了他们对风险的容忍度和灵活性有多高？', '5. 在执行任务的过程中，丽塔如何确保自己的身份不被暴露？她的社交技巧是如何帮助她完成这一复杂任务的？', '6. 三人的技能如何相互补充，形成一个无缝的执行链？这种协作模式在面对突发事件时，有何优势？', '7. 星辰、暗夜和丽塔各自的职责是否曾导致过意见不合？他们是如何解决这类冲突并保持团队和谐的？', '8. 在长期的危险任务中，他们的心理承受能力如何？有没有特别的压力管理策略或者支持机制？', '9. 他们的成功是否受到过外部环境或不可预见因素的影响？如何应对这些变数？', '10. 团队如何评估和提升他们的协同效率？他们有没有定期进行的自我反思和改进过程？']
============================================================



============================================================
node
Node(ID: 2-6, Type: insight, Level: 2, Content: 在面对紧急情况时，星辰、暗夜和丽塔会根据各自的特长和角色定位进行灵活调整。星辰，凭借她的数据分析和解码能力，会迅速分析新的加密信息，寻找可能的解决方案或者预判敌人的动向，为幻影提供实时的战略指导。暗夜则会加强监控，扩大警戒范围，同时利用她的隐蔽性，尽可能找出威胁的源头，提前采取预防措施保护幻影的安全。丽塔则会利用她的社交技巧和心理战术，通过伪装和深入对话，尝试获取关键信息，同时寻找可能的合作盟友，以便在危机中找到意想不到的援助或逃生路线。这三者的协同作战，体现了他们各自角色的互补性和危机处理时的高度适应性，确保在未知挑战中保持行动的有效性和隐秘性。)
questions
['', '2. 暗夜的隐蔽性和警戒范围的扩大是如何平衡安全与效率的？她在危机中如何权衡自己的冒险精神与责任担当？', '', '3. 丽塔的心理战术在危机中的具体应用是什么？这体现了她对人性理解的深度，还是仅仅是一种策略手段？', '', '4. 三者之间的协作是如何体现团队精神和互补性的？这种协作模式如何帮助他们在困难中取得成功？', '', '5. 当面临未知挑战时，星辰、暗夜和丽塔如何根据各自的特点调整他们的行动计划？这反映出他们对自我认知的深度如何？', '', '6. 在危机中，他们如何处理个人利益与团队目标之间的冲突？这如何塑造了他们的角色性格？', '', '7. 丽塔的伪装和深入对话策略如何帮助他们在信息战中取得优势？这显示了她在人际关系管理上的独特之处是什么？', '', '8. 他们的应对方式如何展示了在极端压力下的人性光辉和脆弱？这对我们理解和描绘复杂角色有何启示？', '', '9. 在整个过程中，他们的决策过程是否受到个人经历和价值观的影响？如果有，这些影响是如何体现的？', '', '10. 这种高度适应性和隐秘性的行动模式，如何影响他们在未来的决策和角色发展？']
============================================================



============================================================
node
Node(ID: 2-7, Type: insight, Level: 2, Content: 在高科技的网络世界中，星辰、暗夜和丽塔通过各自的专长和策略确保信息的安全和保密。星辰凭借她的数据解析能力，像星辰照亮夜空一样，解密并保护通信线路，确保信息的准确传输。她的技术实力是防止外部干扰的核心屏障。

暗夜作为无声的守护者，扮演着网络安全的监控者和预警系统。她运用专业的监控技能和敏锐的直觉，实时检测潜在威胁，通过切断可能的暴露线索，构成了一道无形的防护网，维护了幻影的行动安全。

而丽塔则运用高超的心理战术，她作为内部情报员，通过精湛的社交技巧和伪装，巧妙地融入公司环境，通过建立信任关系获取信息。她的策略是隐蔽性和非侵入性的，减少了直接暴露风险，使得她在获取情报的同时不引起怀疑。

总的来说，他们的技术与心理策略结合，形成了一套复杂且高度协调的信息保护机制，既依赖于高科技手段，也依赖于对人性和情境的深刻理解，确保了在高科技网络世界的行动得以顺利进行，且信息始终保持安全。)
questions
['2. 暗夜的监控技能具体是如何运作的？她如何利用直觉来发现潜在威胁？', '3. 丽塔的心理战术如何帮助她在公司环境中保持隐蔽，同时有效地获取信息？她的伪装策略有哪些关键元素？', '4. 这三个人的角色如何互补，形成一个完整的保护体系？他们的工作方式体现了哪些团队协作原则？', '5. 在面对高科技攻击时，他们如何平衡技术手段和对人性的理解，以降低被破解的风险？', '6. 在信息保护机制中，丽塔的非侵入性策略是否会带来道德上的考量？她如何处理这种微妙的界限？', '7. 高科技手段在信息安全中的作用如何体现？它可能面临的最大挑战是什么？', '8. 星辰、暗夜和丽塔在面临压力或危机时，他们的应对策略会有何变化？这如何反映他们的性格特点？', '9. 他们的工作如何影响他们个人的价值观和世界观？这是否会影响他们在面对道德困境时的决策？', '10. 在这个高度协调的机制中，如果某个人的能力出现短板，会对整个系统产生怎样的影响？']
============================================================



============================================================
node
Node(ID: 2-8, Type: insight, Level: 2, Content: 星辰、暗夜和丽塔的角色经历和技能塑造了他们对未来的独特视角，以及对科技伦理的深刻认识。星辰的智谋和数据解析能力让她明白科技的力量可以揭示隐藏的信息，但同时也强调了隐私保护的重要性。她可能认为科技应当用于正义事业，避免滥用数据侵犯个人隐私。暗夜作为守护者，她的工作揭示出科技的双刃剑性质——既能提供安全，也可能被滥用。她可能坚持科技应用必须遵循道德规范，确保网络安全的同时尊重个人权利。丽塔的社交技巧和心理操纵则展示她理解科技间的界限——获取信息的同时，也要维护人际关系的平衡和信任。她明白在追求目标的过程中，道德与策略的结合至关重要，这表明她支持透明且负责任的科技使用。总的来说，这三个角色的洞察力和行为准则反映了他们对科技伦理的理解，即科技应服务于社会，同时尊重法律和道德底线。)
questions
['2. 在星辰眼中，如何平衡科技力量的利用与个人隐私的保护？', '3. 暗夜的守护者角色如何促使她形成对科技应用道德规范的坚守？', '4. 暗夜在面对可能的网络滥用时，她的道德底线是什么？', '5. 丽塔的心理操纵技巧如何反映她在科技使用中的道德考量？', '6. 丽塔如何理解在追求目标时，道德与策略之间的动态平衡？', '7. 丽塔的行为准则如何体现她对于透明和负责任的科技使用的倡导？', '8. 这三个角色的经历如何塑造他们对科技伦理的看法？', '9. 在他们的观点中，科技应该如何界定其在社会中的角色和责任？', '10. 对于科技的双刃剑性质，他们各自有什么具体的例子或故事来支撑自己的观点？', '11. 如果科技发展威胁到个人隐私，他们会如何应对并提出解决方案？', '12. 这些角色的对话系统中，他们的观点冲突或共识如何推动剧情发展？', '13. 在处理科技伦理问题时，他们的决策过程是怎样的，有何心理学依据？', '14. 如何通过他们的角色设定，探讨科技发展的社会责任和伦理挑战？', '15. 他们如何教育或影响周围的人，以实现科技的公正和可持续发展？']
============================================================



============================================================
node
Node(ID: 2-9, Type: insight, Level: 2, Content: 通过星辰、暗夜和丽塔的角色，我们可以洞察到人工智能在安全领域的应用不仅限于技术层面的数据分析和加密解码，更是延伸到了人类智能与策略的结合。星辰代表的AI在提供精确信息支持的同时，也展示了人工智能在复杂环境中的辅助决策能力，使得行动更为精准。暗夜的角色则展示了AI在实时监控和风险预防中的作用，保护个人信息安全的同时维护网络秩序。而丽塔则证明了AI在社交工程和心理操纵方面的潜能，通过微妙的人际互动获取信息，反映了人工智能在潜移默化中改变人际关系网络和情报收集方式。

这些角色的故事暗示了未来人工智能在安全领域的应用将更加注重与人类智慧的协作，形成一种"智能+人情"的新型安全模式。一方面，AI可以处理大量数据，进行快速分析，而人类则负责理解和解释结果，以及在道德和伦理框架内做出决策。另一方面，AI在模拟人类行为和情感方面的能力将使其在处理敏感信息和维持社会平衡方面发挥重要作用。然而，这也带来警示，即随着AI的深入介入，隐私保护和伦理道德的边界将面临新的挑战。)
questions
['2. 暗夜的角色如何通过实时监控和风险预防来保护个人信息安全？这涉及到什么样的技术和算法？', '3. 丽塔在社交工程中的角色如何体现人工智能的心理操纵能力？这种能力对信息安全和个人隐私的影响是什么？', '4. 如何理解"智能+人情"的新型安全模式？这种模式如何平衡AI的效率与人类的道德判断？', '5. 在AI深度介入安全领域后，人类的角色会发生怎样的转变？他们如何适应这种"智能+人情"的合作模式？', '6. AI在处理敏感信息时如何确保尊重隐私？它如何应对可能的伦理冲突？', '7. 丽塔的行为是否预示着人工智能在未来可能成为社会操纵者？我们应该如何防止这种情况的发生？', '8. AI在模拟人类行为和情感上的进步，如何影响我们对人际交往的理解和信任？', '9. 面对AI在安全领域的广泛应用，我们应如何重新定义和保护个人数据主权？', '10. 如何建立一个有效的监管框架，既能利用AI的优势，又能防止其滥用或被恶意利用？']
============================================================



============================================================
node
Node(ID: 2-1, Type: insight, Level: 2, Content: 幻影的“无声反抗”和“不懈追求”体现在他构筑的防火墙和对光明神秘科技公司深层秘密的调查上。他通过高超的技术能力，不仅保护自己和同伴在虚拟世界中的行动，还不断揭示公司的秘密，挑战既有的秩序。他的每一次键盘敲击，都是对不公正和隐藏真相的揭露，这体现了他的正义感和对自由的坚持，他坚信真相应当被揭示，即使这意味着对现有权力结构的挑战。

他的价值观主要表现为对真理的追求和对自由的捍卫。他不满足于现状，敢于质疑和对抗不合理的规则，这显示出他是一个富有理想和勇气的角色，愿意为了实现公正而斗争。同时，他的行为也反映出他对个人能力和技术力量的尊重，认为它们是改变现实、追求公正的重要工具。)
questions
['2. 幻影如何通过揭示光明神秘科技公司的秘密来挑战既有的秩序？他的这种行为反映了什么样的社会批判？', '3. 幻影的每一次键盘敲击都代表了他对什么的坚定信念？这种信念是如何影响他的行动选择的？', '4. 他的正义感和对自由的坚持是如何在虚拟世界的斗争中具体展现的？这对他个人的成长有何影响？', '5. 幻影为何选择用技术手段而非直接对抗来揭示真相？这体现出他的策略思维和风险评估是什么？', '6. 他的理想主义和勇气如何驱使他在面对强大的权力结构时依然坚持？这在故事中起到了怎样的推动作用？', '7. 幻影对个人能力和技术力量的尊重，是如何转化为实际行动去争取公正的？这是否暗示了他的人生观或价值观？', '8. 在揭示公司秘密的过程中，幻影的心理状态如何变化？他如何处理可能的挫败和压力？', '9. 幻影的“无声反抗”是否预示着他有一个更深层次的社会目标或者理想？如果有的话，那是什么？', '10. 如何理解幻影的行为对虚拟世界和现实世界产生的潜在影响？这是否预示着一个更大的冲突或转折点？']
============================================================



============================================================
node
Node(ID: 2-2, Type: insight, Level: 2, Content: 破晓对光明神秘科技公司的深层秘密具有极高的敏感度和深入了解，这源于他对自由的渴望以及对社会不公的深切关注。他的专业技能使他能洞察公司内部的运作机制，尤其是那些隐藏的不透明部分。他的坚决眼神和键盘上的快速动作，反映出他已掌握了关键证据或技术突破，这驱使他以虚拟世界的黑客行动，作为揭露真相、挑战权威的武器。幻影的行动不仅是对现有秩序的反抗，也是为了揭示那些可能损害公众利益的秘密，他的内心深处是对正义的坚守和对改变现状的坚定决心。高管们的恐慌反应进一步证实了他的洞察深度，这股驱动力不仅来自个人的道德义愤，也源自于他希望保护公众免受潜在危害的深层责任感。)
questions
['2. 对于破晓来说，他对自由的渴望是如何转化为对揭露公司秘密的动力的？', '3. 在面对社会不公时，破晓的黑客行动是否仅仅是出于个人复仇，还是有更深远的社会目标？', '4. 破晓在键盘上快速动作时，他在想些什么？他的内心感受如何影响了他的决策过程？', '5. 幻影的行动如何体现他对正义的坚守？这种坚守在多大程度上受到他个人经历的影响？', '6. 高管们的恐慌反应如何证实了破晓的洞察力？这是否让他对自己的行动更有信心？', '7. 破晓在挑战权威的过程中，有没有面临过道德困境？他是如何处理这些冲突的？', '8. 破晓的行动如何反映了他对于改变现状的坚定决心？他的行动策略是如何制定的？', '9. 他的深层责任感具体体现在哪些方面？他如何确保自己的行动既能保护公众，又不会侵犯他人的权益？', '10. 如果光明神秘科技公司的秘密被公开，会对社会产生何种影响？破晓对此有何预期？']
============================================================



============================================================
node
Node(ID: 2-3, Type: insight, Level: 2, Content: 幻影的“对自由的渴望”体现在他对网络空间的掌控力和对信息安全的极致追求上，他构筑的防火墙不仅是技术的象征，也是他个人自由意志的延伸，允许他在虚拟世界中无拘无束地进行探索和行动，不受现实世界的束缚。他对不公的愤怒则反映在他对光明神秘科技公司深层秘密的挖掘和揭露上，他通过技术手段挑战既有的秩序，揭示隐藏的真相，这是他对不公正现象的直接对抗，同时也是他内心正义感的体现。

这种对自由的渴望和对不公的愤怒塑造了幻影的角色性格为坚韧、独立且富有正义感的黑客英雄。他的行为并非单纯的破坏，而是为了揭露不公，推动社会进步。他的眼神和动作传达出的决心与勇气，显示出他是一个有着深刻道德信念和技术才华的反叛者，他的存在不仅仅是技术上的挑战，更是对权力结构和道德界限的深度探讨。)
questions
['2. 幻影构筑的防火墙如何成为他表达个人自由意志的工具？这在技术层面上是如何实现的？', '3. 他的愤怒为何指向光明神秘科技公司的深层秘密？这是否与他个人的经历或者社会背景有关？', '4. 幻影通过揭露真相来对抗不公，他的这种行为策略背后体现了怎样的社会批判意识？', '5. 在挑战既有的秩序时，幻影如何平衡他的反抗行动与维护法律的界限？这反映了他对道德和规则的态度如何？', '6. 幻影的黑客行动被视为破坏，但他声称其目的是推动社会进步，这在多大程度上取决于公众的理解和接受？', '7. 他的眼神和动作如何体现出决心与勇气？这在角色塑造中起到了怎样的强化作用？', '8. 幻影的坚韧和独立性格是如何在面对困难和压力时得到展现的？这如何影响了他的决策过程？', '9. 作为反叛者，幻影的道德信念是如何形成并坚守的？这与他过去的经历有何关联？', '10. 幻影的存在如何挑战了我们对黑客和正义的常规认知？这引发的讨论对我们理解现代科技伦理有何启示？']
============================================================



============================================================
node
Node(ID: 2-4, Type: insight, Level: 2, Content: 高管们的慌乱和不安揭示了公司内部对于幻影所代表的量子技术创新存在深深的恐惧和不适应。这种反应暗示了一种权力失衡，即那些习惯于现有秩序、对新技术持怀疑态度的高管们，正在与幻影及其支持者——可能是那些寻求革新和真相的人——之间的力量较量。这不仅是个技术上的挑战，更是对公司文化、领导力和对未来发展方向的分歧的反映。幻影的出现促使了公司内部关于权力分配、信任危机和是否拥抱变革的深层次矛盾冲突，这可能会导致公司决策的迟缓和不稳定。)
questions
['2. 幻影的出现如何挑战了公司的现有秩序和权力结构？', '3. 追求革新的支持者们，他们的核心价值观是什么？他们如何看待公司的现状和未来？', '4. 这场权力失衡反映了高管们怎样的心态？他们是如何看待科技发展与传统管理方式的关系？', '5. 领导层的分歧对公司的日常运营有何直接影响？决策过程是否因此变得更为困难？', '6. 信任危机是如何在公司内部形成的？高管们的行为如何加剧了这一问题？', '7. 幻影的出现如何促使公司内部人员对自身角色和责任进行重新评估？', '8. 这场矛盾冲突是否预示着公司需要进行一场深刻的组织转型？如果是，转型的核心驱动力是什么？', '9. 面对幻影带来的变化，高管们是否有可能转变立场？如果转变，他们会如何调整自己的策略？', '10. 公司如何平衡对稳定性的追求与适应科技进步的必要性，以确保长期的成功？']
============================================================



============================================================
node
Node(ID: 2-5, Type: insight, Level: 2, Content: 幻影的出现和对量子技术的干扰，揭示了光明科技公司在面对创新者和颠覆者时的不安全感。他们对于新技术的不自信，可能是由于公司内部在新旧技术交替过程中，既有的利益结构和权力关系尚未得到妥善调整，导致对未知领域的恐惧和抵触。这反映出公司文化可能存在过度依赖既有成功模式、对变革的抗拒，以及对风险的过度谨慎。高管们的慌乱和无力应对，也显示出公司在适应快速变化的技术环境时，缺乏灵活的战略响应和适应能力。这种不自信和不稳定局面预示着公司内部可能存在权力斗争，那些对现状不满或者担心失去既得利益的人可能在暗中抵制新技术的发展，这将对公司长期的竞争力构成威胁。)
questions
['2. 公司为何会对量子技术的出现如此敏感？这是否与其过去的成功模式有关？', '3. 光明科技公司在新旧技术交替中的利益结构调整困难，体现了公司文化中的哪些固有特性？', '4. 你认为公司内部的权力斗争是如何影响他们接纳新技术的态度和决策的？', '5. 对于高管而言，他们对变革的抵触和对风险的谨慎是出于对个人地位的维护，还是对公司的长远考虑？', '6. 公司如何平衡对现有成功的依赖和对新技术探索的需要，以应对快速变化的市场环境？', '7. 如果光明科技公司想要提升其在技术竞争中的稳定性，他们需要进行哪些内部改革或文化转型？', '8. 幻影的出现是如何暴露公司管理层在战略规划上的弱点，以及他们如何应对这种挑战？', '9. 这个事件可能促使公司内部哪些隐藏的矛盾浮出水面，这对公司未来的发展意味着什么？', '10. 如何通过提升员工的创新能力和风险接受度，来改变光明科技公司在面对新技术时的不自信状态？']
============================================================



============================================================
node
Node(ID: 2-6, Type: insight, Level: 2, Content: 幻影的每一次革命行动，通过他娴熟的科技操作和对光明神秘科技公司深层秘密的揭露，对公司内部产生了显著的影响。他的存在促使高管们对现有的量子技术产生了不安全感，他们既担心失去控制，又缺乏应对新型威胁的信心。这导致公司内部对于新技术的态度从最初的自信转变为焦虑和分歧，权力结构也因此而动荡，支持变革与维护现状的派系之间的矛盾日益突出。幻影的行为不仅挑战了公司的技术权威，还揭示了公司内部对于创新和改变的深层抵触，这在一定程度上阻碍了新技术的顺利采纳和应用。)
questions
['2. 幻影对公司的深层影响是否源于他对量子技术的深入理解，还是有更深层次的个人动机？', '3. 公司高管们的不安全感和缺乏信心，反映了他们对科技进步的何种担忧？', '4. 幻影的行为如何改变了公司内部对待新技术的态度，这种转变是如何发生的？', '5. 公司内部的权力结构是如何因为幻影的行动而发生变化的？这反映出公司文化中的哪些固有矛盾？', '6. 在面对幻影的挑战时，公司内部支持变革和维护现状的两派有何不同的策略和立场？', '7. 幻影揭示的公司对创新的抵触，是基于历史经验、恐惧未知，还是对现有利益的保守考虑？', '8. 这种抵触对新技术的采纳和应用有何长期影响？公司是否有能力适应并克服这一挑战？', '9. 幻影的行动是否预示着科技革命下企业内部将面临的更大冲突？如果是，这些冲突可能带来怎样的社会和行业影响？', '10. 如何评价幻影的角色，他是推动进步的催化剂，还是破坏稳定的威胁？为什么？']
============================================================



============================================================
node
Node(ID: 2-7, Type: insight, Level: 2, Content: 在破晓与光明神秘科技公司高管们的权力斗争中，那些对新技术持怀疑态度的角色可能采取了以下策略来削弱新技术的推行：首先，他们可能会试图通过质疑技术的安全性和稳定性，引发公众的恐慌，从而影响公司的声誉。其次，他们可能在内部制造分歧，通过不公开讨论或悄悄反对，削弱决策层对新技术的信心。此外，他们可能利用自身的影响力，试图拉拢其他关键人物，形成反对派联盟，以分散支持力量。

这体现了现实社会中的权力博弈，即在面临变革时，不同的利益集团会通过各种手段来维护自己的既得利益，试图影响决策过程。在这个案例中，幻影代表的革新力量与高管们的保守力量之间的冲突，反映了科技发展与传统利益之间的冲突，以及对于未知的恐惧和对稳定的追求。通过这样的斗争，我们可以看到权力分配、价值观冲突以及对未来的预期如何影响组织的决策和动态。)
questions
['2. 高管们质疑技术安全性和稳定性的策略背后，反映了他们怎样的价值观和对科技发展的担忧？', '3. 在内部制造分歧时，这些高管是如何平衡公开反对与保持团队和谐的？他们如何处理可能的内部矛盾？', '4. 拉拢其他关键人物的策略表明高管们如何看待人际关系在决策中的作用？这反映了什么样的组织文化？', '5. 对抗革新力量时，高管们如何处理个人利益与公司整体利益之间的冲突？这是否符合他们的职业道德？', '6. 对于未知的恐惧和对稳定的追求，如何塑造了高管们的决策模式？这在科技行业有何普遍性？', '7. 这场斗争如何揭示了科技发展对社会结构和权力关系的影响？未来类似的冲突可能如何演变？', '8. 在这种情况下，幻影代表的革新力量如何应对保守势力的挑战？他们的策略有哪些创新之处？', '9. 这个冲突如何反映出社会对快速变化和技术进步的普遍态度？这种态度如何影响政策制定和社会接受度？', '10. 从长远来看，这场斗争对公司的未来发展有何潜在影响？它能否促使公司调整其战略或管理方式？']
============================================================



============================================================
node
Node(ID: 2-8, Type: insight, Level: 2, Content: 幻影的行动通过构筑坚不可摧的防火墙和揭示光明科技公司的深层秘密，不仅挑战了公司的技术基础，还触及了权力结构的平衡。他的存在促使高管们对量子技术的信心动摇，揭示了公司内部对于变革的分歧和对未知的恐惧。这预示着，随着技术进步，新的力量可能会打破原有的权力格局，使得那些固守传统或对变革持怀疑态度的人面临挑战。这个洞察告诉我们，技术革新不仅仅是技术层面的进步，它也可能引发组织内部的权力重组和社会价值观的反思，提醒我们在推动科技进步的同时，也要注意管理变革带来的社会影响和权力动态。)
questions
['2. 幻影的行为如何反映出他对科技进步与权力关系的理解？他是否认为技术革新会必然导致权力的转移？', '3. 公司高管们的信心动摇反映了他们对什么的依赖，以及这种依赖在面对技术颠覆时显得多么脆弱？', '4. 幻影的行动揭示了公司内部哪些深层次的矛盾或冲突？这些矛盾是如何影响决策制定的？', '5. 面对幻影的挑战，公司高层采取了哪些策略来应对技术革新带来的威胁？他们的反应是否符合他们的价值观？', '6. 这个事件如何促使公司员工重新评估他们对变革的态度，以及他们的工作方式可能需要做出哪些调整？', '7. 幻影的行动如何改变了公司内部对于未知和风险的态度？这对公司的创新文化有何影响？', '8. 这个故事警示我们，在推动科技进步时，如何平衡对现有权力结构的尊重和对新可能性的探索？', '9. 对于那些对变革持怀疑态度的高管，他们内心的恐惧和担忧具体是什么？这如何塑造他们的行为决策？', '10. 幻影的存在如何推动了社会对于科技进步可能带来的社会影响和伦理问题的公开讨论？']
============================================================



============================================================
node
Node(ID: 2-9, Type: insight, Level: 2, Content: 如果幻影的目标得以实现，将深刻地动摇现有的社会秩序和科技伦理平衡。他的行动不仅会揭示光明神秘科技公司的核心秘密，可能会引发一场科技领域的信任危机，使得人们对大数据、人工智能等先进技术的信任度下降。这可能导致监管机构重新评估数据隐私和网络安全的法律法规，推动行业的透明化和规范化。

同时，幻影对自由的追求和对不公的反抗也可能激发公众对个人权利的深思，促使社会对科技发展过程中可能出现的社会不平等进行反思。他的行动可能会促使企业更加重视员工权益和道德责任，避免技术滥用带来的负面影响。

在权力斗争方面，幻影的成功可能会加速公司内部的革新与保守力量之间的较量，促使那些抵制变革的人士采取行动来维护既得利益。这将促使公司领导者更加重视内部沟通和创新文化，以适应快速发展的科技环境。

总的来说，幻影的行动可能会催生一场关于科技伦理、个人隐私和权力分配的深刻社会讨论，推动社会对科技发展的边界和责任进行重新定义。)
questions
['2. 光明神秘科技公司的核心秘密被揭示后，他们如何应对这场信任危机，以及这将如何影响他们的商业模式和未来战略？', '3. 幻影的反抗行动如何反映他对现有社会不平等的看法？这可能引发公众对哪些具体问题的关注？', '4. 在科技发展与个人隐私之间，幻影认为应该如何找到一个平衡点？他的观点对个人数据保护有何启示？', '5. 社会对科技的信任危机可能导致怎样的政策变化？这将如何影响科技行业的未来发展？', '6. 幻影的行动如何挑战公司内部的权力结构？这是否会促使公司进行深刻的组织变革？', '7. 面对幻影的威胁，保守势力会采取何种策略来维护他们的利益？这会如何影响公司内部的决策过程？', '8. 幻影对自由的追求是如何驱动他的行动，他在追求自由的过程中面临了哪些道德困境？', '9. 这场社会讨论可能会如何重塑公众对科技进步的认知，使其更注重社会责任和伦理考量？', '10. 在这场可能的权力斗争中，幻影的角色起到了什么样的催化剂作用？他的故事能为其他反抗者提供什么样的教训或灵感？']