2024-03-12 07:51:32,376 - modelscope - INFO - PyTorch version 2.0.0 Found.
2024-03-12 07:51:32,377 - modelscope - INFO - Loading ast index from /home/chenyuhang/.cache/modelscope/ast_indexer
2024-03-12 07:51:32,403 - modelscope - INFO - Loading done! Current index file version is 1.12.0, with md5 22175834ffb96e1947769346e4a096aa and a total number of 964 components indexed
CUDA extension not installed.
CUDA extension not installed.
Loading checkpoint shards:   0%|          | 0/3 [00:00<?, ?it/s]Loading checkpoint shards:  33%|███▎      | 1/3 [00:01<00:02,  1.49s/it]Loading checkpoint shards:  67%|██████▋   | 2/3 [00:03<00:01,  1.52s/it]Loading checkpoint shards: 100%|██████████| 3/3 [00:03<00:00,  1.11s/it]Loading checkpoint shards: 100%|██████████| 3/3 [00:03<00:00,  1.22s/it]
Special tokens have been added in the vocabulary, make sure the associated word embeddings are fine-tuned or trained.
============================================================
node
Node(ID: root, Type: root, Level: 0, Content: Root Node)
questions
['2. 如何理解Root Node的价值观是如何形成的？他的世界观对他的决策有何影响？', '3. 在面对挑战或者困难时，Root Node通常会如何应对？这反映了他/她的什么性格特点？', '4. Root Node的过去经历中有哪些转折点，这些转折如何影响他/她在当前情境中的行为？', '5. 在Root Node眼中，什么是最重要的？这对他与其他角色的关系产生怎样的影响？', '6. 当Root Node面临选择时，他/她更倾向于遵循直觉还是理性？这反映了他/她的决策风格吗？', '7. Root Node的性格中是否存在矛盾冲突？这些冲突如何推动他/她的个人成长？', '8. 在特定的情境下，Root Node的道德观念会有何动摇或坚守？这如何体现他/她的道德立场？', '9. Root Node如何处理失败和挫折？这显示出他/她对自己的期望和自我评价是什么样的？', '10. 在与他人的互动中，Root Node通常会如何平衡自己的需求和他人的感受？这如何反映他/她的社交技巧和人际关系策略？', '11. Root Node的理想生活是什么样子？这是否与他/她的现实处境有所冲突？', '12. Root Node在过去的经历中有没有过重大的牺牲？这些牺牲如何塑造了他/她的坚韧或牺牲精神？', '13. 当Root Node面临未知或不确定的情况时，他/她的反应模式是什么？这揭示了他/她的适应能力和风险承受能力。', '14. Root Node的故事中，有哪些隐含的主题或象征意义？这些元素如何影响读者对角色的理解？', '15. 在角色发展的过程中，Root Node有没有经历过自我认知的转变？如果有的话，是什么促使了这种转变？']
============================================================



============================================================
node
Node(ID: 2-1, Type: insight, Level: 2, Content: 皇帝的保留态度实际上反映出他对权力的微妙平衡追求。他意识到这种未知力量可能带来的权力提升，同时也明白这可能带来的不确定性和潜在风险。他渴望掌握这种新知识，可能是为了巩固自己的统治地位，扩大帝国的影响力，但同时又保持着谨慎，以免引发内部动荡或外部威胁。对于这种力量的影响，他既期待其带来的革新和可能的军事优势，又警惕其可能带来的混乱和失控。他的策略是既要利用这种力量，又要在控制之中寻求发展，这显示了他的政治智慧和深思熟虑。)
questions
['2. 他对于未知力量的态度反映了他怎样的哲学观或者对历史的借鉴？ ', '3. 在掌握新知识的过程中，皇帝是如何权衡个人欲望（如巩固统治）和潜在风险的？', '4. 他的谨慎策略背后，是对哪些具体风险的担忧？这些担忧如何影响他的决策过程？', '5. 皇帝如何设想利用这种新力量来增强帝国的影响力？他有没有具体的计划或策略？', '6. 他在期待革新和军事优势的同时，为何会对混乱和失控保持警惕？这反映了他怎样的危机管理意识？', '7. 皇帝的“既要利用，又要控制”策略，体现了他怎样的领导风格和政治智慧？', '8. 这种对权力的敏感度如何塑造了他在面对内外挑战时的行为模式？', '9. 在历史的长河中，类似的情境下，其他领导者会采取怎样的不同策略？这对他有何启示？', '10. 皇帝的这种态度如何影响了他与臣子、人民的关系，以及整个帝国的社会动态？']
============================================================



============================================================
node
Node(ID: 2-2, Type: insight, Level: 2, Content: 村民们最初的恐惧和疑虑源于对未知力量的本能反应，他们担心这股力量可能会破坏村庄的平静，甚至带来灾难。他们内心的矛盾体现在对力量既害怕又好奇，既想保持现状又希望有所突破。随着辛弘分享他的故事，特别是强调力量是为了村庄和土地，村民们开始反思自己的恐惧，并将焦点转向如何利用这种力量来提升社区的整体利益。他们的好奇心被激发，不再仅仅是恐惧，而是转化为对集体责任和团结的追求，愿意共同面对可能的冒险。这种转变体现了村民们对社区的归属感和他们愿意为了共同目标承担责任的决心。)
questions
['2. 在辛弘分享他的故事之前，村民们是如何看待这种未知力量的？他们的恐惧是如何影响他们的日常决策和行为的？', '3. 辛弘的故事中，力量如何被描绘为保护村庄和土地的工具？这如何改变了村民们对力量的认知？', '4. 村民们的反思过程是如何进行的？他们是如何从害怕转变为寻求利用力量的？这个转变中的关键转折点是什么？', '5. 村民们的好奇心转变为对集体责任和团结的追求，这表明了他们内心什么样的价值观和社区意识？', '6. 这种对社区的归属感和责任感是如何在村民们的日常互动和决策中体现出来的？', '7. 如果没有辛弘的故事，村民们可能还会坚持多久的恐惧状态？他们的恐惧会如何阻碍村庄的发展？', '8. 村民们的转变对他们的个人成长和社区关系有何影响？这是否预示着他们未来可能面临的挑战和机遇？', '9. 这个故事告诉我们，面对未知的力量时，社区的团结和共识有多么重要？这对我们理解和处理现实生活中的类似情况有什么启示？', '10. 村民们的这次经历如何塑造了他们对力量、恐惧和好奇心的理解，以及他们对于改变和冒险的态度？']
============================================================



============================================================
node
Node(ID: 2-3, Type: insight, Level: 2, Content: 辛弘的力量觉醒对他个人价值观提出了严峻挑战，因为他必须在个人荣耀与社区责任之间做出抉择。他认识到，力量并非单纯为了个人的荣光，而是与村庄的生存和繁荣紧密相连。这迫使他从个人的成就转向集体的利益，他选择将力量用于提升农业生产，增强村庄防御，并可能参与到抵御外来威胁的行动中。

辛弘通过教育和引导村民接受这份力量，他平衡个人荣誉的方式是通过实际的行动，而非炫耀或滥用。他明白，真正的英雄是那些懂得如何用力量来服务他人，推动社区进步的人。因此，他以自己的行动树立了一个榜样，展示力量使用者应有的责任感和谦逊，这使得他的个人荣誉与社区责任得以和谐统一。在这个过程中，辛弘的成长和选择体现了深度的道德智慧，即力量不仅仅是能力的象征，更是责任和奉献的体现。)
questions
['2. 这个转变对辛弘的自我认知产生了怎样的影响？他如何看待力量的本质在他心中的变化？', '3. 辛弘如何通过教育村民理解和接受他的力量选择？这反映了他对社区教育的何种理念？', '4. 在提升农业生产并防御外来威胁的过程中，辛弘是如何定义和实践英雄主义的？', '5. 他的决定是否受到过村庄历史上的某些事件或者人物的影响？如果有，这些因素具体是什么？', '6. 辛弘的行动如何改变了村民对力量持有者的一般看法？他们对他的态度有何变化？', '7. 在面对可能的赞誉和质疑时，辛弘是如何保持内心的平静和坚定的？', '8. 辛弘的成长过程中的哪些经历塑造了他的道德智慧？这些智慧对他后来的行为决策有何重要影响？', '9. 如果辛弘没有意识到力量的真正含义，他会做出怎样的不同选择？这会带来怎样的后果？', '10. 辛弘的故事给我们关于权力和责任的哪些深刻教训？在现实生活中，我们可以从他的例子中学到什么？']
============================================================



============================================================
node
Node(ID: 2-4, Type: insight, Level: 2, Content: 辛弘通过公开讨论力量的本质，解释它并非个人的荣耀，而是为了村庄和土地的福祉。他分享了如何利用这种力量提升农业生产，增强防御，甚至抵御可能的威胁。他还亲身示范，通过实际操作展示力量的正确运用方法，让村民们看到力量带来的积极影响。

他的领导风格体现了智慧型领导，注重教育和启发，而非单纯的命令。他鼓励村民参与决策过程，让他们理解力量背后的意义，培养他们的责任感和社区意识。辛弘的领导不仅在于指导，更在于引导村民自我成长，共同承担责任，形成一种团结协作的精神。这种领导方式有助于建立信任，使村民愿意接受并善用这份力量，共同推动村庄的发展。)
questions
['2. 他如何通过力量提升农业生产的具体策略是什么？', '3. 辛弘是如何看待防御和抵御威胁的，他的力量观是如何融入到村庄安全战略中的？', '4. 他的领导风格如何体现智慧型领导？具体有哪些教育和启发的方法？', '5. 辛弘为何选择鼓励村民参与决策过程？这对他作为领导者的目标有何帮助？', '6. 他的目的是培养村民的责任感还是社区意识？两者在他领导理念中哪个更重要？', '7. 辛弘如何通过实际操作来教导村民正确使用力量？这对村民的理解和接受有何影响？', '8. 这种引导村民自我成长的方式对建立村庄的信任起到了什么作用？', '9. 在辛弘的领导下，村民们是如何从被动接受转变为主动承担责任的？', '10. 这种团结协作的精神如何促进了村庄的整体发展和进步？', '11. 辛弘的故事给我们关于领导力和集体力量的哪些启示？', '12. 如何评价辛弘在处理权力和责任平衡方面的智慧？']
============================================================



============================================================
node
Node(ID: 2-5, Type: insight, Level: 2, Content: 村民们从辛弘的故事中学到，力量并非孤立的个体荣耀，而是与社区的利益和安全紧密相连。他们了解到，面对未知的力量，恐惧和疑虑是可以理解的，但更重要的是要团结一致，共同承担责任，理智地探索和利用这种力量。这使得他们的社区观念发生了转变，从单纯的恐惧转变为对集体智慧和合作的信任，他们开始更加注重集体决策，而非个人的追求。

这种学习影响了他们的决策方式，村民们在面临困难或新机遇时，不再只是依赖个人的力量，而是倾向于集思广益，寻求共同解决方案。他们学会了如何在保护自身的同时，考虑到整个村庄的福祉，这体现了他们决策的长远性和社区导向。辛弘的故事促使他们形成了一种更加成熟、协作的社区精神，这将极大地促进他们在未来的挑战中团结一致，共同成长。)
questions
['2. 村民们在面对未知力量时，最初的恐惧和疑虑是如何影响他们的行为的？', '3. 团结一致和共同承担责任在辛弘的故事中起到了怎样的关键作用？', '4. 村民们是如何从个人追求转向重视集体决策的？这个过程中的转折点是什么？', '5. 他们如何在理智探索和利用力量的过程中，学会平衡自我保护与社区福祉的关系？', '6. 辛弘的故事如何塑造了村民们对未来挑战的态度和应对策略？', '7. 这种社区导向的决策方式反映了村民们哪些核心价值观的转变？', '8. 在辛弘的故事中，个人英雄主义与集体智慧哪个更被强调？为什么？', '9. 村民们在学习过程中，有没有遇到过困难？这些困难是如何帮助他们成长的？', '10. 这种新的社区精神对村民们的社会关系和互动方式产生了什么影响？', '11. 辛弘的角色在村民们观念转变中扮演了什么样的引导者角色？', '12. 如何通过辛弘的故事来理解和提升社区成员间的信任与合作？', '13. 村民们的长期视角和集体导向决策，对未来社区的发展有何深远意义？']
============================================================



============================================================
node
Node(ID: 2-6, Type: insight, Level: 2, Content: 辛弘的道德观深受村庄传统和对社区责任的深刻理解所影响。他认识到力量并非个人的私有物，而是与村庄的整体福祉息息相关。因此，他的道德选择是将力量视为一种工具，用于提升农业生产，增强防御，甚至抵御可能的威胁，而非单纯追求个人荣耀。这种理解使他在面对力量时表现出了成熟和责任感，他懂得力量越大，责任越大，必须谨慎且公正地使用。

这种道德观的形成对辛弘个人成长产生了深远影响。首先，它让他成长为一个有远见的领导者，他能预见力量带来的潜在风险，同时也能看到其积极的一面。其次，他的决策过程强调了集体利益，培养了他的团队协作精神和领导力。最后，他的行为展示了自我牺牲和奉献的精神，这使他在村民心中的形象更加高尚，也赢得了他们的尊重和信任。总的来说，辛弘的道德观促使他成为一个既具有力量，又能妥善管理并服务于社区的角色典范。)
questions
['2. 在辛弘眼中，力量被视为个人荣耀还是社区福祉的工具？这种看法如何影响他的行为决策？', '3. 辛弘如何通过理解和应用力量来平衡个人成长与社区的需求？', '4. 他的道德观如何帮助他在面对可能的威胁时做出明智的决策？', '5. 辛弘的领导风格是如何体现他将力量用于集体利益的？', '6. 他的决策过程如何体现了远见和谨慎？这对他的领导能力有何影响？', '7. 自我牺牲和奉献的精神在辛弘的道德体系中占据何种位置？这对他的角色形象有何塑造作用？', '8. 辛弘的成长过程中，哪些具体事件或经历强化了他对力量和责任的理解？', '9. 如何通过辛弘的故事，探讨道德选择在个人成长和社会责任之间的互动关系？', '10. 辛弘的道德观如何影响他的日常行为，特别是在处理权力和义务冲突时？', '11. 这种道德观对于一个领导者来说，有哪些现实意义和启示？', '12. 辛弘的行为如何展示了他如何将理论原则转化为实际行动，以促进社区的和谐与进步？']
============================================================



============================================================
node
Node(ID: 2-7, Type: insight, Level: 2, Content: 辛弘在面对未知力量时，没有被恐惧和贪婪所驱使，而是选择了以社区的利益为重。他认识到力量不仅是个人的象征，更是守护村庄和土地的责任。他通过教育村民，让他们理解这种力量的意义，引导他们从恐惧转向理智的探索。他提升农业生产，增强防御，甚至准备对抗可能的威胁，这些都是他作为英雄的实际行动，展示了他对力量的明智使用和对社区团结的维护。

这个洞察揭示了英雄定义的深化，即英雄不仅仅是拥有超凡力量的人，更是能够在关键时刻站出来，理智地引导他人，共同面对挑战，且始终把公众利益放在首位的人。辛弘的故事提醒我们，真正的英雄特质在于他们如何运用自己的能力，而非单纯的力量本身，这对于我们理解英雄的内涵提供了深刻启示。)
questions
['2. 在教育村民理解力量的意义时，辛弘是如何传达他的价值观和信念的？这反映了他怎样的教育理念？', '3. 辛弘提升农业生产并增强防御的具体措施是什么？这些行动体现了他对于力量使用的哪些策略？', '4. 在对抗可能的威胁时，辛弘如何平衡个人的勇气和团队合作？这显示了他的领导风格是怎样的？', '5. 辛弘的故事中，英雄主义的核心是什么？这与传统对英雄的定义有何不同？', '6. 在面对困难和压力时，辛弘如何保持理智并作出明智的决策？他的决策过程受到哪些内在驱动力的影响？', '7. 辛弘的故事如何挑战了人们对力量的刻板印象？它传递了什么样的社会信息？', '8. 如果辛弘面临更复杂的冲突，他的英雄行为会如何演变？这将如何考验他的道德和领导力？', '9. 辛弘的故事对现代社会中关于英雄和个人责任的讨论有什么启示？', '10. 如何评价辛弘在处理权力和责任之间的关系时所展现的成熟度？这对我们在现实生活中如何行使权力有何借鉴意义？']
============================================================



============================================================
node
Node(ID: 2-8, Type: insight, Level: 2, Content: 在辛弘的力量显现后，村庄的平静确实受到了冲击。村民们最初出于对未知的恐惧和疑虑，然而辛弘的故事和他关于力量是为了村庄和土地而非个人荣耀的阐述，促使他们开始反思。村民们围坐在火堆旁的严肃期待，象征着他们内心的矛盾和转变。他们逐渐认识到，力量并非单纯的威胁，而是可以用来保护和提升社区的工具。

辛弘的领导力和责任感起到了关键作用，他通过教育和引导，帮助村民们理解力量的本质，让他们明白集体的利益和团结的重要性。他们的好奇心被激发，但同时伴随着对责任的认识，这使得他们能够在恐惧和好奇之间找到一种平衡，即谨慎探索的同时，勇敢地承担可能的风险。

最终，村民们选择了以集体的力量来面对挑战，这显示了他们的团结精神和对社区未来的信心。这种平衡点的找到，体现了他们在辛弘的影响下，学会了如何在个人的欲望与社区的福祉之间做出明智的选择，共同迎接未知的未来。)
questions
['', '2. 村民们的恐惧和疑虑源自何处？这些情绪如何影响他们的决策过程？', '', '3. 火堆旁的严肃期待象征着村民们怎样的心理状态？这反映了他们对力量的何种态度转变？', '', '4. 辛弘的领导力体现在哪些具体行动或决策上？他的角色是如何塑造村民对力量的理解的？', '', '5. 村民们在好奇心和责任之间找到的平衡点是如何形成的？这过程中，他们经历了哪些关键的转折点？', '', '6. 他们的选择反映出村民社区的价值观发生了怎样的变化？这种变化对他们的日常生活和社会结构有何影响？', '', '7. 辛弘的故事和教导如何帮助村民们超越了个人的利益，走向集体主义？这在他们的日常互动和决策中是如何体现的？', '', '8. 村民们面临的挑战是什么？他们如何通过集体力量来应对这些挑战，展示出的团结精神是如何形成的？', '', '9. 这个过程中的困难和挫折对村民们产生了怎样的影响？他们是如何在困境中保持信念和决心的？', '', '10. 通过这个转变，村民们对未来的看法是否有所改变？他们如何将这次经历应用到他们的生活和社区发展中？']
============================================================



============================================================
node
Node(ID: 2-9, Type: insight, Level: 2, Content: 辛弘的故事通过他如何处理突如其来的力量，强调了智慧、公正和社区和谐发展的核心价值。他没有单纯追求个人的荣耀，而是将力量视为一种责任，用于提升村庄的生活水平和防御能力，同时引导村民共同理解和接纳这种力量。这显示了在面对强大的力量时，个体的决策不仅影响自身，更关乎社区的整体利益和稳定。

对现代社会而言，辛弘的故事提醒我们，无论在科技发展还是社会变革中，人们必须明智地运用资源，避免滥用导致负面影响。领导者应具备公正的判断力，平衡个人与集体的利益，促进社会公平。同时，社区的参与和共识对于应对不确定性至关重要，人们应团结一致，共同应对挑战。

在现实生活中，这可能意味着企业在技术创新时要考虑社会影响，政府在制定政策时需兼顾各方权益，而个人在获得新能力或资源时，也需要有责任感和道德约束。总的来说，辛弘的故事为我们提供了一个关于如何负责任地处理力量，以促进社会进步和和谐发展的生动案例。)
questions
['2. 当辛弘意识到他拥有的力量不仅仅是个人荣耀的象征时，他是如何调整自己的心态和行为的？', '3. 辛弘如何通过智慧来管理他的力量，确保它既增强了村庄的实力，又保持了社区的和谐？', '4. 在面对村民的质疑和恐惧时，辛弘是如何赢得他们的信任和支持的？', '5. 他的故事如何反映了公正在领导力中的重要性？领导者应该如何在个人欲望和公众利益之间找到平衡？', '6. 社区参与在辛弘的故事中扮演了怎样的角色？这对现代社会的社区建设有何启示？', '7. 你认为在科技快速发展的今天，企业如何能像辛弘一样，负责任地运用新技术？', '8. 政府在制定政策时，可以从辛弘的故事中学到哪些关于公正和平衡的教训？', '9. 在个人获取新能力或资源时，如何像辛弘那样培养责任感和道德约束？', '10. 辛弘的故事给我们如何处理未来可能出现的未知力量或变革提供了怎样的策略？', '11. 他的故事如何鼓励我们在面对不确定性和挑战时，坚持团结和共识的重要性？', '12. 怎样将辛弘的故事中的核心价值观应用到日常生活中，以促进个人和社会的进步？']
============================================================



============================================================
node
Node(ID: 2-1, Type: insight, Level: 2, Content: 那个阳光灿烂的午后，神秘力量的觉醒对村民们来说象征着机遇和挑战并存。它唤醒了他们内心的好奇和探索欲望，让他们意识到自己的社区并非局限于既定的传统，而是有着超越表面的潜能。这不仅改变了他们对未知的态度，由最初的恐惧转变为谨慎的探索，还激发了他们面对未知世界的勇气和决心。辛弘的故事使他们明白，这种力量不仅是神秘的，也是可以被理解和利用的，从而消除了纯粹的恐惧，代之以积极的期待和责任感。这不仅增强了村民们的团结，也提升了他们作为一个整体应对未来不确定性的能力。)
questions
['2. 村民们在面对神秘力量觉醒时，他们的传统观念受到了哪些冲击？', '3. 这种力量如何改变了村民们对未知的认知，从恐惧到谨慎探索的过程是怎样的？', '4. 辛弘的角色在故事中起到了什么样的催化剂作用？他的故事如何影响了村民们对待神秘力量的态度？', '5. 神秘力量如何被村民们理解和利用的？这个过程中的困难和挑战是什么？', '6. 村民们的心态转变如何促进了他们的团结？团结对于他们应对未知世界的重要性体现在何处？', '7. 这种集体心态的转变如何提升了村民们的适应性和应变能力？具体有哪些实例？', '8. 在这个过程中，有没有出现过村民们犹豫不决或者质疑的时候？如果有，他们是如何克服的？', '9. 这次经历对村民们的生活方式和价值观产生了怎样的深远影响？', '10. 如何评价村民们从恐惧到接受再到积极面对的变化？这对他们的未来发展有何意义？']
============================================================



============================================================
node
Node(ID: 2-2, Type: insight, Level: 2, Content: 火光和月光在辛弘的故事中象征着神秘、神圣和指引。它们不仅提供了环境的视觉描绘，还代表了知识、智慧和未来的可能性。火光摇曳，如同村民们内心的热情与探索欲望，照亮了他们对未知力量的理解之路；月光则象征着冷静的思考和历史的传承，使故事具有深沉的历史感。这两种自然元素的交织，增强了故事的情感深度，使得村民们在娱乐中不仅体验惊奇，还受到启发进行深入的反思和教育，认识到集体的力量和责任，为村庄的未来发展奠定了情感基础和共识。同时，它们也预示着村庄在面对未知时，需要理性与直觉并存，以智慧引导前行。)
questions
['2. 在故事中，火光和月光分别代表了村民们对知识的渴望和历史的尊重，这如何影响他们的学习方式和决策过程？', '3. 火光和月光的交替出现如何塑造了村民们看待未来的态度和期望？', '4. 这两种自然元素如何通过视觉描绘推动了故事的情节发展，特别是在揭示角色冲突或转折点时？', '5. 村民们在面对未知力量时，火光和月光各自扮演了怎样的角色，它们如何帮助村民们调整心态和行动？', '6. 故事中的火光和月光如何体现集体力量和责任的概念，具体体现在哪些场景或对话中？', '7. 在村民们受到启发进行反思的过程中，火光和月光起到了怎样的催化作用，引发了什么样的深层次讨论？', '8. 作者如何通过火光和月光来传达关于理性与直觉平衡的重要性，这对村民们的生活和决策有何实际影响？', '9. 这两种自然元素在故事结局中是否有所变化，如果变化，它反映了什么深层次的主题或寓意？', '10. 你认为火光和月光在辛弘的故事中还有其他未被充分揭示的象征意义或隐喻吗？如果有，是什么？']
============================================================



============================================================
node
Node(ID: 2-3, Type: insight, Level: 2, Content: 皇室使者的审视和敬畏眼神中透露出复杂的情绪，既有对辛弘故事中的神秘力量的敬畏，也有对未知可能带来的潜在威胁的谨慎。他的审视可能表明他在评估这个事件的影响力及其对皇室权威和利益的影响，而敬畏则显示出他对辛弘所揭示的潜在力量的尊重。他的反应暗示皇室可能对辛弘事件持既感兴趣又警惕的态度，他们可能会介入以控制或利用这种力量，同时也会密切关注辛弘和他的村庄的发展，以防可能出现的不稳定因素。使者的角色在此刻不仅是信息的传递者，也是权力平衡和策略考量的重要一环。)
questions
['2. 皇室使者为何表现出敬畏？这种敬畏的情感如何与他对潜在威胁的谨慎态度相平衡？', '3. 皇室使者在评估辛弘故事时，他的主要关注点是什么？这反映了皇室对于何种类型的威胁最为敏感？', '4. 在面对辛弘揭示的力量时，皇室的潜在策略是什么？他们如何打算在保护自身利益的同时，避免可能的风险？', '5. 皇室使者作为信息传递者的角色，他在传达辛弘故事时，是如何权衡公开和保密的界限的？', '6. 皇室对辛弘和他村庄的关注点是什么？他们希望通过介入来达到什么样的目的？', '7. 辛弘的故事如何挑战了皇室的传统观念或权力结构？皇室对此有何反应？', '8. 皇室使者在这一事件中的角色转变，是否预示着皇室对待类似神秘力量的态度正在发生改变？', '9. 这种敬畏和警惕之间的矛盾，如何体现皇室在面对未知时的复杂心理？', '10. 如何通过皇室使者的行动和反应，描绘出一个权力动态的微妙画面？']
============================================================



============================================================
node
Node(ID: 2-4, Type: insight, Level: 2, Content: 辛弘的故事通过引发村民们的共情和好奇心，成功地将他们带入了一个共享的神秘体验。这个过程不仅提升了村民间的互动和联系，让他们在面对未知力量时感到团结，还促使他们进行深度的思考和讨论。这种集体反思和讨论的结果是形成了共识和行动力，村民们在共享的价值观和目标指引下，增强了决策的一致性，为村庄的未来发展奠定了团结和合作的基础。

具体来说，这种团结体现在村民们愿意共同探讨如何运用这种力量来提升村庄的生活条件、保护环境，甚至可能抵御潜在的威胁。共识的形成则意味着他们能有条不紊地规划和执行行动计划，减少了内部冲突，提高了效率。这种力量的整合和应用，无疑将增强村庄的竞争力和韧性，使其在面对未来的挑战时更加坚定和有力。)
questions
['2. 在这个过程中，村民们的心理变化如何影响了他们对未知力量的态度？这反映了他们怎样的心态转变？', '3. 辛弘的故事如何促进了村民之间的沟通和信任？这对他们日常生活的社区关系有何长远影响？', '4. 这种深度的思考和讨论中，村民们是如何发现和定义他们的共享价值观的？这些价值观如何塑造了他们的决策框架？', '5. 村民们在形成共识后，具体采取了哪些行动来提升生活条件和保护环境？这些行动背后的驱动因素是什么？', '6. 在执行行动计划时，他们如何协调分歧，减少内部冲突？这体现了团队管理的哪些策略？', '7. 这种力量整合和应用对村庄竞争力的提升有多大的帮助？村民们如何将这种力量转化为实际的成果？', '8. 面对未来的挑战，辛弘的故事如何赋予村民们应对的信心和决心？他们如何将这次经历转化为长期的战略资源？', '9. 如何评估辛弘的角色在这个过程中起到了什么样的催化剂或者领导作用？他的影响力是如何产生的？', '10. 这个故事对于理解和构建社区凝聚力和社会学习有何启示？我们可以从中学到哪些关于面对困难和挑战的智慧？']
============================================================



============================================================
node
Node(ID: 2-5, Type: insight, Level: 2, Content: 皇室使者的角色在辛弘的故事中可能经历从被动旁观到积极参与的变化。开始时，他以审视和敬畏的态度倾听，象征着皇室对辛弘事件的潜在干预和控制欲。然而，随着故事的深入和村民们的集体反应，他可能会逐渐被辛弘的故事所触动，认识到村民们的力量和潜力，从而转变为支持者或合作伙伴，帮助村庄妥善处理新发现的力量，同时维护皇室的利益。

他的参与可能会带来多方面的变化：首先，他可以作为桥梁，促进皇室与村庄之间的沟通和理解，减轻可能的冲突。其次，他可能会推动皇室资源和技术的支持，帮助村庄发展并保护这块神秘力量。最后，他的决策也可能影响村庄内部的权力分配，促使村民们更加团结，共同面对未来的挑战。

总的来说，皇室使者在故事中的角色转变不仅反映了他对村庄力量的认识深化，也预示着皇权与民间力量平衡的可能性，这将对整个故事的剧情发展产生深远影响。)
questions
['2. 随着故事的发展，皇室使者是如何逐步被村民们的情感和行动所打动的？这体现了什么样的人性或同情心？', '3. 村民们的集体反应如何影响了皇室使者对辛弘力量的看法？这是否暗示了皇权与人民意愿的碰撞？', '4. 在皇室使者角色转变的过程中，他面临的最大挑战是什么？这对他个人的成长和价值观有何影响？', '5. 皇室使者如何通过自己的角色转变成为村庄和皇室之间的纽带？这种角色转换如何改变了他对权力关系的理解？', '6. 皇室使者在推动皇室资源和技术支持村庄发展时，面临了哪些内部和外部的阻力？他如何克服这些困难？', '7. 皇室使者的角色转变如何影响了村庄的社会结构和权力分配？这是否预示着皇权与民间力量的新型合作模式？', '8. 皇室使者在处理辛弘力量的过程中，如何平衡维护皇室利益与满足村民需求？这反映了何种决策原则或道德考量？', '9. 故事中皇室使者角色的转变对于整个皇室政策或对民间力量态度的改变有什么长远影响？', '10. 这个角色的转变如何揭示了皇权与民间力量在特定情境下可能的和谐共存或冲突对抗？这对现实社会有什么启示？']
============================================================



============================================================
node
Node(ID: 2-6, Type: insight, Level: 2, Content: 辛弘通过石头故事传达的核心信息是，每个人内心都潜藏着未被发掘的力量，这种力量不仅关乎个人的成长，也关乎社区的团结和发展。他激励村民们看到自己的潜力，并意识到集体的力量和责任。这个故事对村民的个人成长启示他们要勇于探索自我，挖掘内在的能力；对社区建设而言，它强化了村民们之间的联系，促进了共识形成，教导他们如何将个人的力量转化为推动村庄进步的动力。同时，皇室使者的存在也提醒他们，这种力量可能会引发外部的关注和影响，因此在利用这种力量时需要智慧和策略。)
questions
['2. 在这个故事中，皇室使者的角色起到了怎样的催化作用？他们的关注对村民有何影响？', '3. 辛弘讲述的故事如何改变了村民看待个人能力和集体力量的视角？', '4. 这个故事如何帮助村民们建立责任感，并促进他们之间的团结协作？', '5. 辛弘通过何种方式让村民们理解，发掘个人潜力并不仅仅是个人成长，还与社区的发展息息相关？', '6. 故事中的“石头”象征着什么？它如何作为工具来传递辛弘的核心信息？', '7. 村民们在面对外部关注时，是如何在故事的启发下平衡个人力量的展现与社区策略的运用的？', '8. 这个故事如何挑战村民们的固有思维，鼓励他们突破舒适区去探索未知？', '9. 辛弘的故事是否也反映了他对社区未来发展的某种预设或者愿景？如果是，那是什么？', '10. 从心理学角度看，辛弘的故事如何触动了村民们的自我认知，促使他们进行深层次的自我反思？', '11. 在社区建设的过程中，这个故事如何塑造了村民们的价值观和行为准则？', '12. 如何通过类似的故事来培养和提升一个群体的凝聚力和集体行动力？']
============================================================



============================================================
node
Node(ID: 2-7, Type: insight, Level: 2, Content: 辛弘在面对皇室介入时，他的故事和教导成为了村民们平衡权力、责任和自我实现的关键工具。他通过讲述神秘力量的故事，不仅唤醒了村民们的潜力，也让他们明白集体的力量和责任。他们意识到，接受皇室的关注并非单纯的服从，而是要智慧地运用这种外部力量，推动村庄的发展和保护自身的文化。同时，他们通过集体讨论和共识，确保决策过程透明且尊重每个人的观点，这样既能维护村庄的自主权，又能满足皇室对稳定和进步的期待。在这个过程中，辛弘的角色既是领导者，也是催化剂，他鼓励村民们在权力的行使中找到个人价值的实现，从而实现权力、责任与自我实现的和谐共存。)
questions
['2. 在辛弘的故事中，村民们如何理解和解读“集体的力量”？这在他们的决策过程中起到了什么样的作用？', '3. 辛弘如何平衡个人领导力和群体参与，以确保皇室关注下的村庄决策公正且有效？', '4. 村民们在面对皇室干涉时，他们的恐惧和不安是如何被辛弘的故事所缓解的？这个过程反映了怎样的心理转变？', '5. 辛弘的故事如何帮助村民们认识到自我实现与权力运用之间的关系？这对他们的日常生活和社区建设有何影响？', '6. 在维护村庄自主权的同时，村民们如何通过集体讨论确保皇室期望的稳定和进步？这体现了什么策略或者原则？', '7. 辛弘的角色在权力结构中起到了何种中介作用？他的存在如何促进了村庄社会的和谐发展？', '8. 在这个过程中，辛弘是否面临过挑战或者矛盾？如果有，他是如何解决的，这对他个人的成长和角色塑造有何影响？', '9. 村民们从辛弘那里学到的最重要的一课是什么？这如何影响了他们的日常生活和未来决策？', '10. 辛弘的故事对现代社区管理和权力分配有何启示？在面对外来干预时，我们应该如何借鉴他的智慧？']
============================================================



============================================================
node
Node(ID: 2-8, Type: insight, Level: 2, Content: 皇室使者的角色在故事中象征着现实世界的权威和秩序与神秘力量的潜在威胁与可能性之间的微妙平衡。他的审视和敬畏显示了他对未知力量既恐惧又好奇的态度，这反映出现实世界对超越常规现象的接纳程度，同时也揭示了权力机构对可能影响社会稳定的力量的警惕和管理需求。他的存在不仅是故事中的一股外部力量，也是连接神秘力量与现实规则的桥梁，预示着这两者可能的冲突（如皇室可能试图控制或利用这种力量）或融合（通过合理引导，使其为公共利益服务）。这个角色的存在促使村民们思考如何在尊重传统与探索新知之间找到和谐，展示了现实与神秘力量并非对立，而是可以相互影响和共存。)
questions
['2. 皇室使者在故事中的角色转变是如何展现权力机构对未知力量的态度变化的？', '3. 他的审视和敬畏是否反映出社会对于超自然现象的普遍接受度，还是个别皇室成员的观点？这如何反映了社会的多元价值观？', '4. 皇室使者作为桥梁的角色，他如何在神秘力量与现实规则之间建立联系？这种联系如何推动剧情发展？', '5. 皇室企图控制或利用神秘力量的动机是什么？这与他们对秩序的维护有何关系？', '6. 村民们如何通过皇室使者的行为，开始思考尊重传统与追求新知之间的平衡点？', '7. 故事中有没有具体的场景或事件揭示了皇室使者试图引导神秘力量服务于公共利益的努力？这些尝试的效果如何？', '8. 皇室使者对神秘力量的恐惧和好奇心如何影响他的个人成长和世界观的形成？', '9. 在皇室使者与神秘力量的互动中，有哪些冲突或妥协的地方，这些揭示了什么关于权力、控制和自由的主题？', '10. 皇室使者的故事线如何反映现实世界中科学与神秘主义、理性与直觉之间的辩证关系？']
============================================================



============================================================
node
Node(ID: 2-9, Type: insight, Level: 2, Content: 辛弘通过讲述石头的故事，巧妙地运用了比喻和隐喻，将那块神秘石头象征每个人的内在潜力。他把阳光灿烂的午后和石头的觉醒描绘成个体觉醒力量的过程，让村民们感受到，就像石头被发现后带来的惊奇和好奇一样，他们也能发现自己内心深处的能力。他创造的神秘而庄重的氛围，促使村民们反思自己的角色和责任，意识到这种力量不仅可以满足好奇心，更可以驱动他们为村庄的发展和保护付出努力。

辛弘通过故事传递的信息是，每个人都是潜在的力量源泉，只要愿意挖掘和利用，就能为社区带来积极的变化。他鼓励村民们打破常规思维，相信自己有能力影响和塑造村庄的未来。这种认识转化为行动，表现为村民们在讨论中形成共识，团结一致，以实际行动去探索和实现这种力量，从而增强社区的凝聚力和向前发展的动力。)
questions
['2. 在阳光灿烂的午后，石头的觉醒象征着个体怎样的转变？这个过程是如何被辛弘描绘的？', '3. 村民们在听完故事后的反应如何？这反映了他们对自我潜能的认识有何变化？', '4. 辛弘创造的神秘氛围如何影响了村民们对自己角色和责任的看法？', '5. 他提到的“打破常规思维”意味着村民们需要克服哪些心理障碍或社会压力？', '6. 这种对个人力量的认知如何转化为村民们的实际行为，例如他们在社区发展中的具体行动？', '7. 故事中的石头力量如何挑战了村民们既有的价值观或者信念体系？', '8. 辛弘的故事如何激发了村民们对于社区未来的集体愿景和目标设定？', '9. 这个故事如何促进了村民们之间的沟通和合作，增强了社区的凝聚力？', '10. 如何评估辛弘的这个故事策略在提升社区士气和推动社区发展方面的效果？']
============================================================



============================================================
node
Node(ID: 2-1, Type: insight, Level: 2, Content: 村民们在面对新力量时的道德和责任抉择，源于他们对自身传统价值观的深刻理解和对未来的忧虑。他们珍视社区的和谐与稳定，这是他们的土地和生活方式的基础，因此，他们必须谨慎地评估如何利用这种力量，以确保不破坏这一核心价值。这种抉择反映出他们对集体利益的优先考虑，以及对维持平衡的执着追求。

新力量的到来挑战了他们对自然力量的传统认知，可能会打破他们原有的秩序和平衡。然而，他们也看到了潜在的进步和发展的机会，这与他们追求更好生活的愿望并不冲突。他们试图在保护传统、尊重自然与探索未知、推动变革之间寻找一个折中的道路。

冲突主要体现在如何处理未知力量的控制权和使用方式上，他们可能担心滥用力量会带来灾难，而过度保守又可能错失发展良机。这种冲突促使他们反思和调整自己的价值观，也许会倾向于更加包容和开放，接纳新技术和知识，同时坚守对公正和责任的坚守。

总的来说，村民们在面对新力量时的道德和责任抉择，是他们传统价值观与现代观念碰撞的结果，这促使他们成长为更加成熟、有责任感的社区成员，为村庄的未来发展奠定了基础。)
questions
['2. 当新力量到来时，村民们是如何看待这种变化与他们原有生活秩序的关系的？这引发了他们哪些深层次的担忧？', '3. 村民们在决定如何利用新力量时，是如何权衡集体利益和个人欲望的？这反映了他们的何种社会观和集体主义精神？', '4. 他们在面对未知力量的控制权时，内心矛盾和挣扎的具体表现是什么？这体现了他们对风险和安全的哪种态度？', '5. 村民们如何在探索未知与保持平衡之间找到平衡点？这个过程反映了他们对传统与现代关系的何种理解？', '6. 新力量带来的可能性和挑战，促使村民们如何重新定义他们的道德责任？这是否意味着他们的价值观会有实质性的改变？', '7. 在冲突中，村民们是如何通过对话和协商来解决分歧的？这显示了他们社区内部的沟通机制和决策风格是怎样的？', '8. 村民们的行为转变对他们个人成长以及社区未来发展有何深远影响？这体现了什么样的社会发展趋势？', '9. 如何理解村民们在面对新力量时的犹豫和谨慎，这在更大背景下，对于其他面临类似挑战的社区有何启示？', '10. 村民们的故事提醒我们，面对变革时应如何兼顾传统与创新，以实现可持续发展？']
============================================================



============================================================
node
Node(ID: 2-2, Type: insight, Level: 2, Content: 村民们在保护和探索之间的犹豫，反映了他们对社区安全与发展的深刻平衡追求。他们意识到，保护意味着维持现状，保证村庄的传统和稳定，但这可能导致错过技术和进步带来的机遇。而探索则意味着面对不确定性，可能引入风险，但也可能带来革新和提升。这种犹豫实际上是一种成熟的社会心理，表明他们重视集体福祉，尊重传统，同时又愿意接纳变革以适应现代社会的需求。通过辛弘的故事，村民们学会了集体智慧和责任的重要性，他们寻求在保护村庄文化的同时，通过适度的探索和创新，实现可持续的经济发展和社区进步。这种平衡追求体现了他们的明智和前瞻，预示着他们会成为一个既能坚守传统又能与时俱进的社区。)
questions
['2. 村民们的集体智慧体现在哪些具体决策或行动上？', '3. 辛弘的故事对村民们的思想转变有何影响？他如何成为推动平衡的关键人物？', '4. 这种保护与探索的矛盾，反映了村民们对社区历史的何种情感认同？', '5. 面对不确定性和风险，村民们是如何建立他们的决策框架和风险评估机制的？', '6. 他们在寻找平衡的过程中，是如何处理个人利益与集体利益之间的冲突的？', '7. 保护传统和探索创新如何在村民们的社会心理结构中形成一个动态的平衡？', '8. 村民们的决定对社区的未来发展有何深远影响？他们如何定义"适度的探索"？', '9. 他们的平衡追求是否受到外部因素，如政策变化或市场压力的影响？如何应对这些影响？', '10. 这个社区的发展模式对于其他面临类似挑战的乡村地区有什么启示？']
============================================================



============================================================
node
Node(ID: 2-3, Type: insight, Level: 2, Content: 辛弘的故事通过他自身从一个普通的农夫成长为掌握神秘力量的关键人物，向村民们揭示了个人潜力的强大和集体责任的重要性。村民们以前可能只关注个人的发展，但辛弘的经历促使他们认识到，每一个人都有潜在的能量，这能量不仅可以提升个人能力，还可以为整个社区带来变革。他们开始明白，个人的成功不应孤立，而是与村庄的福祉紧密相连，每个人都肩负着保护村庄、利用新力量推动发展的责任。

故事教导他们，面对未知的力量，不能仅仅追求个人荣耀，而应以集体的长远利益为出发点。这促使他们重新评估自己的角色，不仅要守护传统，还要勇于接受新事物，学习和适应变化。在这样的转变中，村民们学会了团结协作，共同决策，以实现社区的可持续发展和繁荣。辛弘的故事成为了他们认识自我潜能、承担集体责任的一个催化剂，推动了他们从被动接受到主动进取的转变。)
questions
['2. 在故事中，辛弘的转变是如何影响他与村民们的关系的？他们最初的反应是什么？', '3. 村民们对个人潜力的认知在辛弘的故事之前是什么样子？他的经历如何改变了他们的观念？', '4. 辛弘的成长过程如何体现了个人能力和集体责任之间的平衡？他在面对挑战时，是如何权衡这两者关系的？', '5. 他的故事如何帮助村民们从恐惧未知转变为积极接受新事物？这个转变的关键时刻是什么？', '6. 在辛弘的引导下，村民们是如何学会团结协作和共同决策的？这在他们社区的决策过程中起到了什么样的作用？', '7. 这个转变对于村庄的未来发展有何深远影响？它如何塑造了村民们的集体价值观？', '8. 辛弘的故事有没有可能引发其他村民对传统价值观的质疑？如果有，这种质疑是如何推动社区进步的？', '9. 在辛弘的故事中，个人成长和社区发展的联系是如何展现的？这对现代社会有什么启示？', '10. 如果村民们没有经历辛弘的成长故事，他们可能会采取哪些不同的应对方式来处理新力量的出现？']
============================================================



============================================================
node
Node(ID: 2-4, Type: insight, Level: 2, Content: 村民们通过共同决策来应对未知力量的方式，首先体现在对新发现力量的讨论和评估过程中。他们集思广益，分析利弊，确保每一个决定都基于对社区长远利益的考虑，而非个体的私欲。这显示了他们的团结协作精神和高度的社区责任感。

在辛弘的故事中，村民们共同参与决策，如关于是否公开力量的秘密、如何安全地利用这股力量以及如何平衡传统与变革，这体现了一种集体智慧和对共识的尊重。他们的决策过程不仅考验了他们的理智，还磨炼了他们的沟通和妥协技巧，增强了社区的凝聚力。

面对风险和机遇，村民们通过共同决策，培养了对不确定性的适应能力和解决问题的能力。这种团结协作不仅体现在危机时刻，更成为他们日常生活中处理问题、推动发展的基石。这种社区凝聚力不仅体现在抵御外部威胁，也体现在内部的和谐与进步，因为他们明白，只有共同面对，才能共享成功，共渡难关。因此，辛弘的故事揭示了一个强大社区的核心价值——团结、智慧和勇于接受变化。)
questions
['2. 村民们的决策过程如何反映出他们的集体智慧？有哪些具体例子可以说明这一点？', '3. 面对新发现的力量，村民们是如何平衡个人欲望与集体利益的？这如何塑造了他们的道德观？', '4. 在公开力量的秘密和安全利用过程中，村民们是如何通过沟通和妥协达成共识的？这体现了哪些有效的冲突解决策略？', '5. 村民们如何通过共同决策培养了对不确定性的适应能力？这在他们的日常生活和未来规划中起到了怎样的作用？', '6. 辛弘的故事中，团结协作是如何转化为社区的实际行动和成果的？这提供了哪些关于团队合作成功的启示？', '7. 他们如何在保持传统的同时，接纳并利用这股新的力量？这反映了他们对变革的态度和历史文化的尊重程度如何？', '8. 村民们在处理风险和机遇时，他们的心理变化和成长过程是怎样的？这如何影响了他们的决策制定？', '9. 这种社区凝聚力是如何在辛弘的故事中起到关键作用的？它对个人的成长和社会的稳定有何深远影响？', '10. 如何通过辛弘的故事，理解一个强大社区如何在面对挑战时，既保持稳定性又促进创新？']
============================================================



============================================================
node
Node(ID: 2-5, Type: insight, Level: 2, Content: 在辛弘和村民们面临的抉择中，保护村庄稳定意味着他们倾向于维持现状，避免风险，这保证了社区的秩序与和谐，但可能限制了技术和变革带来的潜在增长。长期来看，这可能导致村庄陷入停滞，无法适应快速发展的世界。另一方面，探索新力量意味着他们愿意接受挑战，寻求发展，虽然可能面临不确定性，但也有可能推动社区的科技进步、生活水平提高，甚至引领村庄走向现代化。

这个启示是，村庄的未来发展需要找到一个平衡点，既要坚守传统的根基，又要勇于接受变革。村民们应当认识到，集体的力量和智慧能帮助他们更好地应对未知，同时，每个人都应承担起挖掘自身潜力的责任，共同推动社区的进步。这不仅考验了他们的团结和协作，也要求他们具备灵活适应新环境的能力，确保在保护和探索之间找到一条既能保持稳定又能追求发展的道路。这样，村庄才能在保持文化特色的同时，迎接未来的挑战与机遇。)
questions
['2. 村民们的传统价值观是如何影响他们对新科技和变革的态度的？这种态度反映了他们的历史观和社区文化吗？', '3. 长期的停滞可能会带来哪些具体的社会和经济后果？村民们对此有何认识，他们是否意识到了这个问题？', '4. 探索新力量的过程中，村民们可能遇到的最大挑战是什么？他们如何准备应对这些挑战，比如知识更新和技术学习？', '5. 集体的力量和智慧在村庄决策中的作用有多大？村民们如何通过协作来发掘和利用这种力量？', '6. 在保护传统和追求发展的冲突中，村民们如何定义个人的责任和角色？这如何塑造他们的自我认知和社区身份？', '7. 村庄的历史和文化在面对现代化进程时，起到了怎样的缓冲或推动作用？村民们如何在保持文化特色的同时，接受新的生活方式？', '8. 辛弘和其他领导者如何鼓励村民们在安全与冒险之间找到一个平衡点，以实现可持续的发展？', '9. 村民们如何通过教育和沟通，提高对未知世界的理解和接纳能力，以便在变革中不失信心？', '10. 这个决策过程是否涉及到对村庄未来愿景的重新定义？村民们如何共同描绘一个既能保持传统又能适应新时代的村庄蓝图？']
============================================================



============================================================
node
Node(ID: 2-6, Type: insight, Level: 2, Content: 在面对科技革新时，村民们意识到他们必须调整他们的生产方式，从传统的农业模式转向可能结合新技术的可持续发展模式。他们需要学习和接纳新的工具和技术，如智能农业设备和环保耕作方法，以提高效率并减少对环境的影响。同时，他们也需要培养新一代的年轻人，使他们具备应对科技变革的知识和技能。

在生活方式上，村民们会更加注重社区的共享和互助，利用科技来改善生活品质，如通过网络获取信息和教育资源，提高医疗服务水平。他们将努力保持和传承传统的同时，接纳现代生活中的便利，如电子商务和远程工作，以平衡传统与现代。

此外，村民们会更加重视社区决策的过程，共同讨论并制定适应科技变化的政策和规则，确保这些变革既能带来实际利益，又不会牺牲他们的价值观和生活方式。通过集体智慧和团结，他们将寻找一种既能保护环境，又能推动进步的平衡路径，确保村庄在科技革新中稳步前行，实现长期的繁荣和稳定。)
questions
['2. 在学习新技术的过程中，村民们遇到的最大挑战是什么？他们又是如何克服这些挑战的？', '3. 新一代年轻人如何看待科技与传统的融合？这在他们的价值观形成中起到了什么作用？', '4. 村民们如何在共享和互助的社区环境中，利用科技提升生活质量，同时保持文化传承？', '5. 在电子商务和远程工作的引入下，村民们如何平衡个人隐私与社区联系的需求？', '6. 社区决策过程中，村民们是如何权衡短期利益与长期环境保护的关系的？', '7. 他们如何通过教育来确保年轻一代具备应对科技变革的能力？这在他们的发展战略中占据怎样的地位？', '8. 村民们的团结和集体智慧在科技革新中的具体体现是什么？这对他们的社区发展有何深远影响？', '9. 在科技革新带来的不确定性和变化中，村民们如何维持内心的平静和信心？', '10. 他们如何定义“成功”的新标准，即在科技快速发展的今天，一个村庄的繁荣和稳定意味着什么？']
============================================================



============================================================
node
Node(ID: 2-7, Type: insight, Level: 2, Content: 辛弘的故事通过展示一个普通人如何通过理解和掌握未知的力量，不仅实现了自身的成长，还影响了整个村庄的命运。村民们看到辛弘从初始的困惑和恐惧，到逐渐学习和掌握力量的过程，这不仅是一个科技知识的学习过程，更是一个关于适应变化、承担责任的成长历程。辛弘的成功激励村民们认识到，知识和学习不再仅仅是生存的手段，而是推动村庄进步，保护传统与接纳现代的桥梁。

这种转变促使村民们开始珍视教育，鼓励知识的分享和传播，因为他们明白这关系到村庄的未来和发展。他们可能会设立学习小组，邀请有知识的人来教导如何合理利用新发现的力量，提高农业生产效率，甚至引进新技术。这不仅提升了村庄的文化氛围，也推动了教育体系的更新，使之更加注重实用技能和创新思维的培养。

因此，辛弘的故事不仅改变了村民们对知识的态度，也直接或间接地推动了村庄文化的多元化和教育的实用性，为村庄的长远繁荣打下了坚实的基础。)
questions
['2. 他的学习过程中的关键转折点是什么？这些转折如何塑造了他的性格和价值观？', '3. 辛弘如何在掌握力量后，平衡科技知识的引入与村庄传统习俗的关系？', '4. 他的成功故事对村民们产生了怎样的心理冲击？这种冲击如何转化为实际行动？', '5. 村民们设立学习小组的初衷是什么？这个决定反映出他们对知识态度的变化是什么？', '6. 在辛弘的影响下，村庄文化是如何从单一转向多元化的？这个过程对村民们的思维方式有何影响？', '7. 新技术如何被融入到日常生活中，以提升村庄的生产力和生活质量？', '8. 辛弘的故事对村庄教育体系的改革有何具体建议或者实践？这对村民们自身的发展有什么长期影响？', '9. 村民们在面对未知和变化时，是如何汲取辛弘的经验，学会承担责任的？', '10. 这个故事给我们什么启示，关于个人成长与社会变革之间的关系？']
============================================================



============================================================
node
Node(ID: 2-8, Type: insight, Level: 2, Content: 在这个历史的十字路口，村民们面临着一个深刻的道德和心理挑战。他们必须在个人对力量的追求与集体对稳定和传统的维护之间寻找平衡。他们认识到，接受新力量并非单纯的个人荣耀，而是关乎整个社区的福祉和未来。因此，他们可能会发展出一种集体决策机制，以确保力量的使用既符合道德规范，又能推动技术革新和社区发展。通过团结协作，他们将学会在保护传统的同时，勇于探索未知，以实现可持续的经济增长和文化提升。这样的过程将深化他们的社会责任感，并强化他们作为集体一员的身份认同，从而找到一条兼顾个人与集体利益的和谐之路。)
questions
['2. 村民们在追求个人荣耀的过程中，内心深处的道德顾虑是什么？这些顾虑是如何影响他们的决策的？', '3. 集体决策机制的具体形式是什么？它是如何确保力量使用的道德性和公正性的？', '4. 村民们在探索新力量的过程中，如何平衡对未知的恐惧与对技术革新的渴望？', '5. 社区的稳定和传统在村民心中的权重如何？它们在决定接受新力量时起到了怎样的作用？', '6. 在这个过程中，哪些角色扮演了关键的领导角色？他们的观点和行动如何影响了整个社区的动态？', '7. 长期来看，这种集体决策对于增强村民的社会责任感有何深远影响？', '8. 村民们如何在面对挑战时，既保持对传统的尊重又勇于创新，这体现了他们的什么精神特质？', '9. 这种寻求平衡的过程，是否也促进了村民之间的相互理解和接纳？如何体现？', '10. 他们的经验和教训对其他面临类似困境的社区有何启示？']
============================================================



============================================================
node
Node(ID: 2-9, Type: insight, Level: 2, Content: 辛弘的力量揭示了一个事实，即传统生活方式并非绝对安全的避风港，而是需要适应和进化才能应对新时代的挑战。村民们在恐惧与期待中挣扎，这表明他们对过去的坚守并非盲目，而是基于对社区安全和传统价值的珍视。未知力量的引入促使他们重新评估自己的价值观和责任，认识到个人能力和社区发展的紧密联系。他们开始寻求平衡，既要保护传统，如土地和农业，又要开放接纳新知识和技术，以提高生产效率和抵御潜在风险。

村民们的态度从警惕到探索，反映出他们对未知世界的态度由最初的敬畏转为愿意学习和适应。他们明白，面对力量的挑战，固守旧有的方式可能会阻碍进步，而勇于尝试则可能为村庄带来革新和发展。这种转变强化了他们的集体意识，他们认识到只有团结一致，才能在保护传统与迎接变化之间找到一条可持续的道路，从而确保村庄的未来既能保持文化根基，又能与时俱进。)
questions
['2. 村民们的传统价值观是如何在面对未知力量时受到质疑的？这种质疑是如何影响他们的日常决策和行为的？', '3. 村民们在重新评估价值观的过程中，哪些具体的行为或事件促使他们开始接受新知识和技术？这说明了什么关于他们的学习态度和适应能力？', '4. 面对未知力量，村民们如何在保护土地和农业的同时，又寻求创新以提高生产效率？这个过程中的困难和挑战是什么？', '5. 村民们在态度转变中，个体的角色和集体的作用有何不同？这种转变是如何体现他们的集体意识和社区精神的？', '6. 如何理解村民们的敬畏转变为愿意学习和适应的态度？这种转变背后的驱动力是什么？', '7. 村庄在寻找平衡点的过程中，如何定义和实践“保护传统”和“迎接变化”的关系？这对他们的未来发展有何深远影响？', '8. 在这个过程中，村民们如何处理个人利益和集体利益之间的冲突？这体现了他们的道德观和责任感吗？', '9. 村民们的这次转变是否预示着一种新的社区发展模式？如果是，这种模式的核心要素是什么？', '10. 这个故事给我们关于如何应对变革和保持文化传承的启示是什么？在现实生活中，我们可以借鉴哪些策略来实现类似的目标？']
============================================================



============================================================
node
Node(ID: 2-10, Type: insight, Level: 2, Content: 是的，村民们在面对辛弘力量时的心理挣扎和决策确实预示了他们社区未来的转型模式。这种挣扎反映出他们正在经历从传统生活方式向现代化和适应变革的转变。他们认识到，保护既有的安全和传统可能阻碍进步，而探索则可能带来技术和生活质量的提升。他们必须找到一条平衡路径，既要维持社区的稳定，又要接纳并管理新力量带来的影响。这将导致他们集体决策，提升协作能力，同时可能催生出新的社区机制和学习文化。因此，辛弘的故事象征着他们社区从封闭保守向开放进取的转型，一场潜在的内部革新与发展的开始。)
questions
['2. 在传统与现代化之间的冲突中，村民们如何权衡各自的顾虑和期待？这反映了他们对过去的何种情感纽带？', '3. 辛弘的力量是如何挑战村民们的既有价值观和信念的？这如何促使他们重新评估自己的社区准则？', '4. 村民们在集体决策时，他们的沟通方式和决策风格发生了怎样的变化？这如何体现他们的团队协作能力提升？', '5. 新力量带来的技术和生活质量提升，对村民们的生活产生了哪些具体影响？他们是如何逐步接受这些改变的？', '6. 在社区转型的过程中，有哪些关键人物或事件推动了村民们从封闭保守走向开放进取？他们的作用如何？', '7. 辛弘的故事如何反映了一个社区在面临重大变革时的自我发现和学习过程？这对他们的长期发展有何深远意义？', '8. 这场潜在的内部革新与发展中，村民们如何定义和实现他们所说的“平衡路径”？这需要什么样的妥协和牺牲？', '9. 辛弘的力量如何塑造了新的社区机制？这些机制如何促进了社区的持续发展和创新？', '10. 这个故事给我们关于社区变迁和适应性的什么启示？在类似的情境下，我们应该如何处理传统与现代的交融？']
============================================================



============================================================
node
Node(ID: 2-11, Type: insight, Level: 2, Content: 辛弘的角色作为村庄变革的催化剂，他通过自身对神秘力量的体验和处理，展示了力量背后的潜在价值和可能带来的挑战。他的故事作为一种现实生活的映射，促使村民们反思他们传统的价值观和对未知的恐惧。辛弘不仅是个体突破的象征，也是集体智慧和勇气的象征。他的成功引发了村民们对自身潜力的挖掘，以及对如何负责任地利用新力量的讨论。他的存在激发了村民们勇于探索的决心，鼓励他们从保守到开放，从害怕到接纳，从而推动了他们从被动防御转变为主动寻求发展的动力。辛弘的角色成为了村民们面对变化时，寻求平衡和进步的灯塔，引导他们共同塑造一个更适应时代变迁的社区。)
questions
['2. 在辛弘的故事中，他的神秘力量是如何挑战村民们的传统认知和恐惧的？这种挑战是如何逐步改变他们的态度的？', '3. 辛弘的成功如何体现个体突破和集体智慧的结合？这在村民们的行为转变中起到了怎样的催化作用？', '4. 辛弘在处理神秘力量的过程中，面临过哪些心理困境？他是如何克服这些困难的，这对村民们面对未知的启示是什么？', '5. 村民们在讨论如何负责任地利用新力量时，有哪些主要观点和分歧？这反映了他们社会结构中的哪些深层次矛盾？', '6. 辛弘的角色如何成为村民们寻求平衡和进步的象征？他在引导社区发展方面提供了哪些具体的策略或方法？', '7. 他的故事如何促使村民们从被动接受变化转为积极寻求改变？这与现代社会中的哪些现象或趋势相呼应？', '8. 辛弘的经历如何帮助村民们重新定义他们对自我潜力的认知，以及在面对生活挑战时的态度？', '9. 在辛弘的引导下，村民们是如何建立并维护一个更适应时代变迁的社区的？这个过程中的学习和合作方式有哪些值得借鉴的地方？', '10. 总结辛弘的角色，他的故事给我们关于如何处理个人成长与社会变革之间关系的哪些重要教训？']
============================================================



============================================================
node
Node(ID: 2-12, Type: insight, Level: 2, Content: 辛弘的故事揭示了一个小社区在面对新发现的力量时，如何通过集体智慧和谨慎的适应性来处理变革。村民们在期待力量带来的可能优势的同时，深思熟虑地权衡着道德责任和社区安全。他们认识到，集体的利益高于个人的追求，选择既要敢于探索未知，提升生活质量，也要保护传统和稳定，防止潜在风险。这显示了他们不仅有敏锐的观察力，也有协调合作的能力，能够通过集体讨论和决策找到一条既能接纳变化又能保持社区和谐的道路。这种集体智慧和适应性，预示着他们在面对未来的挑战时，会更加团结且富有策略性，从而推动社区在变革中稳健前行。)
questions
['', '2. 村民们在集体讨论中，如何权衡探索未知与保护传统的冲突？这说明他们对于传统与现代的关系持有什么态度？', '', '3. 集体智慧在辛弘的故事中起到了怎样的作用？它如何帮助村民们应对变革中的挑战？', '', '4. 在面对新力量时，村民们如何定义和理解“生活质量”的提升？这是否与他们的历史经验和社区传统相一致？', '', '5. 他们的决策过程体现了怎样的决策模型？是基于理性分析还是更多的情感驱动？为什么？', '', '6. 个体追求与集体利益之间的冲突在故事中如何被解决？这反映了社区成员之间的关系如何？', '', '7. 这个故事如何预示了村民们在未来可能会采取的应对挑战的策略？他们的策略有哪些可借鉴之处？', '', '8. 面对未知力量，村民们如何保持社区的和谐？他们的协调合作能力是如何培养起来的？', '', '9. 在辛弘的故事中，哪些具体事件或讨论推动了村民们从保守到接受变化的转变？', '', '10. 这个故事给我们关于社区发展和变革管理的哪些重要教训？']