2024-03-12 07:51:32,618 - modelscope - INFO - PyTorch version 2.0.0 Found.
2024-03-12 07:51:32,619 - modelscope - INFO - Loading ast index from /home/chenyuhang/.cache/modelscope/ast_indexer
2024-03-12 07:51:32,655 - modelscope - INFO - Loading done! Current index file version is 1.12.0, with md5 22175834ffb96e1947769346e4a096aa and a total number of 964 components indexed
CUDA extension not installed.
CUDA extension not installed.
Loading checkpoint shards:   0%|          | 0/3 [00:00<?, ?it/s]Loading checkpoint shards:  33%|███▎      | 1/3 [00:01<00:02,  1.19s/it]Loading checkpoint shards:  67%|██████▋   | 2/3 [00:02<00:01,  1.21s/it]Loading checkpoint shards: 100%|██████████| 3/3 [00:02<00:00,  1.12it/s]Loading checkpoint shards: 100%|██████████| 3/3 [00:02<00:00,  1.03it/s]
Special tokens have been added in the vocabulary, make sure the associated word embeddings are fine-tuned or trained.
============================================================
node
Node(ID: root, Type: root, Level: 0, Content: Root Node)
questions
['2. Root Node的角色是否有过重大的生活转折点？如果有，这些转折如何塑造了他的世界观？', '3. Root Node在面对挑战时，他的决策过程是如何体现他的价值观和原则的？', '4. 在Root Node的故事中，他是否曾经面临过道德困境？他是如何处理这些冲突的？', '5. Root Node的性格中有哪部分是源于他的成长环境，哪部分又是独特的个人选择？', '6. 在与他人的互动中，Root Node如何展现出他的同情心和理解力？这反映了他什么样的人格特质？', '7. 面对压力或失败，Root Node的应对策略是什么？这揭示了他怎样的心理韧性？', '8. 他在某些特定情境下的行为或决定，是否反映出他对未来的期望或恐惧？为什么？', '9. Root Node的过去经历对他现在的决策和人际关系有何深远影响？', '10. 他如何看待自己的弱点和优点？这如何影响他在团队中的角色定位和互动方式？', '11. 在Root Node的成长过程中，有哪些人或事件对他产生了决定性的影响？', '12. 他的理想和现实之间的差距如何驱动他前进或者改变他的行为模式？', '13. Root Node如何通过对话和交流来表达自我，展示他的个性和深度？', '14. 在角色发展过程中，Root Node有没有经历过自我发现或转变的时刻？这些变化如何影响他的世界观？', '15. 如果Root Node面临一次人生抉择，他可能会如何权衡不同的价值观和利益？']
============================================================



============================================================
node
Node(ID: 2-1, Type: insight, Level: 2, Content: 基于给定的材料和问题，我们可以生成以下洞察：

艾莉亚和格兰特作为团队的关键成员，他们的工作体现了角色的复杂性和动机。艾莉亚通过生物探测器不仅是技术的专家，也是团队的战略家，她的洞察力帮助团队理解和适应恶劣环境。当格兰特面临飞船设备的故障时，他的决策不仅基于技术知识，还关乎生存策略的制定和风险评估。他的行动展示了对责任的承担以及对团队安全的执着追求。

塞琳娜的角色则体现在信息管理与心理支持上。她的高效沟通技巧确保了关键信息的传递，同时通过简化语言和评估不确定性的方法，她帮助团队保持冷静，降低了压力对任务的影响。这表明她不仅是一名优秀的技术人员，也是一名团队精神的重要支柱。

总的来说，这三个人物的洞察揭示了他们不仅在各自的领域内具有专业素养，而且他们的决策和行动都是为了团队的整体利益，体现了角色的深度和广度，以及他们如何通过不同的方式应对风暴带来的挑战。)
questions
['2. 格兰特在面对飞船设备故障时，他的技术知识如何转化为实际的生存策略？这反映了他怎样的价值观和责任感？', '3. 在严峻的环境下，格兰特如何平衡技术修复与风险评估，以确保团队的安全？', '4. 塞琳娜的信息管理技巧如何帮助团队在高压情况下保持效率和冷静？这体现了她的领导风格是怎样的？', '5. 塞琳娜简化语言和评估不确定性的方式，如何减轻了团队的心理压力？这说明她在团队中的心理支持角色有多重要？', '6. 这三个人物如何通过各自的专业技能和决策，展示出团队合作的重要性以及在困难中的协作策略？', '7. 在面临挑战时，艾莉亚、格兰特和塞琳娜的动机和行为如何反映出他们的个人成长和团队目标之间的联系？', '8. 这些角色的经历和决策如何塑造了他们对未知环境和困难的应对态度，以及他们如何看待自身在团队中的角色定位？', '9. 团队中的冲突和压力如何影响这三个人物的行为，以及他们如何通过有效的沟通来解决或缓解这些冲突？', '10. 从长远看，这些角色的决策和行动如何影响了团队的凝聚力和整体成功？']
============================================================



============================================================
node
Node(ID: 2-2, Type: insight, Level: 2, Content: 在面对飞船关键系统的临时故障时，格兰特展现出高度的科学素养和领导力。他首先会进行详细的故障诊断，评估每个问题的紧急程度和对飞船整体功能的影响。这要求他对飞船内部系统的深入理解和专业知识。接着，他会在时间紧迫的情况下，依据风险管理和优先级排序的原则，决定先修复哪些系统，确保飞船的基本生存需求，如动力系统和通信设备。

格兰特的决策过程体现了他的逻辑思维和危机管理能力。他不仅考虑了眼前的问题解决，还预见了可能的后果，如寻找备用系统或调整航线以避开风暴中心。这种长远的眼光和实际操作的结合，显示出他对科学严谨性的坚持以及对团队责任的担当，他明白每一项决策都关系到整个团队的生存机会。

此外，他的决策也体现了领导力，因为他不仅专注于技术解决方案，还会及时与团队成员沟通，确保他们了解情况并准备好应对措施。这样的领导方式有助于凝聚团队力量，共同面对风暴的挑战。因此，格兰特在处理飞船问题时，兼顾了短期危机和长期生存策略，展现了科学家和领导者应有的素质。)
questions
['2. 在高压环境下，他的风险评估是如何影响他的决策制定的？', '3. 格兰特如何平衡专业知识和直觉，以在短时间内做出最佳的系统修复顺序？', '4. 他的长远眼光表现在哪些具体行动上？这对他的领导风格有何影响？', '5. 格兰特在决策过程中，如何考虑到可能的未知因素和未来的潜在威胁？', '6. 他的领导力体现在哪些具体的沟通策略上，以确保团队成员的参与和配合？', '7. 对于一个科研人员来说，格兰特的危机管理方式如何体现他对科学严谨性的理解？', '8. 在面对复杂问题时，格兰特的心理素质如何帮助他保持冷静并作出明智决策？', '9. 他的决策如何展示了他作为领导者对团队安全的深深关切？', '10. 如果没有关键系统的备用方案，格兰特可能会采取什么创新方法来应对突发故障？', '11. 格兰特的故事线中，这次事件对他个人的成长和价值观有何深远影响？', '12. 你认为格兰特的领导风格对于解决类似问题的其他团队有何借鉴意义？']
============================================================



============================================================
node
Node(ID: 2-3, Type: insight, Level: 2, Content: 基于给定的材料和问题，我们可以生成以下洞察：

艾莉亚、格兰特和塞琳娜在团队中的角色并非仅仅执行任务，而是体现了他们各自的专业素养和心理韧性。艾莉亚作为生物探测器专家，她的洞察力不仅体现在技术层面上，也反映了她对自然与生存环境的深刻理解。当面临风暴时，她不仅是数据的提供者，也是团队决策过程中的重要参照，帮助预测风险并找到避险策略。

格兰特作为飞船维修人员，他的工作直接影响到团队的生存可能性。他必须在短时间内识别和修复关键系统的问题，这不仅考验了他的技术技能，也展现了他对危机管理的敏感度和决策果断性。他的努力是飞船安全的保障，同时也决定了团队能否在风暴中找到生存机会。

塞琳娜作为沟通桥梁，她的角色在于信息过滤和有效传达。她通过精炼关键信息、保持语言简洁，确保基地能在压力下做出准确的反应。她的冷静和专业帮助团队在信息过载时保持理智，降低了不确定性的负面影响，从而维护了团队的心理稳定。

总的来说，这三个角色的行动和决策揭示了他们在极端环境下如何通过各自的专长和适应性，共同应对挑战，确保团队在困难中的生存和发展。)
questions
['2. 格兰特在飞船维修中的快速反应能力是如何培养起来的？这对他处理突发危机有何深远影响？', '3. 在面对巨大压力时，塞琳娜如何平衡信息的透明度和简化，以确保团队的决策效率？', '4. 艾莉亚对自然环境的理解如何转化为她在团队中的实际作用，特别是在风暴这样的极端条件下？', '5. 格兰特的危机管理风格是如何影响团队成员对未知情况的心理准备的？', '6. 塞琳娜的角色在团队沟通中扮演着过滤器，那么她是如何判断哪些信息最重要，哪些可以被忽略的？', '7. 这三个角色的合作方式如何反映出他们的个性特点和互补性，以增强团队的整体适应能力？', '8. 在极端环境下，角色间的信任和依赖是如何建立和维系的？这对团队的凝聚力有何影响？', '9. 艾莉亚、格兰特和塞琳娜各自面临怎样的心理挑战，他们又是如何克服的？', '10. 他们的行为和决策如何展示了在困难面前，个体的专业素养如何转化为集体的力量？']
============================================================



============================================================
node
Node(ID: 2-4, Type: insight, Level: 2, Content: 动力系统、通信设备和防御屏障的损坏对飞船构成的威胁分别是：

1. 动力系统的问题可能导致飞船失去动力，无法维持飞行速度或改变航线，这直接影响到飞船的移动能力和生存范围。
2. 通信设备的损坏会使飞船与地球基地的联系中断，无法及时接收指令或汇报情况，影响决策制定和紧急援助。
3. 防御屏障的失效会让飞船暴露在风暴的强烈辐射下，威胁到船员的生命安全以及飞船内部电子设备的稳定性。

在有限的时间内，格兰特需要根据这些系统对飞船基本功能的重要性、修复的紧迫性以及可能的后果来排序。一般来说，他会优先处理动力系统，因为没有动力就无法移动或应对风暴；其次是通信设备，因为及时的信息交流是决策和求援的关键；最后可能是防御屏障，尽管它对生存直接相关，但如果短时间内能找到替代保护措施，可以稍后修复。格兰特会权衡每个系统的紧急程度和修复的可行性，以确保在最短的时间内最大限度地减少风险。)
questions
['2. 如果通信设备最先恢复，这对格兰特的决策过程会产生怎样的影响？这如何体现他的危机管理策略？', '3. 动力系统对于飞船的重要性体现在哪些方面？这如何塑造了格兰特对优先级的认知？', '4. 防御屏障的暂时失效可能带来哪些意想不到的后果？这如何促使格兰特在风险评估中做出决策？', '5. 格兰特在面对多重威胁时，如何平衡个人生存需求与团队协作？这反映了他对责任和牺牲的理解吗？', '6. 在资源有限的情况下，格兰特如何做出艰难的决定？这是否体现了他的道德决策模型？', '7. 如果防御屏障的修复比预期更复杂，格兰特会如何调整他的行动计划？这体现了他的灵活性和应变能力吗？', '8. 通过处理这些系统的问题，格兰特的成长和学习过程如何？这对他未来的职业生涯有何影响？', '9. 飞船上的其他船员如何看待格兰特的优先级设定？这反映了团队合作中的领导风格和信任问题。', '10. 在这个过程中，格兰特可能会面临哪些心理压力？他如何管理和缓解这些压力，以保持冷静和高效？']
============================================================



============================================================
node
Node(ID: 2-5, Type: insight, Level: 2, Content: 基于给定的材料和问题，我们可以生成以下洞察：

艾莉亚、格兰特和塞琳娜的角色在团队中的作用并非仅仅执行特定任务，而是体现了他们的专业知识、决策能力和团队协作精神。艾莉亚作为生物探测器专家，她的洞察力不仅体现在寻找生命迹象上，还在于她通过数据解读预测风暴动态，扮演着环境解读者的角色，帮助团队理解风险并制定策略。格兰特作为飞船维修工程师，他的工作直接关乎飞船的生存能力，他需要快速诊断和修复关键系统故障，这显示了他的技术实力和危机处理能力。塞琳娜作为通讯协调员，她的高效信息传递和冷静判断确保了团队与外界的联系畅通，同时也稳定了团队成员的心理状态。

这三个角色的互动和各自的专业贡献共同构建了一个高效、稳定的团队动态，他们的工作不仅仅是解决眼前的问题，更是通过深入理解和分析复杂的环境因素，为团队在极端条件下找到生存之道。这种深层次的理解揭示了他们作为团队核心成员的复杂性和动机，即保护队友、完成任务的同时，也在不断学习和适应未知环境，以实现共同的目标。)
questions
['2. 在面对突发的飞船系统故障时，格兰特是如何权衡速度和精确度的？这如何体现出他的决策过程和责任感？', '3. 塞琳娜的通讯协调工作在团队中起到了怎样的心理支持作用？她如何在高压环境下保持冷静并有效地传递信息？', '4. 这三个角色的合作模式是如何体现团队协作和互补性的？他们的工作方式如何促进了整体战略的制定和执行？', '5. 艾莉亚、格兰特和塞琳娜各自的工作如何挑战他们自身的知识边界？他们在不断适应和学习的过程中，体现了什么样的成长动力？', '6. 在极端环境下，他们的决策和行动如何体现对生命的尊重和保护？这在他们的角色定位中占据了怎样的地位？', '7. 当团队面临生死存亡的压力时，这三个角色的动机和心理变化有哪些？他们的应对策略如何反映出个体与集体之间的关系？', '8. 他们的工作如何反映出在未知环境中的生存智慧？这如何塑造了他们作为团队领导者的形象？', '9. 在解决问题的过程中，这三个角色如何平衡个人目标与团队目标？这如何影响他们的长期合作关系？', '10. 如何通过他们的故事来探讨在极端环境中，专业技能、团队合作和心理韧性在生存中的重要性？']
============================================================



============================================================
node
Node(ID: 2-6, Type: insight, Level: 2, Content: 格兰特在修复飞船的关键系统时，必须充分考虑资源限制和技术难题。他需要评估每个故障的紧急程度，优先处理那些直接影响飞船基本功能和生存可能性的问题。这可能意味着在有限的时间和资源下，他需要权衡取舍，决定是尽快修复基本系统还是先解决可能导致严重后果的故障。这种压力可能会考验他的技术决断力和创新思维，因为他可能不得不临时采用替代方法或者找到新的解决方案。

对于心理承受力的挑战，不断面临的不确定性和高压环境可能会引发焦虑和挫败感。然而，格兰特的专业素养和团队合作精神将帮助他保持冷静，通过与队友的沟通和协作，共同解决问题。他需要学会在压力下保持专注，同时也要承认自己的局限性，适时寻求他人的帮助和建议。这样，他在应对技术难题的同时，也锻炼了自己的心理韧性，提升了在极端条件下的适应能力。)
questions
['2. 格兰特在权衡取舍时，如何平衡飞船的基本需求和可能出现的严重后果？这反映了他怎样的决策策略？', '3. 在高压环境下，格兰特如何管理自己的焦虑和挫败感，以保持技术决断力？', '4. 他的创新思维体现在哪些具体的技术解决方案上？这些创新如何体现他的问题解决能力？', '5. 团队合作在格兰特的决策过程中起到了什么作用？他如何有效地与队友沟通以达成共识？', '6. 在承认自己的局限性时，格兰特如何调整自己的心态来寻求帮助？这对他个人成长有何影响？', '7. 面对技术难题，格兰特的心理韧性是如何在压力中得到提升的？这对他未来的职业生涯有什么长远影响？', '8. 如果遇到无法解决的技术问题，格兰特如何处理自我怀疑和绝望的情绪？这如何塑造他的领导风格？', '9. 他的决策过程是否受到他的个人价值观和道德准则的影响？如果有，具体是什么？', '10. 这种高压环境如何塑造了格兰特的性格特点，使他成为了一个更全面的角色？']
============================================================



============================================================
node
Node(ID: 2-7, Type: insight, Level: 2, Content: 在艾莉亚、格兰特和塞琳娜的角色中，我们可以看出他们的工作不仅仅是技术操作，更是团队生存的关键因素。艾莉亚的生物探测器不仅提供了实时环境数据，还预示着潜在的风险，她的洞察力如同风暴中的指南针，帮助团队规避危险。格兰特作为飞船维护专家，他的快速故障诊断和修复能力是飞船在恶劣环境下得以维系生命线的关键。他的决策直接影响到飞船的生存可能性和行动策略。

塞琳娜作为通讯协调员，她的精准信息传递和决策支持是团队与外界保持联系的纽带，她的冷静判断和高效沟通在不确定环境中起到了稳定军心的作用。这三者共同构成了一个动态的系统，他们的工作深度反映了角色的复杂性和动机：艾莉亚是对未知的探索者和预警者，格兰特是实际问题的解决者，塞琳娜则是团队精神的守护者和信息桥梁。

面对挑战时，他们的洞察力源于对职责的深刻理解，以及对自身技能和角色定位的准确把握。这种洞察有助于我们深入理解他们的行为动机，即他们为何能在压力下保持冷静，为何会优先处理关键问题，以及为何他们的决策能推动团队在极端环境下求生。总的来说，这三个角色的洞察力和决策能力，体现了他们在困难面前的专业素养和团队合作精神。)
questions
['2. 格兰特在面对飞船故障时，他的决策过程是怎样的？他的快速修复能力是如何形成的，有没有特定的经历或训练影响了他？', '3. 塞琳娜在高压情况下如何保持冷静，她的沟通策略有哪些独特之处？这反映了她怎样的性格特质？', '4. 他们的工作如何体现个体能力和团队协作之间的平衡？在紧急情况下，他们如何协同工作以达到最佳效果？', '5. 艾莉亚、格兰特和塞琳娜各自的角色定位如何影响他们在团队中的决策权重和责任分配？', '6. 在面临生死存亡的挑战时，他们的专业素养如何转化为对困难的应对策略？这与他们日常训练和职业经验有何关联？', '7. 这些角色的决策过程是否受到他们个人的价值观或者生活经历的影响？如果有，具体是什么？', '8. 如何通过他们的故事来探讨在极端环境下，人类的心理韧性如何影响决策和团队合作？', '9. 他们的工作如何反映出在未知和风险面前，人类对知识和技术的依赖，以及对生存本能的尊重？', '10. 在这个角色对话系统中，他们的决策失误或成功案例如何揭示出他们成长的过程和学习曲线？']
============================================================



============================================================
node
Node(ID: 2-8, Type: insight, Level: 2, Content: 塞琳娜的筛选信息策略是团队在风暴环境中高效决策的关键因素。她通过精准地过滤掉非关键信息，确保团队成员专注于最紧迫和影响重大的问题，这减少了信息过载，提高了决策的准确性。她的策略使团队能够迅速识别出威胁和机遇，从而作出针对性的反应，如调整航行计划或采取应急措施。在高压环境下，塞琳娜的冷静和专业体现在她运用过往经验和专业知识来评估复杂情境，这帮助她在信息传递的同时，降低了不确定性带来的心理压力，从而保持了团队整体应对能力的稳定性。她的这种沟通方式有效地支持了团队在极端条件下的有效协作和生存。)
questions
['', '2. 在高压环境下，塞琳娜如何平衡对关键信息的关注和对非关键信息的忽略？这需要怎样的心理素质？', '', '3. 塞琳娜如何判断哪些信息是“非关键”的？她的判断标准有哪些主观因素或者客观依据？', '', '4. 她的策略是否曾面临过挑战？如果有，她是如何应对和调整的？', '', '5. 塞琳娜如何确保团队成员理解和接受她的筛选信息策略？她用什么方法进行有效的沟通和培训？', '', '6. 在信息过载的困境中，塞琳娜如何通过专业知识和冷静分析来降低团队成员的焦虑感？', '', '7. 塞琳娜的决策过程如何影响团队成员的决策信心和决策速度？这如何反过来增强团队的整体效能？', '', '8. 在极端条件下，塞琳娜如何通过她的沟通方式激励团队成员克服困难，共同面对挑战？', '', '9. 塞琳娜的策略是否可以应用于其他领域或情境？如果是，可能需要哪些适应性的改变？', '', '10. 长期以来，塞琳娜如何维持自己的专业性和冷静，即使在极度压力下也能做出明智决策？']
============================================================



============================================================
node
Node(ID: 2-9, Type: insight, Level: 2, Content: 基于给定的材料和问题，我们可以生成以下洞察：

艾莉亚的角色不仅是技术专家，她通过生物探测器提供的数据，不仅是环境解读者，也是团队的战略顾问。当格兰特面临飞船设备故障时，她的洞察力帮助团队理解问题的严重性并制定应对策略。例如，她可能洞察到动力系统问题可能导致的航线失控，通信障碍可能带来的孤立无援，以及防御屏障失效对生存风险的放大。

同样，塞琳娜作为沟通的关键节点，她的洞察力在于她懂得如何高效且准确地传达信息，避免恐慌，同时捕捉重要细节。她的决策不仅基于信息本身，还考虑了如何最小化团队的心理压力，增强他们的应变能力。

总的来说，这两个角色的洞察力体现在他们不仅解决了眼前的技术问题，还预见了潜在的危机，并通过各自的专业知识和冷静判断，为团队在极端环境中生存提供了强大的支持。他们的工作揭示出，一个成功的团队不仅依赖于技术实力，更需要理解和管理复杂的动态环境，以及有效的情感交流和决策能力。)
questions
['2. 在面对动力系统问题时，艾莉亚是如何快速评估可能的后果并提出应对策略的？这显示了她在压力下的决策能力是如何体现的？', '3. 塞琳娜的沟通策略如何影响了团队在困难时期的士气和协作效率？她如何平衡信息传递的精确性和安抚情绪的重要性？', '4. 在极端环境下，塞琳娜如何通过捕捉细节来做出关键决策？这体现了她在危机管理中的哪些关键特质？', '5. 艾莉亚和塞琳娜的洞察力如何互补，共同构成了团队在复杂环境中的生存优势？这如何定义了团队合作的真正含义？', '6. 面对未知的威胁，他们的洞察力是如何转化为实际的行动，保护团队安全的？这如何展现了他们的领导力和危机应对能力？', '7. 他们的故事告诉我们，技术专家在团队中的作用超出了单纯解决问题，他们如何通过理解和预测潜在风险来提升整体的生存几率？', '8. 在资源有限、压力巨大的情况下，这两个角色如何保持冷静和理智？他们的心理韧性从何而来，又如何影响了团队的氛围？', '9. 如何评价他们在困难时刻展现的决策智慧？这是否也适用于现实生活中处理复杂问题的方法？', '10. 他们的经历如何强调了在高风险环境下，除了技术知识，情感智能和人际交往能力的重要性？这对现代团队建设有何启示？']
============================================================



============================================================
node
Node(ID: 2-10, Type: insight, Level: 2, Content: 塞琳娜在极端环境中的沟通方式，就像飞船上的导航灯，为团队在信息海洋中指明方向。她的决策是基于专业分析和快速应变的，她筛选并传达最关键的信息，这在混乱和恐慌中起到了稳定军心的作用。塞琳娜的角色不仅是个信息通道，更是团队的心理支柱，她的冷静和精准决策减少了不确定性带来的恐惧，让每个人都明白他们的行动和决策有明确目标。通过她的危机管理，塞琳娜确保了团队在面对未知和压力时，能够有效地协作，共同应对挑战，体现了在困难时期决策和沟通的价值。)
questions
['2. 塞琳娜的决策过程是如何在混乱中保持冷静和精准的？她的这种特质是如何形成的？', '3. 作为团队的心理支柱，塞琳娜如何通过她的行为影响了团队成员的恐慌情绪？这在团队合作中起到了什么样的作用？', '4. 在面对未知和压力时，塞琳娜如何平衡提供信息和保持团队的决策效率？这需要怎样的心理素质？', '5. 塞琳娜的危机管理策略是如何体现决策在困难时期的重要性？这对于我们理解和处理复杂情况有何启示？', '6. 塞琳娜的领导风格是如何通过有效的沟通，转化为团队的行动力和目标导向的？', '7. 在团队面临重大挑战时，塞琳娜的角色转变是如何帮助团队成员建立信任和依赖的？', '8. 从塞琳娜的故事中，我们可以学习到哪些关于领导力和决策在危机中的最佳实践？', '9. 塞琳娜如何在高压环境下保持自己的判断力，避免信息过载对团队的影响？', '10. 你认为塞琳娜的成功是否仅仅归功于她的专业能力，还是她的心理韧性和社会关系管理也起到了关键作用？为什么？']
============================================================



============================================================
node
Node(ID: 2-11, Type: insight, Level: 2, Content: 在面对风暴和飞船设备故障的挑战时，艾莉亚、格兰特和塞琳娜的角色展现出深度的协同效应。艾莉亚作为生物探测器专家，她的洞察力不仅提供了环境数据，还预示风暴动态，是团队理解风险的关键。格兰特作为维修工程师，他的技术专长在于解决飞船的临时故障，确保飞船的基本功能运作，这直接关系到团队的生存可能性。塞琳娜作为通讯协调员，她的高效沟通确保了关键信息的准确传递，降低了不确定性的负面影响，对团队的心理稳定起到了支柱作用。

这三个角色的洞察和行动揭示了一个深层次的原理：在危机中，个体的专业技能、决策能力和团队协作是生存的关键。他们的工作不仅仅是解决问题，更是通过科学的数据分析、危机管理以及有效的信息交流，共同构建了一个能在极端环境下保持稳定、寻求生机的系统。这种洞察揭示了他们在困难面前如何凭借各自的优势，共同推动任务的完成和团队的存活。)
questions
['', '2. 格兰特在飞船设备故障时，他的临时解决方案是如何体现他的技术能力与危机应对策略的？这在团队中起到了怎样的关键作用？', '', '3. 塞琳娜的高效沟通如何在高压环境下保持团队成员的情绪稳定？她的角色在处理突发信息方面有哪些独特之处？', '', '4. 在极端环境中，团队合作如何转化为实际的生存优势？他们是如何平衡各自的专业知识和团队协作的？', '', '5. 当面临生死考验时，艾莉亚、格兰特和塞琳娜各自的决策风格有何不同？这些差异如何影响了团队的决策过程？', '', '6. 这次经历如何改变了他们对自身专业价值的认识？他们如何将这次危机转化为个人成长的机会？', '', '7. 在团队协作中，他们如何处理可能出现的冲突和意见不合，以保证任务的顺利进行？', '', '8. 他们的成功是否强化了他们对团队力量的信念？这可能对他们在未来类似挑战中的行为产生何种影响？', '', '9. 如何通过这次经历定义“生存的关键”？他们是如何将这个原则应用到日常工作中，提升团队的整体效能？', '', '10. 在极端环境下，他们的行为和决策如何体现了人类的韧性和适应性？这对未来的太空探索有什么启示？']
============================================================



============================================================
node
Node(ID: 2-12, Type: insight, Level: 2, Content: 艾莉亚和格兰特在风暴中的角色互补且不可或缺。艾莉亚作为生物探测器专家，她的工作就像一个“风暴眼中的眼睛”，通过精准的数据分析，不仅提供实时的环境信息，预判风暴动态，还为团队识别潜在的避难所。她的存在使团队能够了解外部环境的全貌，确保在极端条件下作出明智的决策。

格兰特作为飞船维护工程师，负责修复关键系统的故障，如动力系统、通信设备和防御屏障。他的工作直接关系到飞船的生存能力和团队的行动能力。他不仅解决眼前的问题，还必须评估风险，以备不时之需。格兰特的工作是确保技术层面的稳定，为团队提供一个坚实的基础。

两人的工作相辅相成：艾莉亚的洞察力为格兰特的工作提供目标和方向，而格兰特的修复工作则保障了艾莉亚数据的准确传输。他们的合作体现了团队协作的重要性，每个成员的专业知识和技能都是在风暴中求生的关键因素。没有艾莉亚的科学洞察，格兰特可能陷入盲目修复；反之，没有格兰特的技术支持，艾莉亚的信息可能无法及时传达。这种紧密配合展示了在危机中的生存智慧，即只有通过集体的力量，才能最大程度地应对未知的挑战。)
questions
['2. 格兰特在面对飞船系统故障时，如何权衡立即修复和风险评估之间的关系？这对他的决策制定有何影响？', '3. 艾莉亚和格兰特的工作看似独立，但他们的配合如何体现团队协作在危机中的价值？他们是如何互相依赖的？', '4. 如果艾莉亚的数据传输受到干扰，她会如何调整自己的工作策略以适应这种情况？这反映了她在压力下的灵活性如何？', '5. 格兰特的长期规划和短期应急反应如何平衡？这在他们面临的极端环境下有何重要意义？', '6. 他们在风暴中的经历是否改变了他们对自身角色的认知？这如何影响他们的职业发展和自我认同？', '7. 如何通过艾莉亚和格兰特的故事，探讨在未知环境中的生存智慧和适应能力的重要性？', '8. 面对未知的危险，他们的决策过程如何体现科学与技术在实际应用中的结合？', '9. 在极端环境下，艾莉亚和格兰特如何保持沟通和信任，以确保团队的稳定运作？', '10. 这段经历如何塑造了艾莉亚和格兰特的性格特点，使他们在未来可能遇到的类似挑战中更为坚韧和高效？']
============================================================



============================================================
node
Node(ID: 2-13, Type: insight, Level: 2, Content: 基于给定的材料和问题，我们可以生成以下洞察：

艾莉亚的角色如同风暴中的数据解析者和决策顾问。她的生物探测器不仅反映了她的技术专长，也揭示了她对环境的深刻理解。当格兰特面临飞船设备故障时，艾莉亚的洞察力可能揭示出故障对团队生存策略的影响，比如可能需要重新规划航向或启动备份系统。同时，她协助团队理解这些故障的严重性，以便分配资源进行最有效的修复。

塞琳娜作为团队的信息中心，她的沟通策略展示了她的冷静判断和危机处理能力。她通过精准的信息筛选和表达，既保证了任务的高效执行，又减轻了团队成员因未知情况产生的压力。她的作用在于平衡信息流，降低决策的不确定性，从而增强团队在恶劣环境下的协作效能。

总的来说，这两位角色不仅各自在技术上发挥关键作用，而且他们的工作相互交织，共同构成了团队在风暴中生存和成功的坚实基石。他们的决策和行动都反映出对复杂环境的深入理解和对团队责任的执着追求。)
questions
['2. 当飞船设备出现故障时，艾莉亚如何分析故障对团队的具体影响，她的决策过程是如何体现她的技术专长和危机应对策略的？', '3. 在面对设备故障时，艾莉亚是否会有内心的挣扎或担忧？如果有，她是如何平衡这些情绪并保持冷静的？', '4. 塞琳娜的信息筛选和表达方式如何影响团队的决策速度和信任感？这反映了她对信息管理的哪些原则？', '5. 在极端环境下，塞琳娜如何通过提供准确和及时的信息来支持团队成员的心理健康？这体现了她的领导风格是什么？', '6. 两位角色的合作如何体现他们对团队责任的认识？他们在困难面前如何协调各自的技能以达成共同目标？', '7. 他们的工作如何反映在风暴这样的极端环境中，科技与人类智慧的结合对于生存的重要性？', '8. 当团队面临生死存亡的压力时，艾莉亚和塞琳娜的决策过程如何展现他们个人的价值观和道德考量？', '9. 他们的角色如何随着时间的推移和挑战的加剧而发展变化？这是否预示着他们未来可能会面临的更大挑战？', '10. 这两个角色的故事线如何影响读者对技术在危机管理中的角色和意义的理解？']
============================================================



============================================================
node
Node(ID: 2-14, Type: insight, Level: 2, Content: 艾莉亚、格兰特和塞琳娜的角色展现出人类在面对自然力量时的坚韧和智慧，体现在他们各自的职责中：艾莉亚的生物探测器技术使她在恶劣环境中识别生命迹象和预测风险，她的冷静判断确保团队在极端环境下作出明智决策；格兰特的故障诊断和修复能力，保障了飞船的基本功能，他的危机管理确保了团队的安全；塞琳娜的高效沟通技巧，稳定了团队情绪，优化了信息传递，减少了不确定性的负面影响。

他们的经历为未来的太空探索提供了重要启示：首先，科技是必不可少的辅助工具，它能扩展人类的感知能力和应对复杂环境的能力。其次，团队协作和专业分工至关重要，每个人都在自己的领域发挥关键作用。最后，危机处理和决策制定时，既要考虑现实的紧迫性，也要兼顾长远的生存策略。他们的故事提醒我们，在未知和挑战面前，人类的智慧、勇气和适应性是推动前进的关键。)
questions
['2. 在面对未知的自然力量时，艾莉亚如何平衡科技的使用和个人直觉？这如何塑造了她的决策风格？', '3. 格兰特的故障诊断如何转化为实际的危机解决方案？他在飞船面临严重故障时，如何保持冷静并快速找到解决办法？', '4. 塞琳娜的沟通技巧在团队中起到了怎样的黏合剂作用？她如何通过有效交流减少误解和恐慌，提升团队士气？', '5. 他们的工作如何体现人类在面对自然界的挑战时，如何通过专业知识和技能来弥补自身的局限性？', '6. 在长期的太空探索任务中，他们如何处理个人目标与团队目标之间的冲突，以实现共同的生存目标？', '7. 他们的故事如何强调了在困难时期，团队合作的重要性？每个人的专业知识如何互补，形成整体的力量？', '8. 当面临未知的危险时，他们的决策制定过程是如何体现权衡短期安全和长期生存策略的智慧的？', '9. 这些角色的经历如何证明了人类在面对未知时的适应性和创新精神？他们如何利用有限的资源创造出生存的可能性？', '10. 在他们的故事中，自然力量和科技发展之间的关系如何被描绘？这对未来太空探索可能带来哪些启示？']
============================================================



============================================================
node
Node(ID: 2-15, Type: insight, Level: 2, Content: 在艾莉亚、格兰特和塞琳娜的角色中，我们可以看出他们各自的专业领域和决策的重要性。艾莉亚作为生物探测器专家，她的洞察力不仅体现在环境监控上，还在于她对风暴动态的预测，这使得团队在危机中能够有预见性的行动。格兰特作为飞船维护的关键人物，他的技术修复能力和危机管理直接影响到飞船的生存可能性，他的决策关乎每个成员的生命安全。

塞琳娜作为通讯协调员，她的工作是过滤信息、精准传达，她的冷静判断和高效沟通技巧在高压环境下尤为关键，她帮助团队保持理智，减少恐慌，确保信息流转的准确性和及时性。

当格兰特面对飞船设备的临时故障时，他的洞察可能揭示出团队在技术层面的脆弱性，以及他们如何依赖于每个人的专长来弥补这种脆弱。而塞琳娜的洞察则可能显示了团队在信息过载下的决策策略，以及如何通过简化和明确沟通来应对不确定性。

总的来说，这三个角色的洞察力和决策不仅解答了眼前的问题，还揭示了他们在极端环境下求生的深层次策略和心理韧性，体现了角色的复杂性和团队合作的重要性。)
questions
['2. 格兰特的危机管理技能是如何在飞船面临未知故障时体现他角色的价值的？', '3. 塞琳娜在信息过载的情况下，如何通过她的沟通策略来平衡团队的焦虑和混乱？', '4. 在极端环境下，艾莉亚的预测能力如何转化为实际的生存策略？', '5. 格兰特的技术修复能力如何反映出团队对于技术依赖的风险意识？', '6. 塞琳娜的冷静判断在团队决策中起到了怎样的稳定作用？', '7. 当面临不确定性和危险时，这三个角色如何展现他们的心理韧性？', '8. 他们的决策过程如何体现了个体专业与团队协作之间的平衡？', '9. 如何通过艾莉亚和格兰特的专业知识，预防而非仅仅应对飞船可能遇到的问题？', '10. 团队在面对压力和挑战时，塞琳娜的角色如何促进了信息的有效整合和利用？', '11. 这些角色的洞察力如何帮助他们在面临未知时保持信心和决心？', '12. 在生死存亡的关头，这些角色的决策过程如何反映他们的道德观和价值观？', '13. 他们的故事如何展示了在极端环境下的领导力和责任分配？', '14. 如何通过他们的经历，理解在高风险情况下有效决策的重要性？']
============================================================



============================================================
node
Node(ID: 2-16, Type: insight, Level: 2, Content: 在风暴环境中，艾莉亚、格兰特和塞琳娜的角色决策体现了他们对未知的敬畏和对生命的尊重。艾莉亚作为生物探测器专家，她的工作不仅是技术操作，更是对自然规律和生存条件的精准解读，她提供的数据不仅帮助团队预判风险，也是对生命可能存在的可能性的尊重。格兰特的设备修复工作，每一步都着眼于飞船的生存需求，他明白任何小的故障都可能威胁到所有人的生命，因此他的决策不仅要解决眼前问题，还要考虑到长远的生存可能性。

塞琳娜的沟通策略则是对信息的精准筛选和有效传递，她知道过度的信息可能会引发恐慌，而过于简化的信息可能又忽视了重要细节。她通过这种方式，尽可能减少误解，确保团队在压力下仍能保持理智，这是对每个队员生命安全的尊重。他们的行为反映出，他们深知自己的职责不仅仅是完成任务，更是要保护每一个生命，这正是对未知环境的敬畏和对生命的尊重的具体体现。)
questions
['', '2. 格兰特在设备修复时，如何平衡短期问题解决与长期生存考虑？这反映了他对未知环境的何种态度？', '', '3. 塞琳娜的信息筛选策略背后的哲学是什么？她如何判断何时提供详细信息，何时保持简洁？这对团队的心理稳定有何影响？', '', '4. 在风暴环境中，艾莉亚、格兰特和塞琳娜各自的角色是如何相互补充，共同维护团队安全的？', '', '5. 这些角色的行为如何体现出他们对于未知的恐惧和尊重？这种恐惧和尊重如何驱动他们的行动？', '', '6. 他们如何在面对未知和危险时，坚守职责并确保每个队员的生命安全？这体现了怎样的团队价值观？', '', '7. 在极端环境下，角色的决策过程如何展现出他们个人的成长和变化？这如何影响他们对未知的应对方式？', '', '8. 他们的行为是否也暗示了一种生存哲学？如果面临生死抉择，他们如何权衡利弊？', '', '9. 这些角色的故事告诉我们，面对未知时，科学知识、专业技能和人际沟通的重要性分别体现在哪里？', '', '10. 在危机中，角色之间的信任和协作是如何建立和维系的？这对他们在风暴环境中的生存有何重要意义？']
============================================================



============================================================
node
Node(ID: 2-17, Type: insight, Level: 2, Content: 基于给定的材料和问题，我们可以生成以下洞察：

艾莉亚的角色就像一个隐形的数据科学家，她的生物探测器不仅是技术工具，更是她情感智能和战略思维的延伸。当面对风暴和飞船问题时，她不仅能提供科学事实，如生命迹象和风暴动态，还能够解读这些数据背后的潜在危机，引导团队做出适应性决策。她的存在使团队在科技与自然之间找到平衡，她的专业素养和冷静判断反映出她对生存本能的深刻理解和对团队责任的坚守。

格兰特作为飞船维护的关键人物，他的工作是飞船的生命线。面对临时故障，他不仅需要解决眼前的技术难题，还要预见可能的后果并制定应急计划。他的决策不仅关乎飞船的物理安全，也影响着团队在风暴中的生存策略，体现了他对风险管理和危机应对的深入理解。

塞琳娜作为团队的信息中心，她的沟通技巧如同飞船的导航系统，确保了关键信息的准确传达，降低了不确定性和恐慌情绪。她的决策过程兼顾了效率和完整性，反映了她对信息价值的敏锐判断以及对团队心理健康的关注。这表明她在高压环境中，扮演着稳定器和决策者的双重角色。

总的来说，这三个角色通过各自的专业技能和决策智慧，共同构建了一个既能应对风暴挑战，又能保护队员安全的高效运作团队。他们的洞察力、应变能力和团队协作，构成了这个角色对话系统的核心价值。)
questions
['2. 在处理飞船问题时，艾莉亚如何将她的科学知识转化为实际的生存策略？这显示了她怎样的决策过程？', '3. 格兰特在面临技术危机时，他的风险评估方法是如何体现他的责任感和危机管理能力的？', '4. 在面对未知的飞船故障时，格兰特如何平衡短期解决问题和长远的预防措施？这如何影响他的决策制定？', '5. 塞琳娜的沟通技巧如何影响团队成员的心理状态？她如何确保信息的准确性同时减轻恐慌情绪？', '6. 在高压环境下，塞琳娜如何平衡信息的传递速度和全面性？这反映了她怎样的心理素质？', '7. 这三个角色的合作模式如何体现团队之间的互补性和协同效应？他们如何共同应对风暴带来的复杂挑战？', '8. 他们的决策过程如何体现出对生存本能和科技运用的微妙平衡？这在故事中起到了什么样的叙事作用？', '9. 如何通过艾莉亚、格兰特和塞琳娜的角色来探讨在极端环境中的个人成长和团队精神的重要性？', '10. 这个角色对话系统如何反映了现实生活中团队合作中科学知识、技术技能和人际沟通的必要性？']
============================================================



============================================================
node
Node(ID: 2-18, Type: insight, Level: 2, Content: 在极端环境下，如艾莉亚和她的生物探测器，科技不仅是生存的工具，更是理解和预测未知的关键。它们提供了实时的数据，帮助角色（如艾莉亚）预判风暴动态，成为连接自然与人工智能的桥梁。然而，科技并非万能，如格兰特面临的关键系统故障，显示了技术的脆弱性和人类在应对突发情况时对技术依赖的风险。

另一方面，人类的心理适应性在这些情境中同样重要。塞琳娜的沟通策略展示了在压力下保持冷静，理智决策的能力，这是人类在面对生存挑战时的心理韧性。她平衡了信息传递的效率和准确性，既传达了必要的生存信息，又减轻了团队的恐慌情绪。

因此，科技和人类心理适应性的结合在极端环境中显得尤为关键。它们共同构成了一个动态的系统，使角色能够有效应对挑战，寻找生存机会，同时也揭示了人类在危机中寻求控制和秩序的内在需求。)
questions
['', '2. 格兰特的关键系统故障如何暴露了科技在极端环境中的局限性？这对他的决策过程有何影响？', '', '3. 塞琳娜的沟通策略如何体现了她在压力下的心理韧性？这在团队中的作用是什么？', '', '4. 在依赖科技的同时，人类在极端环境中如何找到自我决策和适应的平衡点？这对角色的成长有何影响？', '', '5. 人工智能在提供数据的同时，是否也带来了新的挑战，如信息过载或误解？艾莉亚是如何处理这些问题的？', '', '6. 面对未知的极端环境，人类对控制和秩序的需求如何驱动角色的行为和决策？这在故事中起到了怎样的叙事作用？', '', '7. 科技和人类心理适应性的结合在极端环境中如何塑造了一个动态的生存策略？这对我们理解和设计未来类似情境中的解决方案有何启示？', '', '8. 在危机中，角色是如何通过科技和心理适应性的相互作用，逐步建立信任和团队协作的？这在故事发展中起到了什么样的推动作用？', '', '9. 如何通过角色的经历展示人类在极限环境下的进化和学习？这对于我们理解人类行为和适应性有何重要意义？', '', '10. 在极端环境下，角色面临的挑战和抉择如何反映出他们个人的价值观和生活哲学？这如何深化了角色的复杂性？']
============================================================



============================================================
node
Node(ID: 2-1, Type: insight, Level: 2, Content: 艾莉亚的生物探测器操作在风暴中至关重要，因为这关系到寻找可能存在的生命迹象和寻找安全的避难方案。她的专业技能和冷静专注体现出她是一个具有高度责任感和专业知识的科学家，她在高压环境下保持逻辑清晰，这反映了她的冷静应变能力和对细节的敏锐把握。这不仅保证了团队在生存危机中的科学决策，也体现了她性格中的坚韧和对未知的好奇心。)
questions
['2. 在面对极端环境时，艾莉亚的冷静专注是如何形成的？有没有特定的经历或者训练影响了她？', '3. 艾莉亚的责任感是如何影响她在危险情况下的决策过程的？', '4. 她如何平衡科学理性与个人情感，以确保在压力下做出最佳判断？', '5. 艾莉亚的坚韧性格是如何在科研工作中体现出来的？这对她的团队有何积极影响？', '6. 对未知的好奇心是如何驱动艾莉亚在困难中坚持探索的？', '7. 在面对生死攸关的时刻，艾莉亚的心理承受能力是如何锻炼出来的？', '8. 生物探测器的操作对艾莉亚来说既是专业职责，也是个人挑战，她是如何处理这种职业和个人情感的交融的？', '9. 在团队中，艾莉亚的角色定位是什么？她的领导风格和决策方式如何影响了团队的凝聚力？', '10. 如果艾莉亚在寻找生命迹象的过程中遭遇失败，她会如何调整自己的策略和心态？']
============================================================



============================================================
node
Node(ID: 2-2, Type: insight, Level: 2, Content: 格兰特的技术专长在风暴中扮演了至关重要的角色。他通过监控和维护飞船的防御系统，确保设备正常运行，防止风暴带来的损害。他的细致入微体现在对每一个可能出现问题的环节都进行精细检查，提前发现并解决潜在故障，这为团队争取到了宝贵的时间和安全空间。他的决心则体现在面对风暴威胁时的毫不动摇，这种坚定不移的信心感染了团队，让每个人都明白只有坚守岗位，依靠技术解决问题，才能共度难关。因此，格兰特不仅是团队的技术支柱，更是团队精神的强化剂，他的专业性和毅力提升了团队在风暴中的凝聚力和战斗力。)
questions
['2. 格兰特如何通过技术手段预测和预防可能的故障？他的这种预见性是如何培养起来的？', '3. 当面对风暴威胁时，格兰特的决心来自何处？他的这种坚定信念是如何影响整个团队的士气的？', '4. 在高压环境下，格兰特如何平衡技术责任和个人情绪？这显示了他怎样的心理素质？', '5. 格兰特的角色不仅仅是技术专家，他在团队中的领导力体现在哪些方面？他的存在如何改变了团队应对风暴的方式？', '6. 如何评价格兰特在维护飞船防御系统时，对每一个细节都不放过的态度？这对团队的整体效率有何影响？', '7. 面对困难，格兰特是如何将他的专业性和毅力转化为团队动力的？这给我们什么关于团队建设的启示？', '8. 在风暴中，如果防御系统出现问题，格兰特会如何快速做出决策并解决问题？这展现了他怎样的应急处理能力？', '9. 格兰特的故事告诉我们，技术在危机中的重要性是什么？这对我们理解和尊重不同领域专家有何意义？', '10. 如果没有格兰特的专业支持，团队在风暴中可能会面临怎样的后果？这突显了他的角色不可替代性。']
============================================================



============================================================
node
Node(ID: 2-3, Type: insight, Level: 2, Content: 塞琳娜的冷静指挥在团队决策过程中起到了关键的平衡作用。她作为团队的神经中枢，通过有效的沟通和协调，确保每个人都明白自己的任务和责任。在风暴这样的高压环境下，她有能力整合各成员的专业知识和情绪反馈，形成一个集思广益的过程。当团队成员的观点存在分歧时，塞琳娜凭借她的判断力和沟通技巧，能够引导大家理性分析问题，找出最符合当前情境的解决方案。她的冷静不仅稳定了团队的情绪，还促使团队成员尊重并信任彼此的专业意见，从而做出更为理智和全面的决策。因此，塞琳娜的存在就像是一股稳定的力量，让团队在复杂情况下保持高效运作。)
questions
['2. 在高压环境下，塞琳娜如何平衡专业知识和情绪反馈？这反映了她的哪些性格特质？', '3. 塞琳娜的判断力是如何形成的？她有什么方法来确保团队成员在观点分歧时能进行理性分析？', '4. 在处理团队冲突时，塞琳娜的沟通技巧具体体现在哪些方面？这对团队氛围有何影响？', '5. 塞琳娜的冷静对于团队决策有多重要？这种冷静是否经过刻意培养，还是自然流露的个性？', '6. 塞琳娜如何建立和维护团队成员之间的信任关系？这与她的领导方式有何关联？', '7. 在复杂情况下，塞琳娜如何通过稳定的力量推动团队高效运作？这是否与她的决策制定过程有关？', '8. 塞琳娜的成功案例中，有没有遇到过特别具有挑战性的决策时刻？她是如何应对的？', '9. 对于塞琳娜来说，团队的稳定和效率哪个更重要？为什么？', '10. 如何评价塞琳娜在处理突发事件时，她的应急能力和决策速度？这对她的领导力有何影响？']
============================================================



============================================================
node
Node(ID: 2-4, Type: insight, Level: 2, Content: 赫斯特的深度分析能力源于他对古代文明的深厚理解和对神秘符号的执着探究。他的思维模式是系统性的，能够从复杂的符号中提炼出关键的信息，这使他能够看到风暴下的潜在规律和历史线索。他的求知欲驱使他超越表面现象，挖掘隐藏的历史价值，这使得他的洞察力成为团队在困境中寻找突破的关键因素。他的分析不仅是对知识的运用，更是对团队精神的支持，为他们提供了在风暴中生存的理论依据和心理支持。)
questions
['2. 在面对复杂符号时，赫斯特的系统性思维是如何帮助他在风暴中发现潜在规律的？', '3. 赫斯特的求知欲是如何驱使他不断超越表面现象，深入挖掘历史价值的？', '4. 他的洞察力如何转化为实际的团队策略，帮助他们在困境中找到突破点？', '5. 赫斯特的分析过程如何体现他对团队精神的支持？这对他个人的心理状态有何影响？', '6. 他的理论依据是如何形成的，这对团队成员的信心和决策制定有何影响？', '7. 在面对挑战时，赫斯特是如何平衡他的专业知识和对团队成员的情感支持的？', '8. 他的方法论对于处理未知和复杂情况有何独特之处？这在哪些具体情况下得到了体现？', '9. 赫斯特的故事告诉我们，深入理解和解析符号对理解历史有多重要？这对现代社会有什么启示？', '10. 如何培养像赫斯特一样的深度分析能力和对知识的持久追求？']
============================================================



============================================================
node
Node(ID: 2-5, Type: insight, Level: 2, Content: 雷欧尼德队长的决断力源于他过往的领导经验和对危机管理的深刻理解。过去的风暴或者其他紧急情况可能教会他，快速而准确的决策对于团队的生存至关重要。他明白在高压环境下，混乱只会加剧问题，而坚定的领导能稳定军心，引导团队走向安全。他的决断力不仅基于事实分析，也基于对每个队员能力和信任的深厚理解。这样的领导风格，使得他在面临当前的风暴时，能够凭借过去的教训，迅速做出决策，带领团队有效地应对挑战。)
questions
['2. 在面对危机时，他的决断力是如何与对团队成员的信任相结合的？', '3. 雷欧尼德队长如何通过个人的领导经验来判断何时需要快速决策，何时需要寻求更多信息？', '4. 他在高压环境下如何保持冷静，避免陷入混乱的决策过程？', '5. 雷欧尼德队长的决断力是否曾面临过挑战？如果有，他是如何处理这些挑战的？', '6. 他的领导风格如何影响团队成员对紧急情况的应对态度和行为？', '7. 在风暴来临前，雷欧尼德队长会做哪些准备工作来确保他的决策能够迅速且正确？', '8. 如何理解雷欧尼德队长对“混乱只会加剧问题”的观点？这反映了他对人性和社会动态怎样的洞察？', '9. 他的决断力是否也受到个人情感的影响？如果有，是如何平衡理智与情感的？', '10. 在面对未来的未知危机时，雷欧尼德队长如何持续学习和适应，以保持他的决策能力？']
============================================================



============================================================
node
Node(ID: 2-6, Type: insight, Level: 2, Content: 团队成员在面对风暴时，通过各自的专长和角色互补展现出高度的协作与信任。赫斯特的深度分析和符号解读，为团队提供了理论上的支持和历史视角，帮助他们理解风暴可能的来源和潜在影响。艾莉亚的专业技能确保了生命探测和避难策略的执行，而格兰特的技术维护则保证了飞船安全。塞琳娜作为冷静的指挥者，有效地协调团队行动，确保每个人都明白职责所在。

雷欧尼德队长作为领导者，他的决策力和信任给予团队稳定的指导和积极的心理暗示。他的领导风格促使每个成员都能在压力下发挥最大效能，共同形成了一种应对风暴的高效策略。这种协作不仅体现在任务执行上，更深层次的是他们对彼此能力的认同和依赖，这反映出他们之间的深厚信任和高度的团队凝聚力。

总的来说，团队成员通过各自的专长和相互信任，形成了一个坚固的防御网，共同应对风暴的压力，展现了他们面对挑战时的团结、韧性和成长。)
questions
['2. 艾莉亚的专业技能在风暴中的具体应用是什么？她的工作如何确保了团队的安全？', '3. 格兰特的技术维护在风暴应对中的作用是什么？他的工作如何与团队的其他部分协同？', '4. 塞琳娜作为指挥者的决策过程中，她如何平衡权威与倾听团队成员的建议？她的领导风格如何影响团队士气？', '5. 雷欧尼德队长的决策力是如何在高压环境下发挥作用的？他的信任如何影响团队成员的表现？', '6. 队员们对彼此能力的认同和依赖是如何建立起来的？这对团队的协作有何深远影响？', '7. 在风暴面前，团队的高效策略是如何形成的？这种策略如何体现出他们的集体智慧？', '8. 面对挑战，团队成员的成长和变化体现在哪些方面？这对他们的个人发展有何影响？', '9. 团队的团结和韧性如何在风暴中得到体现？这种品质如何塑造他们的团队文化？', '10. 从这次经历中，团队成员可能学到哪些关于领导力、信任和危机管理的重要教训？']
============================================================



============================================================
node
Node(ID: 2-7, Type: insight, Level: 2, Content: 在风暴中的团队合作中，每个角色的成长和变化体现在他们各自的专业技能和心理素质的展现上。赫斯特的深度分析和历史知识，帮助团队理解风暴的潜在历史背景；艾莉亚的冷静与专注，强化了团队的科学决策过程；格兰特的技术支持则确保了团队的物质安全。塞琳娜的协调和沟通能力，让团队的信息流通和任务分配更加顺畅。

雷欧尼德队长作为领导者，他的领导力和决策能力在危机中得到了升华，他不仅指挥团队执行策略，还激发了队员们的信任和士气。这种团队协作展示了他们如何在压力下相互依赖，互相学习，各自的技能得以提升，个人成长与团队目标相辅相成。

风暴中的挑战促使团队成员超越自我，发现并利用自己的潜力。这种经历增强了他们的团队凝聚力，让他们明白每个人都是不可或缺的一部分，共同的目标和挑战让他们更加团结。这种集体成长不仅提升了个人能力，也为未来面对类似困境时提供了宝贵的经验和信心。)
questions
['2. 赫斯特的历史知识如何转化为他在风暴中的实际作用？这是否反映出他对历史事件的深刻理解和应用？', '3. 艾莉亚的冷静和专注如何在团队决策中起到关键作用？她的这种特质是如何形成的？', '4. 格兰特的技术支持如何确保团队在面对风暴时的物资安全？他的角色在团队中的重要性体现在哪些方面？', '5. 塞琳娜的协调和沟通能力如何促进团队内部信息的共享和冲突解决？这对团队的整体效率有何影响？', '6. 雷欧尼德队长在危机中的决策过程中，有没有遇到过困难或挑战？他是如何处理这些挑战的？', '7. 团队成员在风暴中如何通过相互依赖和学习来提升各自的能力？这反映了什么关于团队合作的重要性？', '8. 风暴过后，团队成员对自己的认识和角色定位有何变化？这对他们的个人成长有何深远影响？', '9. 面对未来的挑战，团队从这次风暴中学到的关键教训是什么？这将如何影响他们的应对策略？', '10. 团队的集体成长如何塑造了他们对困难和压力的看法？这如何影响他们面对生活其他方面的态度？']
============================================================



============================================================
node
Node(ID: 2-8, Type: insight, Level: 2, Content: 雷欧尼德队长的领导风格在风暴中扮演了关键的角色，他凭借坚定而果断的决策，为团队设立清晰的方向，并给予每个成员信任和空间去发挥自己的专业技能。他的领导方式强调了每个角色的独特价值，使得团队成员明白他们的工作如何直接关系到整体的生存和成功。这种风格促使团队成员增强自我认知，认识到他们的专业能力和责任，从而在面对风暴时能更加自信和协作。

雷欧尼德队长的领导不仅体现在危机处理上，更是一种心理支持，他通过自身的冷静和决断，传递给团队成员一种安全感，让他们知道即使在最混乱的时刻，也有一个可靠的领导者在引导他们。这种影响提升了团队成员的责任感，使他们更愿意承担责任并主动寻找解决问题的方法，从而形成了一种团结、有组织的应对策略。总的来说，雷欧尼德队长的领导风格塑造了一个高效、团结且充满韧性的团队，共同面对和克服风暴带来的困难。)
questions
['2. 他的领导风格如何帮助团队成员建立自我效能感，尤其是在面对压力和不确定性时？', '3. 雷欧尼德队长是如何通过信任和授权提升团队成员的创新能力和解决问题的能力的？', '4. 他的领导风格如何促进了团队内部的沟通和协作，特别是在决策过程中的信息共享？', '5. 雷欧尼德队长的冷静和决断力是从何而来？这对他个人的心理素质有何影响？', '6. 在面对风暴这样的极端情况时，他的领导风格如何转化为团队成员的具体行动和策略？', '7. 如何评价雷欧尼德队长在提供心理支持和实际指导之间的平衡？', '8. 这种领导风格对团队成员的长期职业发展有什么影响？', '9. 雷欧尼德队长如何确保每个团队成员都明白他们的工作如何影响整个团队的成功？', '10. 在塑造高效团队方面，雷欧尼德队长的哪些具体做法最具启发性？']
============================================================



============================================================
node
Node(ID: 2-9, Type: insight, Level: 2, Content: 在雷欧尼德队长的领导下，团队在面临未知和危险时，依靠他的冷静分析和坚定决策，找到了在风暴中求生的方法。他的领导风格建立在信任与尊重每个队员的基础上，他知道如何利用每个人的专长，使得团队成员能够在紧张局势中保持专业，发挥出最大的效能。这种领导不仅提供了明确的方向，也提振了团队的士气，让他们相信即使在困难中也能找到生存的希望。这体现的团队精神是：团结协作，相互信任，每个人都发挥自己在困难中的价值，共同应对挑战，从而形成了一种坚韧不拔、共克时艰的团队力量。)
questions
['2. 队员们是如何看待雷欧尼德队长的信任和尊重策略的？这种领导方式对他们的工作态度有何影响？', '3. 雷欧尼德是如何识别并利用每个队员的独特专长的？这对团队的整体效能提升起到了什么作用？', '4. 在风暴中，团队的士气是如何被提振起来的？这与雷欧尼德队长的领导风格有何直接关联？', '5. 团队精神“团结协作，相互信任”在面对困难时具体体现在哪些行动上？这如何塑造了团队的凝聚力？', '6. 雷欧尼德队长的领导风格是否经历过转变？如果是，是什么促使他调整策略的？', '7. 在最困难的时刻，队员们是如何找到个人价值感的？这种体验对他们的个人成长有何影响？', '8. 如何解释团队在面对未知和危险时，为何能始终保持坚韧不拔的精神？这种精神的根源是什么？', '9. 雷欧尼德队长的故事给我们关于领导力的哪些启示？在何种情况下，这种领导风格最为有效？', '10. 这个团队的经历如何改变了他们对于困难和挑战的看法？他们如何将这种经历转化为日常生活和工作中处理问题的方式？']
============================================================



============================================================
node
Node(ID: 2-1, Type: insight, Level: 2, Content: 艾莉亚在危机中的专业表现，通过她的细致观察和敏锐直觉，体现了她坚韧不拔的性格特点和对工作的专注。作为侦查角色，她在团队中扮演了至关重要的信息获取者和决策支持者的角色。她的专业知识帮助团队快速识别潜在威胁，评估环境变化，并在有限的时间内做出明智的决策。例如，她利用生物探测器发现的生命迹象或环境线索，引导团队避开危险区域，或者寻找可能的生存资源。艾莉亚的冷静分析和果断行动，使得团队在风暴中始终保持理智，她的存在提升了团队的整体决策质量，增强了大家的信心，推动了团队朝着共同的目标前进。)
questions
['2. 在侦查过程中，艾莉亚是如何结合她的专业知识和直觉来做出决策的？这说明她对工作的理解和信任程度如何？', '3. 生物探测器在艾莉亚的决策中起到了怎样的关键作用？这如何体现她的技术专长和创新思维？', '4. 艾莉亚如何平衡风险评估与行动执行之间的关系？这反映了她对冒险和安全的权衡策略是什么？', '5. 她的领导风格是如何影响团队成员对危机处理的信心和效率的？她的存在如何塑造了团队的动态？', '6. 艾莉亚在团队中的角色转换，从信息获取者到决策支持者，她是如何逐步建立这种权威的？', '7. 面对困难和挑战，艾莉亚的心理韧性是如何形成的？这对她的成长和团队合作有何影响？', '8. 你认为艾莉亚的成功是否仅仅依赖于她的个人能力，还是团队协作也起着决定性作用？为什么？', '9. 艾莉亚的故事线如何展示了在极端环境下，一个人如何通过专业知识和坚定信念来影响他人并推动团队前行？', '10. 如果艾莉亚面临一个没有明确答案的复杂问题，她的决策过程会是什么样的？这揭示了她的决策风格和价值观。']
============================================================



============================================================
node
Node(ID: 2-2, Type: insight, Level: 2, Content: 格兰特的责任感体现在他对飞船防御系统的严谨维护上。他深知这个系统对于飞船在宇宙风暴中的生存至关重要。他的细致工作确保了防御系统在风暴期间的稳定运行，每一道检查、每一次修复都像是一道生命线，为飞船抵御外部威胁提供了坚实屏障。一旦防御系统出现哪怕微小的故障，都可能导致飞船遭受严重损伤，甚至危及所有人的生命。因此，格兰特的每一个技术抉择和辛勤付出，都在实实在在地提高团队在风暴中的生存概率，为他们在未知的宇宙环境中争取到了宝贵的时间和安全空间。他的责任感不仅是对自身职责的坚守，也是对团队成员生命安全的无言保障。)