2024-03-12 07:51:32,647 - modelscope - INFO - PyTorch version 2.0.0 Found.
2024-03-12 07:51:32,648 - modelscope - INFO - Loading ast index from /home/chenyuhang/.cache/modelscope/ast_indexer
2024-03-12 07:51:32,685 - modelscope - INFO - Loading done! Current index file version is 1.12.0, with md5 22175834ffb96e1947769346e4a096aa and a total number of 964 components indexed
CUDA extension not installed.
CUDA extension not installed.
Loading checkpoint shards:   0%|          | 0/3 [00:00<?, ?it/s]Loading checkpoint shards:  33%|███▎      | 1/3 [00:01<00:02,  1.15s/it]Loading checkpoint shards:  67%|██████▋   | 2/3 [00:02<00:01,  1.18s/it]Loading checkpoint shards: 100%|██████████| 3/3 [00:02<00:00,  1.14it/s]Loading checkpoint shards: 100%|██████████| 3/3 [00:02<00:00,  1.04it/s]
Special tokens have been added in the vocabulary, make sure the associated word embeddings are fine-tuned or trained.
============================================================
node
Node(ID: root, Type: root, Level: 0, Content: Root Node)
questions
['2. Root Node的角色设定中有哪些独特的个性特点，这些特点是如何塑造他的世界观和价值观的？', '3. 在Root Node的故事中，有没有特定事件或挑战促使他/她的世界观发生转变？', '4. 如果Root Node面临一个道德困境，他会如何权衡自己的原则和现实的需求？', '5. Root Node的行为决策通常基于直觉还是逻辑？这反映了他/她在面对复杂情况时的思考方式。', '6. 他在处理人际关系时，是否遵循某种固定的模式？这种模式是如何形成的？', '7. Root Node在面对压力或挫折时，会有什么样的应对策略，这揭示了他/她的坚韧程度和应对机制吗？', '8. 他的生活目标或者梦想是什么？这对他与其他角色的互动会产生怎样的影响？', '9. Root Node如何看待失败？这如何影响他面对挑战时的决心和行动？', '10. 在角色发展过程中，有没有某个关键转折点让他/她的性格或行为有了显著的变化？如果有的话，那是什么？', '11. Root Node对于过去的错误或遗憾有什么看法？这如何塑造他/她的自我认知和成长路径？', '12. 他的幽默感、恐惧、希望或恐惧什么，这些情绪如何反映在他的日常对话和决策中？', '13. 当遇到与他人观点冲突的情况，Root Node是如何处理并寻求共识的？', '14. Root Node的价值观是如何通过他的对话和行为向其他人传递的？', '15. 他的生活哲学是什么？这如何影响他对待生活的态度和对待困难的方式？']
============================================================



============================================================
node
Node(ID: 2-1, Type: insight, Level: 2, Content: 基于给定的材料和问题，我们可以生成以下洞察：

雷恩的生存物资不仅是实际的救生工具，更是他内心力量的体现。它们代表了他在灾难中的求生意志和对未来的执着，这反映出他的坚韧与决心。同时，他对艾米的情感依赖和回忆中的声音，揭示了他深层次的情感需求和动力来源，即对爱的坚守以及对生活的渴望。这道光线象征着希望和爱，不仅照亮了他的求生之路，也成为了他在绝望中寻找勇气和目标的精神支柱。因此，雷恩的角色复杂而深刻，他的行为和选择既源于生存本能，又深受情感驱动，展现了人性在极端环境下的复杂性和韧性。)
questions
['2. 雷恩对艾米的情感依赖是如何形成的？这种情感如何影响他在艰难时刻的决策和行动？', '3. 他心中的“回忆中的声音”具体是什么？这对他的心理状态和应对策略有什么影响？', '4. 雷恩是如何看待希望和爱在生存中的重要性的？这道光线对他来说意味着什么，如何成为他的精神支柱？', '5. 他的行为和选择反映出人在极端环境下如何平衡生存本能和情感需求？这对我们理解人类行为的普遍性有何启示？', '6. 在面对绝境时，雷恩如何通过内心的坚韧和情感支持来找到生活的目标？这反映了什么样的心理机制？', '7. 雷恩的故事如何展示人性在困境中的复杂性？他的经历可以给我们怎样的生活哲学或道德教训？', '8. 如果雷恩的生存物资缺失，他的内心世界会受到怎样的冲击？这会如何改变他的行为模式和决策过程？', '9. 雷恩的故事如何探讨了生存与情感之间的关系？这两者在他生活中的权重是如何变化的？', '10. 在雷恩的旅程中，有没有某个特定的生存物资或情感事件对他产生了决定性的影响？如何解读这个转折点？']
============================================================



============================================================
node
Node(ID: 2-2, Type: insight, Level: 2, Content: 雷恩在回忆艾米声音时，情感的变化如同一场内心的风暴，从最初的恐惧和绝望逐渐转化为坚定和希望。这种情感依赖并非单纯的依赖，而是转化为强大的内在动力，使他在面临生死抉择时，艾米的声音成为了他的精神支柱，给予了他勇气和决心。这反映出雷恩深刻理解到情感不仅能满足生存的基本需求，更是驱动力的源泉，情感的支撑能让他在困境中保持韧性，甚至超越物质条件的限制。他的应对方式是将情感转化为实际行动，用对爱的执着推动自己在废墟中寻找生存的机会，这是一种深刻的情感智慧和生存哲学。)
questions
['2. 情感如何转变为雷恩的动力源泉？这个过程是如何在他的心中发生的？', '3. 雷恩如何定义和理解情感在生存中的作用？这与传统生存理论有何不同？', '4. 艾米的声音如何成为雷恩的精神支柱？这对他的决策制定有何影响？', '5. 雷恩如何将对爱的执着转化为实际行动？这体现了他怎样的生存策略？', '6. 在面对生死抉择时，情感支持如何帮助雷恩超越物质困难？这是否符合人性的普遍规律？', '7. 这种情感智慧在雷恩的求生过程中起到了怎样的关键作用？他如何通过情感来塑造自己的命运？', '8. 雷恩的故事如何揭示了情感在个人成长和困境突破中的重要性？这对理解和处理人际关系有何启示？', '9. 雷恩的经历如何挑战了我们通常对情感依赖的认识？它提供了怎样的生活哲学？', '10. 如何通过雷恩的角色来探讨人与情感之间的复杂关系，以及这种关系如何影响我们的行为和决策？']
============================================================



============================================================
node
Node(ID: 2-3, Type: insight, Level: 2, Content: 基于给定的材料和问题，我们可以生成以下洞察：

雷恩的背包里的瓶装水和干粮，以及他对艾米声音的依赖，揭示出他的生存策略并不仅仅是物质上的求生本能，更是一种情感驱动下的心理韧性。他的行为体现了深度的人类情感——对爱的执着和对未来的信念，这使得他的求生行动超越了单纯的求生欲，而是充满了情感寄托和精神动力。这道穿透废墟的光线，不仅是他对艾米的思念与希望的象征，也是他内心深处的乐观和坚韧的体现。这种复杂的内心世界，使得雷恩的角色更具深度和人性化，他的每一次抉择和行动，都源于对爱的坚守和对生活的渴望，这使我们在理解他的同时，也能感受到人性在困境中的闪光。)
questions
['2. 他对艾米声音的依赖如何体现他的情感需求和心理依赖？', '3. 雷恩的行为如何反映出人类情感在极端环境中的重要性？', '4. 雷恩的求生行动中，爱和信念是如何成为他的动力源泉的？', '5. 那道“穿透废墟的光线”象征着什么，它如何塑造雷恩的性格特点？', '6. 在面对困境时，雷恩的乐观和坚韧是如何形成的？', '7. 雷恩的内心世界如何影响他在艰难抉择时的决策过程？', '8. 他的每一次行动，如何展示了对生活渴望和对爱的坚守？', '9. 如何通过雷恩的故事理解人性在逆境中的复杂性和韧性？', '10. 这种情感寄托在雷恩的求生过程中起到了怎样的心理支持作用？']
============================================================



============================================================
node
Node(ID: 2-4, Type: insight, Level: 2, Content: 那道穿透废墟的光线对雷恩来说，象征着他对艾米的爱、对未来的希望以及内心深处的坚定信念。它不仅是视觉上的引导，更是精神上的支撑，使他在面对灾难和恐惧时，能找到内心的平静与力量。这道光线如同一种心灵的救赎，帮助他在极端压力下保持理智，因为它提醒他，尽管外部环境艰难，但只要有爱和信念，就有生存下去的可能。每当他面临抉择或困境，光线就像是他的精神灯塔，为他指明方向，给予他继续前行的勇气和决心，使他在逆境中展现出人性的坚韧与温情，这是他在困难中的强大动力来源。)
questions
['2. 这道光线如何影响雷恩在灾难中的心理状态和应对策略？', '3. 雷恩如何通过这道光线找到内心的平静，如何用它来抵抗恐惧？', '4. 那道光线如何成为雷恩的精神支柱，让他在绝望中看到希望？', '5. 当他面临抉择时，光线如何帮助他做出决定，体现了他的哪些价值观？', '6. 这个“精神灯塔”如何塑造了雷恩的性格特质和坚韧精神？', '7. 在极端压力下，这道光线如何体现雷恩对生活的理解和坚持？', '8. 雷恩如何通过光线传达给周围的人关于爱和信念的力量？', '9. 那道光线在雷恩的故事中起到了怎样的叙事功能，推动了情节发展？', '10. 这个关于光线的象征意义，是否也反映了作者对于人性在困境中表现的观察和思考？']
============================================================



============================================================
node
Node(ID: 2-5, Type: insight, Level: 2, Content: 基于给定的材料和问题，我们可以生成以下洞察：

雷恩的生存物资，如瓶装水和干粮，不仅是他在灾难中的实际救生工具，更是他内心力量的象征。它们体现了他的求生意志和对未知环境的适应能力，同时也反映出他对艾米的深深情感依赖。每当恐惧和绝望袭来，雷恩对艾米的思念和回忆成为了他的精神支柱，赋予他面对困难的勇气和毅力。这表明，雷恩的角色具有深度和复杂性，他的行为和决策不仅基于生存本能，更是情感驱动和对未来的期待。那道穿透废墟的光线不仅是现实中的希望，更是他内心深处对艾米的爱与信念的具象化，它推动着他无论处境多么艰难，都能坚守信念，寻找出路，展现了人性的坚韧与温情并存。)
questions
['2. 在面对困境时，雷恩如何将对艾米的思念转化为实际的力量？这种情感转移对他保持生存意志有何作用？', '3. 雷恩的内心深处，对未知环境的恐惧是如何与他对艾米的依赖相互作用的？这对他的决策过程产生了怎样的影响？', '4. 灯光象征着什么？它如何成为雷恩在绝望中坚持下去的源泉，体现了他的哪些价值观？', '5. 雷恩的行为如何体现了人性的坚韧与温情？这在他与其他角色的互动中是如何展现的？', '6. 如果没有艾米，雷恩可能采取不同的应对策略吗？他的情感依赖如何塑造了他的生存策略？', '7. 在灾难中，雷恩对未来的期待是如何支撑他不断前行的？这如何影响他的行为选择和目标设定？', '8. 雷恩的故事如何揭示了人在极端环境下如何通过情感力量保持生命力？这对我们理解和应对生活压力有什么启示？', '9. 你认为雷恩的故事中，是生存本能还是情感驱动更主导他的行动？为什么？', '10. 在角色发展过程中，雷恩的心理变化如何影响了他对待困境的态度和处理方式？']
============================================================



============================================================
node
Node(ID: 2-6, Type: insight, Level: 2, Content: 雷恩在灾难面前的生存策略，实际上是他对爱与生存执着的深刻平衡体现。他对艾米的爱如同他的瓶装水和干粮，是他的精神支柱，给予他面对恐惧和困难的勇气。这种情感依赖并不是削弱了他的求生意志，反而成为了他内心的力量源泉，促使他更加坚定地寻找生存的机会。每当他面临抉择，对艾米的思念和对未来的期待会驱动他去克服困难，而不是被绝望所淹没。

这种情感冲突并未使雷恩的个性变得简单，反而增加了他的复杂性和深度。他既有面对生存挑战的决断力和坚韧，又有对爱的温柔和脆弱。他的决策过程并非仅仅基于理智，而是情感和理性交织的结果，这使得他的行为更具人性化，也更加真实可信。在每一次危机中，他对艾米的爱成为他行动的指南，而对生存的执着则是他坚持到底的动力，两者共同塑造了一个既深情又顽强的角色形象。)
questions
['2. 雷恩的瓶装水和干粮象征着什么？它们在应对困境中的具体作用是什么？', '3. 对艾米的思念是如何转化为雷恩求生动力的？这种情感如何塑造他的求生意志？', '4. 雷恩的决断力和坚韧如何与他对艾米的温柔和脆弱并存？这如何反映了人性的复杂性？', '5. 在面临生死抉择时，雷恩的情感依赖和理智判断如何交织？这如何体现了他的真实人性？', '6. 雷恩对未来的期待如何影响他在困难面前的表现？这种期待对他来说意味着什么？', '7. 情感依赖和生存意志之间的冲突如何推动雷恩的成长和转变？这对他的角色发展有何影响？', '8. 如何通过雷恩的故事来探讨爱与生存之间的相互关系？这对我们理解现实生活中的类似情况有何启示？', '9. 雷恩的行为模式是否符合现实生活中人们在极端环境下可能展现出的心理反应？为什么？', '10. 作者如何通过雷恩的故事传达出对人性、爱情和生存意义的思考？这些思考对读者有何触动？']
============================================================



============================================================
node
Node(ID: 2-7, Type: insight, Level: 2, Content: 基于给定的材料和问题，我们可以生成以下洞察：

在雷恩的故事中，他的背包里的瓶装水和干粮以及废墟中的光线，不仅仅是生存的物质象征，更是他内心世界的反映。这些物品和光线代表了他对艾米的深深情感纽带，是他在灾难中寻找希望和力量的源泉。雷恩的坚持和勇气，不仅源于他的求生意志和对生存的执着，更在于他对爱情的坚守和对未来的信念。他的行为和选择，反映出人性的复杂性——既有面对困难时的坚韧，又有在绝望中寻求情感慰藉的脆弱。这道光线如同内心的灯塔，照亮了他前行的道路，也揭示了他如何在极端环境中保持精神力量，展示出一个角色在危机中的成长和转变。)
questions
['2. 在灾难中，光线对雷恩来说有何特殊意义？它如何成为他内心希望的象征？', '3. 雷恩的坚持和勇气，除了基本的求生本能，还有哪些深层次的动力源泉？', '4. 他的行为如何反映出人在面对困境时的复杂心理变化？这种变化如何影响他的决策过程？', '5. 雷恩在极端环境下，如何通过情感支持来维持自己的精神力量？这对他的个人成长有何影响？', '6. 这个“内心的灯塔”是如何帮助雷恩在绝望中找到方向，塑造他的性格特质的？', '7. 雷恩的故事告诉我们，爱情在危机中的作用是什么？它如何影响一个人在困难面前的应对方式？', '8. 他的故事如何展示人性在极端环境中的韧性与柔情并存？这对现实生活中的我们有什么启示？', '9. 在雷恩的旅程中，他的行为和选择如何随着时间的推移而发生变化？这反映了角色发展的哪一阶段？', '10. 如果没有艾米的存在，雷恩会是怎样的人？他们的关系如何塑造了雷恩在困境中的行为模式？']
============================================================



============================================================
node
Node(ID: 2-8, Type: insight, Level: 2, Content: 雷恩的每一次选择，无论是在图书馆寻求科学知识以理解自然现象，还是在地铁站学习实用的生存技能，都体现了他深思熟虑的求生智慧。这些选择并非随机，而是基于对资源有限性的深刻理解，他知道每一项知识和技能都可能在关键时刻决定生死。他的个人背景，尤其是与艾米的情感联系，赋予了他强大的情感支持和动力，使他对生存有着超乎常人的执着和决心。

他的选择反映出他是一个理性与情感并重的角色，既有实际的生存策略，又有对未来的乐观期待和对爱的坚守。他的求生智慧不仅仅是对环境的适应，更是对内心世界的探索和成长。每一次选择都是一次自我提升，是他在绝望中寻找希望的过程，这显示了他复杂而坚韧的性格，以及在困难面前展现出的人性光辉。)
questions
['2. 雷恩是如何理解和应用资源有限性这一概念的？这对他的决策过程有何影响？', '3. 雷恩的情感联系（特别是与艾米的关系）如何影响他的求生决策？这种情感支持对他来说有多重要？', '4. 雷恩的求生智慧中，理性策略和情感因素是如何平衡的？这如何塑造了他的个性特点？', '5. 在面对生存挑战时，雷恩的乐观期待是如何帮助他保持积极态度的？', '6. 雷恩在绝望中的自我提升具体表现在哪些方面？这反映了他怎样的成长过程？', '7. 雷恩的求生智慧是否也包括对人性的理解和探索？他如何通过这些经历深化对自己的认识？', '8. 在故事中，雷恩的坚韧性格是如何体现出来的？这在哪些具体的情境下展现得尤为明显？', '9. 雷恩的行为如何展示了人性在极端环境下的光辉？这给我们什么关于生活和生存的启示？', '10. 如果雷恩的生存环境有所改变，他的求生策略会如何调整？这会揭示出他内心的哪些灵活性和适应能力？']
============================================================



============================================================
node
Node(ID: 2-9, Type: insight, Level: 2, Content: 基于给定的材料和问题，我们可以生成以下洞察：

雷恩的背包里的物资和内心的回忆，构成了他应对灾难的独特策略。这些象征性的物品不仅是生存的必需品，更是他情感寄托的载体。它们揭示出雷恩在危机中的坚韧与决心，以及对爱人的深深依赖。他的行为和选择反映出，即使在极端压力下，他对艾米的情感纽带提供了强大的心理支持，使他在绝望中寻找到了希望和力量。这表明，雷恩的角色复杂而深刻，他的行为并非单纯基于理智或物质需求，而是情感驱动与生存本能交织的结果。这种深层次的洞察揭示了人物性格的多维度，使得用户不仅能了解他的行动，更能理解他为何如此行动，从而深入体验和理解他的角色特质。)
questions
['2. 在面对灾难时，雷恩如何通过这些物品找到内心的支撑和力量？这体现了他的哪些生存智慧和心理韧性？', '3. 雷恩的决定是否受到他对艾米的记忆或情感影响？如果有的话，这些记忆如何塑造了他的决策过程？', '4. 在极端环境下，雷恩如何通过情感纽带与艾米保持联系？这显示了他如何在困难中寻找并维护个人的精神支柱？', '5. 雷恩的行为和选择如何揭示了他在危机中的价值观？他如何看待生存与情感之间的平衡？', '6. 这些象征性的物品如何帮助雷恩在绝望中找到希望？这反映了他对未来的期待或者他对生活的态度是什么？', '7. 雷恩的故事告诉我们，人物的动机可能并不总是表面的，那么他的行为模式背后隐藏着怎样的深层次的心理驱动因素？', '8. 在角色设计上，雷恩的复杂性和深度是如何增加用户对他故事的投入感和共鸣的？', '9. 如果雷恩有机会分享他的故事，他会如何解释这些物品对他生活的影响，以及它们如何塑造了现在的他？', '10. 雷恩的经历如何挑战我们对生存和人性的理解？他的故事提供了哪些关于在困境中保持人性光辉的启示？']
============================================================



============================================================
node
Node(ID: 2-10, Type: insight, Level: 2, Content: 雷恩的故事揭示了人在面临生死考验时的心理韧性，体现在他如何通过物质准备（瓶装水和干粮）与精神支柱（艾米的声音和内心信念）的双重保障，应对极端环境下的生存压力。他的坚强不仅仅是身体上的耐力，更是精神上的坚韧，如对求生的执着和对艾米无尽的爱，这使得他的“坚强”超越了简单的生存技巧，而是一种情感驱动下的内在力量。在面对废墟和恐惧时，他不仅依靠物质资源，更重要的是情感的支持和精神的力量，这挑战了我们对“坚强”的传统理解，即坚强不仅体现在硬性的抵抗和生存技能上，更在于面对困境时的柔韧和情感寄托。雷恩的故事告诉我们，真正的坚强是内心的韧性，是对生活的热爱和对未来的信念，即使在最黑暗的时刻，也能找到希望的光芒。)
questions
['2. 雷恩对艾米的爱是如何影响他在极端环境中的决策和行动的？', '3. 雷恩的故事如何挑战了我们对“坚强”的定义？他如何通过情感表达展现这种新的理解？', '4. 在面对废墟和恐惧时，雷恩的精神力量具体表现在哪些方面？', '5. 雷恩的故事如何揭示了人在逆境中如何保持希望和信念的重要性？', '6. 他的内心信念是如何帮助他在绝望中坚持下去的？', '7. 雷恩的故事中，物质资源和情感支持哪个更重要？为什么？', '8. 他的经历如何塑造了他的价值观和对生活的态度？', '9. 雷恩的故事给我们怎样的启示，让我们重新思考生活中的困难和挑战？', '10. 如何将雷恩的坚韧和情感韧性应用到日常生活中，增强我们的心理承受能力？', '11. 面对生死考验，雷恩的决定过程是否符合一般人的心理预期？为什么？', '12. 他的故事如何体现人类在极端环境中的生存智慧和适应能力？', '13. 你认为雷恩的故事如何反映了人类的共通性，使读者产生共鸣？', '14. 在面对类似困境时，我们如何在物质与精神需求之间找到平衡？', '15. 雷恩的故事中，他的内心世界如何通过对话和行动呈现给读者的？']
============================================================



============================================================
node
Node(ID: 2-11, Type: insight, Level: 2, Content: 在面对灾难的挑战时，雷恩的背包里的物资和内心的声音揭示出他的生存策略并不仅仅基于物质的维持，而是深层次的情感驱动和心理韧性。他的生存决心源于对艾米的爱和对未来的期待，这使得每一份瓶装水和每一口干粮都承载着超越物质价值的情感重量。他通过回忆和想象艾米的声音来抵抗恐惧，这不仅是情感寄托，也是他内在力量的源泉。那道穿透废墟的光线象征着他对生活的热爱和对希望的坚守，它不仅是现实中的引导，更是他精神世界的灯塔，推动他在困难中坚定前行。因此，雷恩的角色洞察力在于他复杂的情感世界与坚定的求生意志相结合，形成了一种独特而深刻的生命体验。)
questions
['2. 雷恩的内心声音是如何影响他在面对灾难时的行为决策的？', '3. 雷恩对艾米的爱是如何转化为他求生的动力源泉的？', '4. 他的回忆和想象如何帮助他在极端环境下保持心理稳定？', '5. 那道光线在雷恩的故事中象征着什么？它是如何支持他的求生意志的？', '6. 如何解读雷恩在物资有限的情况下，赋予瓶装水和干粮的情感意义？', '7. 雷恩的心理韧性是如何形成的？有哪些生活经历或性格特质对此起到了关键作用？', '8. 在灾难面前，雷恩的求生行为体现了哪些深层次的人生哲学或价值观？', '9. 雷恩的故事如何展示了情感与生存之间的复杂关系？', '10. 他的故事给我们关于如何在逆境中保持希望和坚韧的哪些启示？', '11. 在雷恩的故事中，他的情感世界和求生行动如何共同塑造了他的角色深度？', '12. 雷恩如何通过日常细节展现他的心理韧性，这些细节是如何体现出来的？', '13. 如果雷恩的故事发生在一个没有艾米的世界里，他的生存策略会有何不同？', '14. 你认为雷恩的故事对于理解和应对生活中的困难有什么独特的贡献？']
============================================================



============================================================
node
Node(ID: 2-12, Type: insight, Level: 2, Content: 在面对灾难的恐惧和绝望时，雷恩通过物质上的生存必需品（瓶装水和干粮）以及精神上的情感寄托（艾米的声音和想象中的光线）来处理内心的挣扎。他将有限的资源转化为求生的象征，物质与心理的双重支撑体现了他对生存的执着和勇气。他的情感依赖和对未来的期待揭示了人性中普遍存在的韧性——即使在最黑暗的时刻，人们也会寻找希望，依赖爱与信念来维系生存意志，并从中找到前进的力量。

雷恩的故事告诉我们，人性在困境中并不只有坚毅，也有脆弱和依赖。他的经历揭示了一个普遍的生存真理：在面对生活的艰难时，物质的支撑和精神的慰藉同等重要，两者共同构成了人们在逆境中坚守和突破的力量。此外，爱和信念的力量是无比强大的，它们能激发人的潜力，使人在绝望中看到希望，从而保持对未来的积极期待。因此，即使在最严峻的挑战面前，人性的光辉也能照亮前行的道路。)
questions
['2. 在面对灾难时，艾米的声音和想象中的光线对雷恩有何特殊意义？这些元素如何支持他的精神生活？', '3. 雷恩的情感依赖和对未来的期待如何体现人性中的普遍韧性？这在何种程度上影响了他的决策和行动？', '4. 雷恩的故事中，物质与心理支撑的平衡如何塑造了他面对困难的态度？这对现实生活中的我们有什么启示？', '5. 你认为雷恩在处理恐惧和绝望时，爱和信念起到了什么样的作用？这种作用如何改变了他的心理状态？', '6. 雷恩的故事如何展示了人性在困境中的复杂性，即既有坚毅又有脆弱？这种矛盾如何推动角色的成长？', '7. 在最黑暗的时刻，雷恩是如何通过自身的经历认识到物质与精神支持的重要性？这对他的人生观有何影响？', '8. 雷恩的故事中，如何通过细节描绘出人性在逆境中的光辉？这给我们理解人类潜能和应对压力的方式提供了哪些新的视角？', '9. 如果你在类似的困境中，你会如何寻求物质和精神的支持？雷恩的经历对你有何启发？', '10. 在面对绝望时，你认为爱和信念的力量能否超越物质条件？为什么？']
============================================================



============================================================
node
Node(ID: 2-13, Type: insight, Level: 2, Content: 基于给定的材料和问题，我们可以生成以下洞察：

在雷恩的故事中，他的背包里的瓶装水和干粮以及废墟中的光线，不仅仅是生存工具和视觉引导，它们更是他内在情感和动力的外在体现。这些实物和抽象的象征反映出雷恩复杂的性格特点：他既有求生的本能和坚韧不拔的决心，又有对爱的深刻依赖和对未来的强烈信念。他的情感深度超越了物质需求，艾米的声音和光线成为了他的精神支柱，帮助他在面对恐惧和绝望时保持勇气，这体现了他的情感韧性与人性的温情。因此，理解雷恩的行为和选择，不仅要关注他的实际行动，更要关注他内心世界的丰富层次，这正是他个性化的特征和经历中深层次的洞察。)
questions
['2. 在废墟中的光线对他来说象征着什么？这如何影响他对未来的期待？', '3. 雷恩对艾米声音的依赖，显示了他对人际关系的何种需求？这如何塑造了他的情感韧性？', '4. 他的物资有限，为什么废墟中的光线和艾米的声音成为他的精神支柱？这如何体现了他的价值观？', '5. 雷恩在面对恐惧和绝望时，如何通过内心的信念来保持勇气？这如何展现他的性格坚韧？', '6. 他的情感深度超越物质需求，这在故事中是如何体现的？这对他的决策过程有何影响？', '7. 雷恩的求生行为中，哪些细节揭示了他的人性温情？这如何塑造了他的角色形象？', '8. 如何通过雷恩的故事来探讨人在极端环境下如何保持希望和坚持？这对普通人的生活有什么启示？', '9. 雷恩的故事中，废墟和物资匮乏如何与他的个人历史和成长背景相互作用？', '10. 他的内心世界和外在行动之间的平衡是如何维持的？这对角色发展有何重要意义？']
============================================================



============================================================
node
Node(ID: 2-14, Type: insight, Level: 2, Content: 雷恩的故事生动地展示了在极端环境中，物质需求（如瓶装水和干粮）与精神支持（如对艾米的思念和希望）之间的紧密互动。这些实物不仅仅是求生的必需品，更是他心理韧性的象征，它们在满足生理需求的同时，也提供了情感上的慰藉和动力。每当他面临恐惧和困难，艾米的声音和光线给予他内心的支撑，这说明了在困境中，人的生存不仅仅是身体的对抗，更是心灵的战斗，是物质与精神的双重较量。

对我们日常生活的启示是，无论面临何种挑战，我们都不能忽视内心的力量和精神寄托。物质条件固然重要，但强大的精神支柱和积极的心态能帮助我们在压力下保持坚韧，找到解决问题的方法。在日常生活中，我们也应培养对爱、信念和希望的珍视，它们能在困难时期赋予我们力量，让我们更好地应对生活的起伏。)
questions
['2. 雷恩对艾米的思念是如何成为他在困难时刻的心理支柱的？这种情感依赖对于他的求生意志有何具体作用？', '3. 物质需求和精神支持之间的平衡在雷恩的故事中是如何体现的？这对现实生活中的人们有什么启示？', '4. 面对困境，雷恩是如何在物质匮乏和精神渴望之间找到平衡的？这反映出人在极限情况下的生存智慧是什么？', '5. 雷恩的故事如何揭示了人在面对压力时，如何通过内心的力量来超越物理界限？这对我们如何处理日常生活中的挑战有何借鉴？', '6. 在极端环境下，雷恩是如何保持对希望的坚守，这反映了人类在绝望中的哪种普遍心理机制？', '7. 雷恩的故事中，艾米的角色不仅是物理上的支持，更是情感和精神上的慰藉。在现实生活中，哪些人或事物可能扮演这样的角色？', '8. 雷恩的故事告诉我们，什么样的心理韧性是在面对生活压力时至关重要的？我们如何在生活中培养这种韧性？', '9. 从雷恩的经历中，我们可以学到哪些关于面对困境时保持乐观和积极心态的策略？', '10. 在日常生活中，我们如何平衡对物质需求的追求和对精神层面的支持？这如何影响我们的生活质量？']
============================================================



============================================================
node
Node(ID: 2-15, Type: insight, Level: 2, Content: 基于给定的材料和问题，我们可以生成以下洞察：

在雷恩的求生故事中，他的背包里的物资和内心世界的回忆构成了一个复杂的生存逻辑。这些物资不仅是实物上的必需品，更是心理上的支撑，反映出他的生存智慧和对生命的坚守。他对艾米的思念和依赖，不仅展现了他情感的深度，也揭示了在极端压力下，人的内在动力往往源于对爱的执着和对未来的期盼。那道穿透废墟的光线，象征着希望与信念，它不仅是雷恩在黑暗中的视觉引导，更是他情感世界中的精神支柱，驱动他在困难中寻找出路，坚持下去。这个洞察揭示了雷恩的角色复杂性，他既有坚毅的求生意志，又有深厚的情感纽带，这使得他的行为选择更具人性化和深度。)
questions
['2. 在面对生存挑战时，雷恩的心理防线是如何随着物资减少而变化的？这反映了他对资源管理和心理韧性有何独到之处？', '3. 雷恩对艾米的思念是如何转化为他求生的动力源泉？这种情感如何塑造了他的决策过程？', '4. 那道光线在雷恩的故事中扮演了怎样的象征角色？它如何影响他对困境的态度和应对方式？', '5. 雷恩在极端压力下的行为选择，如何体现了人性的复杂性和对爱的执着？这对理解和描绘角色性格有何帮助？', '6. 在求生过程中，雷恩如何平衡物质需求与精神支持？这说明了什么关于人类基本需求的理论？', '7. 雷恩的故事如何展示了人在逆境中如何建立和维持希望？这对现实生活中的心理韧性教育有何启示？', '8. 如何通过雷恩的经历来探讨生存与情感之间的相互作用，以及它们如何塑造一个人的行为模式？', '9. 雷恩的故事给我们带来哪些关于生存、爱和信念的深层次思考？这些思考如何拓展我们对人性的理解？', '10. 雷恩的求生故事中，哪些细节揭示了他作为角色的深度和复杂性？这些细节如何增强了故事的真实感和共鸣？']
============================================================



============================================================
node
Node(ID: 2-16, Type: insight, Level: 2, Content: 那道光线作为雷恩内心深处的象征，是他对艾米的爱和对未来的坚定信念的具体体现。它不仅是物理上的光源，更是精神上的灯塔，为他在灾难中的求生意志提供了强大的支撑。每当他面临绝望，那道光线就像一种心灵治愈的力量，唤起他对生活的热爱和对艾米的思念，转化为对抗恐惧和困难的勇气。这显示了信仰的力量，即在最黑暗的时刻，对爱和希望的坚守能成为人们内心深处的驱动力，促使他们克服挑战，坚持前行。因此，那道光线不仅是希望的象征，也是雷恩个人信仰的证据，它在他心中点燃了一盏永不熄灭的灯，照亮了他的求生之路。)
questions
['2. 在面对困境时，那道光线如何影响雷恩的心理状态和决策过程？', '3. 那道光线如何塑造了雷恩的性格特点，比如他的坚韧和毅力？ ', '4. 雷恩如何通过那道光线来处理和应对生活中的绝望情绪？这体现了什么样的心理防御机制？', '5. 你认为那道光线象征着雷恩的哪些深层次的价值观或者人生哲学？', '6. 在故事中，那道光线如何与雷恩的过往经历相互作用，影响他的成长和转变？', '7. 那道光线如何反映了雷恩对未来的期待和希望？这对他的行动产生了怎样的驱动？', '8. 雷恩是如何在最艰难的时刻找到并依赖那道光线的？这反映了他内在的求生本能还是外部环境的影响？', '9. 那道光线的存在，对于雷恩来说，是否也意味着他需要接受某种形式的牺牲或者考验？', '10. 如何通过雷恩对那道光线的依赖，探讨信仰在面对生死挑战时的重要性？']
============================================================



============================================================
node
Node(ID: 2-17, Type: insight, Level: 2, Content: 基于给定的材料和问题，我们可以生成以下洞察：

在雷恩的故事中，他的背包里的瓶装水和干粮以及废墟中的光线，不仅仅是生存工具和环境标志，更是他内心世界的外在映射。这些象征物揭示了雷恩的复杂性和深层次的心理状态。他的求生决心和勇气，不仅源自于对物质需求的满足，更是对爱与希望的坚守。他对艾米的思念和依赖，转化为强大的精神力量，赋予他在困境中寻找出路的毅力。那道光线不仅是现实中的光源，更是他内心深处对美好未来的向往，是他在绝望中找到的希望之光。这表明，雷恩的角色并非单一的坚毅，而是充满了情感深度和人性的脆弱，他的每一个行动和决策都深受情感驱动，这使得他的故事更具共鸣和深度。)
questions
['2. 废墟中的光线如何象征着雷恩对生活的期待和希望？这对他的情感支持有多大？', '3. 雷恩的求生决心和勇气，特别是对艾米的思念，如何转化为他在极端环境中的动力源泉？', '4. 在面对困难时，雷恩是如何平衡他的实际需求和内心情感的？这如何塑造了他的性格特质？', '5. 那道光线在雷恩的故事中既是现实的象征，也是精神寄托，这如何影响他的决策过程和人物发展？', '6. 如何理解雷恩在困境中寻找出路的行为，这反映了他对待挑战和逆境的态度？', '7. 雷恩的故事中，物质需求与情感支持之间的关系如何体现人性的复杂性？', '8. 雷恩的内心世界如何通过他的行为和对话展现出深度和共鸣？这对我们理解角色塑造有何启示？', '9. 如果没有艾米的存在，雷恩的角色会有什么不同？她在他生活中的角色有多重要？', '10. 你认为雷恩的故事如何通过细节展现人性的脆弱与坚韧，这对读者产生了怎样的情感共鸣？']
============================================================



============================================================
node
Node(ID: 2-18, Type: insight, Level: 2, Content: 雷恩的故事揭示了一个深刻洞察：在面对灾难时，是个人的生存本能、对爱的执着以及内心深处的精神支柱共同驱动着他超越自我。雷恩的背包里的物资象征着他的物质基础，同时也是他的勇气和决心的体现。他对艾米的回忆和想象，不仅提供了情感支持，也是他内心力量的源泉。那道穿透废墟的光线，既是现实中的希望，又是他内心对未来的信念和对艾米的爱的具象化，这赋予了他持续前行的动力。因此，雷恩的故事告诉我们，即使在最艰难的时刻，人的内心世界和情感纽带能激发无尽的毅力，使得个体能在绝望中寻找到生存和前进的理由。)
questions
['2. 雷恩对艾米的回忆如何影响他在灾难中的决策和行动？这种情感支持是如何转化为实际的力量的？', '3. 那道穿透废墟的光线象征着什么？这对雷恩的心理状态有何影响，又如何成为他坚持下去的视觉动力？', '4. 雷恩的生存本能是如何在他面临极端困境时发挥作用的？这反映了人类在生死边缘时的哪些普遍心理机制？', '5. 你认为雷恩的故事中，精神支柱的重要性超过了物质资源，这是为什么？', '6. 雷恩如何通过艾米的形象和他的内心对话，来处理和应对孤独以及恐惧的情绪？', '7. 雷恩的故事告诉我们，爱是如何转化为生存动力的？这对理解和构建现实生活中的人际关系有什么启示？', '8. 在面对灾难时，雷恩如何平衡对过去的回忆和对未来的期待？这种平衡如何影响他的决策和行动？', '9. 你认为雷恩的故事如何展示了人性在逆境中的韧性？这种韧性如何定义了他作为角色的独特性？', '10. 从雷恩的故事中，我们可以学到关于生活、爱情和坚韧不拔的哪些重要教训？']
============================================================



============================================================
node
Node(ID: 2-1, Type: insight, Level: 2, Content: 在博士的笔记中，雷恩发现了关键的科学理论，如灾害生态学模型、灾难链理论和潜在的科技预警系统。这些理论不仅揭示了灾难发生的复杂机制，还指出了一些可能的预防措施和应对策略。博士预见到了某些环境变化可能导致的连锁反应，这些预见使雷恩明白，灾难并非偶然，而是可以理解和预测的。这不仅消除了他的恐惧，也赋予了他对抗灾难的信心。

这些理论让雷恩认识到科学的力量不仅在于预测，更重要的是能通过理解和干预来改变未来。博士的预见使他意识到，通过科学研究和技术创新，人类有可能在灾难发生之前就发现并解决潜在危机。这种转变使雷恩从被动防御转为主动出击，他开始积极寻找解决方案，而非仅仅是在灾难发生后才去应对。

因此，博士的笔记不仅提供了生存的技术支持，更是一种思想的启蒙，使雷恩明白科学不仅是求生的工具，也是改变命运的力量。这种理解推动他在面对灾难时，不仅是为了个人的生存，更是为了阻止灾难的发生，保护更多人的生命安全。)
questions
['2. 博士的灾难生态学模型和灾难链理论具体阐述了什么？这对雷恩理解灾难的本质有何帮助？', '3. 在理解了灾难的可预测性后，雷恩是如何调整他的应对策略的？这反映了他对风险认知的深化吗？', '4. 科技预警系统在博士的理论中扮演了什么角色？它对雷恩的防灾工作有何实际意义？', '5. 博士的预见对雷恩的恐惧感产生了怎样的消除作用？这种心理变化如何影响他的决策过程？', '6. 雷恩如何将科学力量从预测转变为改变未来的实际行动？这体现了他怎样的价值观？', '7. 博士的笔记如何影响雷恩对于科学在社会中的角色和责任的认识？', '8. 雷恩从被动防御到主动出击的转变，需要克服哪些挑战？这显示了他的决心和勇气吗？', '9. 雷恩在寻求解决方案的过程中，遇到了哪些困难？他是如何坚持下来的？', '10. 雷恩的转变如何体现了一种从个体自救到社会责任的提升？这对他的人生观有何深远影响？']
============================================================



============================================================
node
Node(ID: 2-2, Type: insight, Level: 2, Content: 雷恩将博士的信任和期望转化为实际行动的方式是通过深入理解和应用博士的科学知识。他不仅在图书馆中钻研笔记，寻找灾难的根源和解决方案，还将这些理论应用到实际的求生策略中，如资源评估、环境解读和行动计划制定。这使他的决策过程变得有目的、有逻辑，不再盲目，而是基于科学的推理和预测。

博士的信任和期望对雷恩的个人成长产生了深远影响。首先，这激发了他的责任感和使命感，让他明白自己肩负着延续博士科研成果、拯救更多生命的责任。其次，这种信任促使他从被动接受知识转变为主动学习和实践，提升了他的问题解决能力和适应性。最后，博士的智慧使他在面临困境时，能保持冷静，坚定信念，这不仅增强了他的生存能力，也塑造了他坚韧不拔的性格。总的来说，博士的遗产成为了雷恩成长过程中的一座灯塔，引导他在困难中找到力量，坚定地走在寻求真理和希望的路上。)
questions
['2. 雷恩在图书馆中的研究是如何帮助他理解和应对灾难的？这体现了他的哪些科学思维特质？', '3. 博士的信任对雷恩的成长目标有何影响？他如何将这种责任感转化为实际的行动？', '4. 雷恩从被动学习转变为主动实践的过程是怎样的？这对他的个人发展有何重要意义？', '5. 面对困境，雷恩如何运用博士的智慧保持冷静？这反映了他性格中的哪些品质？', '6. 博士的遗产对雷恩的心理承受力和应对压力的能力有何提升？这对他面对未来挑战有什么长远影响？', '7. 雷恩的故事给我们关于教育和信任的哪些启示？在培养下一代领导者时，如何利用信任激发他们的潜能？', '8. 在资源有限的情况下，雷恩如何进行有效的资源评估和环境解读？这显示了他的决策制定过程有何特点？', '9. 雷恩如何将科学知识转化为实际的求生策略？这过程中遇到的最大挑战是什么？', '10. 博士的期望对雷恩的行为模式有何长期影响？这种影响如何塑造了他的价值观和人生观？']
============================================================



============================================================
node
Node(ID: 2-3, Type: insight, Level: 2, Content: 雷恩在图书馆的研究中，通过深入解析博士的笔记本，他不仅理解了灾难的科学原理，还将其转化为实际的应对策略。他将博士的预见性理论（如灾难起因和潜在解决方案）与图书馆的资源（如物资、信息和电子设备）相结合，进行分析和应用。这体现了科学思维的关键要素包括：

1. **批判性思考**：雷恩不盲目接受理论，而是质疑并分析，找出与现实情况相符合的部分。

2. **逻辑推理**：他将理论知识与具体情境相联系，通过推理推断出可能的行动步骤和策略。

3. **问题解决**：他将理论知识作为解决问题的工具，如解读显示屏故障信息，寻找逃生路径。

4. **实践应用**：他将理论知识付诸实践，验证其有效性，如制定逃生或救援计划。

5. **灵活变通**：在实际操作中，雷恩能灵活调整策略，体现出对科学知识的活用，而非僵化遵循。

雷恩的行动展示了科学思维不仅限于理论预测，更重要的是它能够驱动实践，帮助个体在复杂环境中做出决策并找到出路。)
questions
['2. 在面对复杂的图书馆环境时，雷恩如何运用逻辑推理来处理博士的预见性理论和实际需求之间的关系？', '3. 雷恩在问题解决过程中，如何将理论知识转化为具体的行动计划？这对他来说是一个怎样的挑战？', '4. 科学思维如何帮助雷恩在面对显示屏故障这样的突发情况时，迅速找到解决方案？他的决策过程是怎样的？', '5. 雷恩的实践应用阶段，他是如何衡量理论知识在实际操作中的效果的？这对他未来的研究有何影响？', '6. 雷恩在面对不断变化的环境时，如何体现他的灵活性和对科学知识的活用？这是否反映出他对未知的恐惧或期待？', '7. 雷恩的行为是否受到他之前的生活经历或教育背景的影响？这些因素如何塑造了他的科学思维方式？', '8. 雷恩的故事告诉我们，科学思维在紧急情况下有多大的价值？这种思维方式在日常生活中又有何启示？', '9. 如果没有博士的预见性理论，雷恩能否独立发展出类似的应对策略？他的成功是否依赖于理论的指导？', '10. 雷恩的这次经历如何改变了他对科学的理解，他是否会继续深化自己的研究，以应对更复杂的挑战？']
============================================================



============================================================
node
Node(ID: 2-4, Type: insight, Level: 2, Content: 雷恩在废弃地铁站的求生过程中，他的勇气和决心与博士的科学知识相融合，形成了一种深度结合的生存哲学。他意识到，科学不仅是预测灾难的工具，更是理解和解决问题的方法论。博士的笔记本不仅提供了关于灾难的知识，更是一种对责任和使命的召唤。雷恩将博士的预见视为行动的指南，通过科学分析和逻辑推理，他能有效地解读环境中的线索，制定出实际的求生策略。这种结合体现了他的智慧，即在面对生死挑战时，他不依赖单纯的直觉，而是运用理性与科学，同时怀抱对爱和未来的坚定信念。因此，他的生存哲学是：科学的力量与人性的情感共鸣共同驱动，使他在困境中坚韧不拔，寻找希望，实现生存与救赎。)
questions
['2. 雷恩如何理解博士的预见不仅仅是关于灾难的知识，而是一种责任感的体现？', '3. 面对生死挑战，雷恩为何选择理性与科学而非直觉？这反映了他对什么的坚信？', '4. 博士的笔记本在雷恩的求生过程中扮演了怎样的角色？它是如何影响他的决策过程的？', '5. 雷恩如何通过科学分析解读环境中的线索？这展现了他怎样的思维模式？', '6. 他的生存哲学中，情感共鸣和科学力量之间的平衡是如何形成的？', '7. 雷恩的智慧体现在他对爱和未来的信念上，具体表现在哪些行动或决策中？', '8. 在废弃地铁站的求生经历中，雷恩的性格特点如何得到深化和发展？', '9. 这种深度结合的生存哲学对他的人生观有何深远影响？', '10. 雷恩的故事告诉我们，在极端环境下，人的潜力和可能性可以达到怎样的极限？', '11. 如何理解雷恩的“科学的力量与人性的情感共鸣共同驱动”这一观点在现代社会的启示意义？', '12. 他的求生经历如何塑造了他对科学和人性关系的新认识？', '13. 如果雷恩没有遇到博士，他的生存哲学会有怎样的不同？']
============================================================



============================================================
node
Node(ID: 2-5, Type: insight, Level: 2, Content: 在极端环境下，雷恩对艾米的承诺——保护她并确保他们的生存，成为了他内心深处的动力源泉。这份承诺不仅仅是对生命的执着，更是对他个人责任和使命的体现。每当面临困境，博士的科学知识和预见成为他理性分析问题的工具，而爱的承诺则赋予他情感上的支持，使他能够在绝望中保持坚韧不拔。这份承诺促使他在决策时，不仅考虑到自身的生存，也考虑到如何利用博士的智慧和知识来寻找解决问题的方法，以及如何保护他们共同的目标——生存和希望。因此，爱的承诺不仅激发了他的求生意志，还使他的决策过程更加深思熟虑且富有策略性，体现了他对科学与情感交织的深刻理解。)
questions
['2. 科学知识和预见在雷恩的决策中扮演了怎样的角色？这如何反映他的性格特点？', '3. 爱的承诺如何转化为雷恩在困难面前的行动力和毅力？这对他的人格成长有何影响？', '4. 雷恩如何平衡理智的分析与情感的支持，以实现生存目标？这显示了他对人性的何种理解？', '5. 雷恩的承诺如何驱动他超越自我保护，转而考虑团队和目标的存续？这反映了他什么样的价值观？', '6. 在面对生死抉择时，雷恩是如何运用他的科学知识和承诺来找到解决问题的策略的？', '7. 这份承诺如何塑造了雷恩在团队中的领导风格和成员对他的信任？', '8. 雷恩的故事告诉我们，承诺在危机中的力量有多强大？这对现实生活中的个人决策有什么启示？', '9. 如何通过雷恩的经历理解情感在决策过程中的重要性，尤其是在极其艰难的环境中？', '10. 雷恩的承诺如何影响他对待未知和不确定性的态度？这对他解决问题的能力有何影响？']
============================================================



============================================================
node
Node(ID: 2-6, Type: insight, Level: 2, Content: 博士的预见通过雷恩的笔记本，为他提供了一种理解和应对灾难的科学视角。这不仅让雷恩明白灾难的根源，也给他展示了科学作为解决问题的工具而非仅仅预测未来。雷恩将博士的预见转化为实际行动，例如通过分析灾难的成因，评估资源，甚至解读环境中的隐藏信息，他的危机处理策略变得有目标、有针对性。这反映了科学家对预防和解决灾难持有一种积极主动的态度，他们相信科学的力量可以提前预警并找到解决问题的方法，而非单纯地等待灾难发生后才寻求对策。在雷恩身上，这种态度表现为将知识转化为实践，用科学抵抗绝望，体现了科学家的社会责任感和对人类福祉的深深关怀。)
questions
['2. 博士的预见对雷恩的思维方式产生了怎样的转变？他以前可能持有的态度是什么？', '3. 科学在灾难预防中的作用是如何被雷恩理解并体现在他的行动中的？', '4. 雷恩在解读环境中的隐藏信息时，是如何运用科学方法和技术的？', '5. 雷恩的危机处理策略如何体现出了科学家的逻辑思维和系统分析能力？', '6. 雷恩如何平衡科学的客观性与对人类福祉的情感关注？', '7. 雷恩的故事告诉我们，科学家在面对灾难时的角色定位是什么？', '8. 他的行动如何挑战了社会上普遍存在的“事后诸葛亮”观念？', '9. 雷恩的转变如何反映了他的个人成长和价值观的变化？', '10. 这种科学抵抗绝望的理念，对雷恩自身以及他周围的人有何影响？', '11. 在实际操作中，雷恩遇到过哪些困难或挑战，他是如何用科学来克服的？', '12. 雷恩的故事对如何培养公众对科学的理解和信任有什么启示？']
============================================================



============================================================
node
Node(ID: 2-7, Type: insight, Level: 2, Content: 在生死挑战面前，雷恩通过深度解读和应用博士的科学知识，将其转化为实际的求生策略和决策。他不仅依靠笔记本中的灾难预测和解决方案，还理解了科学作为改变现实的工具，如何在危机中提供希望。同时，他对艾米的承诺和对生存的渴望，体现了人性中的情感纽带和对价值的坚守，这是科学无法单独提供的。

雷恩的行为展示了科学与人文的平衡：一方面，他用科学理论分析环境，评估资源，制定行动计划，这代表了理性和逻辑的力量；另一方面，他的情感驱动和对爱的坚持，促使他在困境中展现出超越生存本能的勇气和毅力，这是人文关怀的体现。这种结合使得雷恩在面临极端环境时，既有理智的决策，又有情感的支撑，证明了科学并非冷酷无情，而是能够与人类的情感世界相辅相成，共同推动人们在困难面前寻求生存和希望。)
questions
['2. 科学在生死挑战中为雷恩提供了哪些具体的帮助？这如何反映出科学在现实生活中的实用价值？', '3. 雷恩对艾米的承诺如何影响他的决策过程？这显示了他在何种价值观上的坚持？', '4. 他的理智决策和情感驱动之间的平衡是如何形成的？这反映了科学教育与个人情感成长的关系吗？', '5. 雷恩在面对极端环境时，为何能展现出超越生存本能的勇气？这与他的人性观有何关联？', '6. 你认为雷恩的故事如何揭示了科学与人文之间的互补关系？这种关系在现实生活中有哪些启示？', '7. 雷恩的经历如何挑战了我们对科学纯粹理性的刻板印象？它对理解和接受科学的复杂性有何帮助？', '8. 如果你处于雷恩的位置，你会如何结合科学知识和情感来应对类似的危机？这会对你的人生观产生什么影响？', '9. 雷恩的故事如何展示了一个个体如何在压力下保持理智与情感的平衡，这对我们的生活和决策有何指导意义？', '10. 从雷恩的故事中，我们可以学到关于应对逆境的哪些宝贵教训？这些教训在日常生活中如何应用？']
============================================================



============================================================
node
Node(ID: 2-8, Type: insight, Level: 2, Content: 在这个故事中，雷恩对博士笔记本的深入理解和运用，展示了科学知识在困境中的决定性作用。博士的预见和理论不仅是生存的指南，更是激发雷恩内心深处责任感和使命感的催化剂。每一页笔记都像是一个钥匙，打开了他对灾难理解的大门，使他能够从被动的求生转变为主动的解决问题。雷恩不仅依赖科学理论来分析环境，制定行动计划，还用它们来解读非直接的信息，如电子显示屏的故障，这显示了科学知识如何转化为实际的求生技能和决策力。

更重要的是，雷恩的故事揭示了科学知识如何与个人的情感和承诺交织，形成强大的内在驱动力。他对艾米的承诺和对生存的渴望，使他在面临生死考验时展现出超乎常人的勇气和决心。这表明，在极端环境中，科学知识不仅提供了生存的技术手段，更是一种精神支持，帮助个体发掘并实现他们未曾意识到的潜力。

总的来说，这个故事强调了科学知识不仅是求生的工具，也是塑造个体身份、责任和价值观的重要因素，它能激发个体在困境中超越自我，坚持下去，并寻找希望。)
questions
['2. 博士的笔记本对雷恩的内心变化产生了哪些具体影响？这些影响如何塑造了他的决策方式和行动模式？', '3. 雷恩解读电子显示屏故障的能力，反映出他在面对复杂信息时如何运用科学知识进行逻辑推理？这对他来说意味着什么？', '4. 科学知识在雷恩的求生过程中起到了怎样的心理支持作用？它如何帮助他处理恐惧和不确定性？', '5. 雷恩对艾米的承诺如何影响他在极端环境中的行为和决策？这揭示了情感在求生中的何种角色？', '6. 故事中提到的"超乎常人的勇气和决心"是如何在科学知识的基础上形成的？这对普通人在面对困境时有何启示？', '7. 雷恩的故事告诉我们，科学知识在塑造个体价值观和责任感方面扮演了什么样的角色？这对我们日常生活中的学习和成长有何借鉴意义？', '8. 在灾难面前，雷恩是如何找到科学知识与个人情感之间的平衡点，以驱动自己不断前行的？', '9. 你认为科学知识在困境中的决定性作用是否只限于生存层面，还是有更深远的社会和个人发展影响？', '10. 故事结尾处，雷恩的成长和转变是如何体现科学知识在挑战极限时的无限可能性的？']
============================================================



============================================================
node
Node(ID: 2-9, Type: insight, Level: 2, Content: 雷恩的故事启示我们，在面对未知挑战时，应当：
1. **利用知识作为决策依据**：像雷恩那样，结合博士的科学笔记，将理论知识转化为实际的行动策略，这表明理解和运用专业知识是解决问题的关键。
2. **将理论与实践相结合**：雷恩不仅阅读笔记，还在实践中应用博士的预见，这显示了理论指导下的实践操作能提高应对危机的能力。
3. **情感驱动与理性分析并重**：雷恩的勇气源自对爱的承诺和对生存的渴望，这是情感动力；同时，他用科学知识分析环境，这是理性的思考。两者共同构成了他坚韧不拔的行动力。
4. **坚守价值观和责任感**：博士的信任和期望激发了雷恩的责任感，使他明白科学不仅是预测未来，更是改变命运的工具，这强调了个人价值和使命的重要性。
5. **发掘并利用内在力量**：在困境中，雷恩挖掘出自己未曾意识到的坚韧，这说明每个人都有潜在的力量，只需在关键时刻唤醒。
6. **人性与科技的融合**：雷恩的故事告诉我们，即使在最艰难的时刻，科学和人文关怀也能互相支持，成为指引人们前进的精神支柱。)
questions
['2. 雷恩如何平衡理论学习与实践经验，以应对危机？这种结合对他的成长有何影响？', '3. 雷恩的情感承诺和生存欲望在应对挑战时起到了怎样的推动作用？这如何展示了情感与理性在决策过程中的关系？', '4. 博士的信任和期望如何塑造了雷恩的责任感？这对他的决策和行动产生了怎样的深远影响？', '5. 雷恩在困境中挖掘出的内在力量是什么？这对他在面对未知挑战时的决定有何影响？', '6. 如何理解雷恩故事中的人性与科技的关系？这种关系在困难时期如何给予他力量和希望？', '7. 雷恩的故事告诉我们，每个人都有可能在关键时刻展现出超越预期的能力。你认为这对我们如何看待自己的潜力有何启示？', '8. 面对未知，雷恩是如何找到科学与人文关怀之间的平衡点的？这对现代生活中的决策制定有何借鉴意义？', '9. 雷恩的故事如何证明了个人价值观和责任感在面对挑战时的重要性？这对我们如何在生活中履行责任有所启发？', '10. 在面临困难时，雷恩是如何将情感驱动与理性分析相结合的？这对我们在日常生活和决策中如何处理情绪与理智的关系有怎样的启示？']
============================================================



============================================================
node
Node(ID: 2-1, Type: insight, Level: 2, Content: 雷恩在废墟地铁站的挑战中，他的恐惧转化为行动力主要体现在两个方面。首先，他对未知的恐惧驱使他不断探索，试图找出地震的原因和生存的可能性，这种恐惧成为他前进的动力。其次，他对艾米的爱和责任感成为他内心的支柱，他的每一次挣扎都源自对保护她和揭示真相的承诺。尽管恐惧让他心跳加速，但他选择直面而非逃避，这显示了他如何在恐惧和希望之间找到平衡，用勇气对抗绝望。最终，雷恩的故事告诉我们，恐惧可以转化为成长和坚韧的力量，而爱和责任感则是转化这一过程的关键催化剂。)
questions
['2. 他的恐惧具体是如何影响他对未知环境的处理方式和决策的？', '3. 雷恩的恐惧和希望之间的平衡点是如何形成的？这对他的人格发展有何影响？', '4. 爱和责任感在雷恩的行为转变中起到了怎样的核心作用？它们是如何激励他超越恐惧的？', '5. 在保护艾米的过程中，雷恩的恐惧是如何转化为对他人的责任感的？', '6. 雷恩的故事给我们展示了恐惧如何转化为积极力量的典型例子，你能从他的经历中学到什么关于面对困难的策略？', '7. 雷恩在直面恐惧时，他的内心冲突是如何逐步解决的？这反映出什么样的心理成长过程？', '8. 你认为雷恩的故事如何体现了人性在极端环境中的韧性？这种韧性如何体现？', '9. 雷恩的故事中，爱和责任如何塑造了他的英雄形象？这对我们理解英雄特质有何启示？', '10. 在故事中，恐惧、爱和责任如何共同推动了雷恩的成长和转变？这三者之间的关系如何相互影响？']
============================================================



============================================================
node
Node(ID: 2-2, Type: insight, Level: 2, Content: 雷恩对艾米的爱是他在废弃地铁站中面临困境时的强大动力源泉。这种爱既是他的情感支柱，也是他行动的驱动力。他对艾米的承诺让他在恐惧和绝望中看到了生活的意义，他不仅要为自己生存，还要保护她。这种爱转化为对未知的勇气，驱使他超越恐惧，去探索真相，寻找解决问题的方法。因此，艾米的存在不仅激发了雷恩的求生意志，也赋予了他面对困难时的坚韧和智慧，使他的决策和坚持充满了深情与责任感。)
questions
['2. 雷恩的承诺如何影响他在面对生死抉择时的决策过程？', '3. 艾米在雷恩心中的位置如何塑造他对生活的态度和价值观？', '4. 雷恩的勇气从何而来？是仅仅源于爱情，还是有更深层次的情感驱动力？', '5. 这种深情和责任感如何影响雷恩在探索真相时的策略和方法？', '6. 雷恩对未知的恐惧是如何被爱的力量所克服的？这对他的人格成长有何影响？', '7. 在保护艾米的过程中，雷恩的哪些品质得到了强化？这些品质如何帮助他应对挑战？', '8. 如何理解雷恩在困境中的坚韧不拔和他的智慧？这是否与他对艾米的承诺有关？', '9. 雷恩的爱如何帮助他找到在绝望中的生活目标和希望？', '10. 这段经历如何塑造了雷恩的性格特点，使其成为一个更好的保护者和决策者？']
============================================================



============================================================
node
Node(ID: 2-3, Type: insight, Level: 2, Content: 博士的笔记不仅是雷恩故事中的关键转折点，也是他角色转变的关键催化剂。笔记揭示了地震灾难的科学原因，这使雷恩从单纯的幸存者转变为一个主动寻求理解和解决问题的勇士。以前，他是一个普通的上班族，但笔记赋予了他科学的知识和责任感，促使他从逃避现实转向面对并试图解决灾难。这不仅是对他个人成长的推动，也是他勇气和智慧的体现，使他从一个受恐惧驱使的人变成一个有目标、有信念的英雄。通过博士笔记，雷恩认识到知识的力量，这使他在面对困难时更加坚定，他的决策和行动不再仅仅是生存，而是为了揭开真相，保护他人，并最终实现自我救赎。因此，博士的笔记不仅是故事中的线索，更是塑造雷恩角色深度和复杂性的核心元素。)
questions
['2. 博士笔记中的科学原因对雷恩产生了怎样的冲击？他如何处理这个新获得的知识并将其转化为行动？', '3. 在面对灾难时，雷恩的恐惧是如何逐渐转变为勇气的？这过程中有哪些关键事件或转折点？', '4. 雷恩如何利用他的科学知识来应对灾难？这显示了他的哪些能力和特质？', '5. 博士笔记对雷恩的自我认知有何影响？他如何从一个被动的观察者变为一个积极的解决问题者？', '6. 雷恩的自我救赎过程体现在哪些具体的行动和决策上？这反映了他对生活的什么理解和追求？', '7. 博士笔记如何塑造了雷恩的角色弧线？他从一个普通人到英雄的转变如何影响了他的世界观？', '8. 通过雷恩的故事，我们可以探讨知识在个人成长和社会责任中的作用，你认为这是个普遍的真理吗？', '9. 雷恩的行为动机在故事中是如何随着情节发展而变化的？这体现了什么样的人性深层次的探索？', '10. 你认为雷恩的角色转变对其他幸存者或者社会有什么启示意义？']