2024-03-12 07:51:32,631 - modelscope - INFO - PyTorch version 2.0.0 Found.
2024-03-12 07:51:32,631 - modelscope - INFO - Loading ast index from /home/chenyuhang/.cache/modelscope/ast_indexer
2024-03-12 07:51:32,668 - modelscope - INFO - Loading done! Current index file version is 1.12.0, with md5 22175834ffb96e1947769346e4a096aa and a total number of 964 components indexed
CUDA extension not installed.
CUDA extension not installed.
Loading checkpoint shards:   0%|          | 0/3 [00:00<?, ?it/s]Loading checkpoint shards:  33%|███▎      | 1/3 [00:01<00:02,  1.17s/it]Loading checkpoint shards:  67%|██████▋   | 2/3 [00:02<00:01,  1.19s/it]Loading checkpoint shards: 100%|██████████| 3/3 [00:02<00:00,  1.12it/s]Loading checkpoint shards: 100%|██████████| 3/3 [00:02<00:00,  1.03it/s]
Special tokens have been added in the vocabulary, make sure the associated word embeddings are fine-tuned or trained.
============================================================
node
Node(ID: root, Type: root, Level: 0, Content: Root Node)
questions
['2. Root Node在面对挑战时，他的决策过程是基于怎样的价值观和人生观？', '3. 如何通过Root Node的故事揭示出他对权力、责任或者自由的追求或矛盾？', '4. 在Root Node的经历中，有哪些关键事件塑造了他的世界观和人生观？', '5. 他在复杂情境中的决策，反映出他内心深处的恐惧或渴望是什么？', '6. Root Node如何处理与他人的冲突，这反映了他什么样的人际关系策略？', '7. 他的过去经历是否导致了他在特定情况下的行为模式？如果有，可以举个例子吗？', '8. Root Node的成长历程中，有哪些转折点对他的人格发展产生了决定性影响？', '9. 他对待失败的态度是如何形成的，这对他的角色发展有何作用？', '10. Root Node如何通过日常对话和行动展现他的内在信念和理想？', '11. 在面对困难时，Root Node的坚韧来自何处，这种坚韧如何影响他的角色发展？', '12. 他的决策过程是否受到过内心的冲突或挣扎？如果是，这些冲突源自何处？', '13. Root Node如何通过对话和互动来揭示他的道德观和社会责任感？', '14. 在角色设定中，Root Node的弱点和缺陷是什么，这对他的成长路径有何影响？', '15. 他的成功或失败，哪些是他个人选择的结果，哪些是外部环境的影响？']
============================================================



============================================================
node
Node(ID: 2-1, Type: insight, Level: 2, Content: 柯里斯的审视目光和谨慎行动体现了他的逻辑思维和风险评估策略。他不轻易表露情感，而是通过理性分析来理解和适应环境，这使得他在面对未知时保持警惕，避免直接投入可能的冲突或陷阱。相比之下，赛巴斯的热情是建立在对他人的理解和共情上，他试图通过积极的态度缓解紧张，以社交技巧打开局面。

两者的思维方式在探索环境的过程中相辅相成。赛巴斯的热情帮助他们赢得了初步的信任，拉近了与仆人们的距离，获取了表面的信息。而柯里斯的冷静分析则在这些信息基础上，挖掘出隐藏的真相和潜在威胁。他们的组合，一个善于感知人际动态，一个擅长解析复杂信息，使得他们在面对贵族宅邸的神秘和危机时，既能快速适应，又能深度洞察，从而更有效地推进他们的调查。)
questions
['', '2. 赛巴斯对他人的情感理解和共情是如何影响他的决策过程的？这在面对复杂人际关系时起到了什么作用？', '', '3. 在面对未知环境时，柯里斯如何平衡他的警惕性和赛巴斯的社交策略？这种平衡如何帮助他们在调查中取得优势？', '', '4. 赛巴斯的热情是如何帮助他们赢得初期信任的？这在他们与仆人们的互动中起到了怎样的催化作用？', '', '5. 柯里斯的冷静分析能力是如何帮助他们识别隐藏信息和潜在威胁的？这与他的性格特点有何关联？', '', '6. 他们的合作模式如何反映出不同的性格互补？这对他们在贵族宅邸的调查中起到了什么样的战略意义？', '', '7. 如果只有柯里斯或赛巴斯单独行动，他们可能会遇到哪些困难？这如何强调了两人合作的重要性？', '', '8. 在解决复杂问题时，他们的思维方式是如何相互影响并促进彼此成长的？', '', '9. 如何理解柯里斯和赛巴斯在处理冲突和危机时的不同方法？这反映了社会学中的哪种理论或原则？', '', '10. 这种独特的角色组合如何在故事中推动情节发展？他们如何利用各自的优势来揭露真相？']
============================================================



============================================================
node
Node(ID: 2-2, Type: insight, Level: 2, Content: 赛巴斯对壁炉上的油画感到紧张，是因为画中的贵族表情严肃，氛围凝重，这可能象征着宅邸历史上存在过或者潜在的权力斗争、家族冲突或未解的秘密。这幅画作为一个视觉线索，可能暗示了过去的重大事件对当前环境的影响，或者是未来可能发生的危机。对于赛巴斯来说，这种直观的感受与他的感性特质相结合，使他意识到这不仅仅是艺术，更是揭示宅邸深层历史和现状的关键窗口。同时，这也反映出他作为角色的敏感性和对潜在威胁的第六感，这在他们探索的过程中起到了预警和引导作用。)
questions
['2. 这幅画在赛巴斯心中唤起了哪些具体的历史记忆或家族传说？这些记忆如何影响他的情绪和行为？', '3. 画中的权力斗争和冲突对赛巴斯个人有何影响？他是否曾经亲身经历过类似的情况，或者对此有所担忧？', '4. 如何将赛巴斯的感性特质与他对油画的反应联系起来？这体现了他性格中的哪些方面？', '5. 在探索过程中，这幅画如何成为赛巴斯预测潜在威胁的工具？他如何运用这种“第六感”来保护自己和他人？', '6. 赛巴斯对这幅画的反应，是否预示着他在面对历史秘密时会有怎样的决策和行动策略？', '7. 这个视觉线索如何反映宅邸主人或过去的居住者们的心态？这与赛巴斯自己的价值观和世界观有何共鸣或冲突？', '8. 在故事中，这幅画可能会如何演变，成为推动情节发展的关键转折点？它会给赛巴斯和其他角色带来怎样的挑战？', '9. 赛巴斯是否曾试图深入了解这幅画背后的故事？如果他做了，那会揭示出什么样的信息？', '10. 这种对历史的敏感性如何塑造了赛巴斯与其他角色的关系？他们是否意识到了他的这种特质，又如何看待这种特质？']
============================================================



============================================================
node
Node(ID: 2-3, Type: insight, Level: 2, Content: 赛巴斯的直觉在面对壁炉上的油画时，不仅让他感受到了画中贵族的严峻表情所传递的紧张氛围，还敏锐地意识到这可能是宅邸历史和潜在危机的象征。这表明赛巴斯不仅具备出色的社交技巧，他的内心深处还有一种未被完全展现的洞察力，这种洞察力源自他的第六感和对周围环境的深层解读。这种洞察力使得他在复杂的情境中能快速捕捉到非言语的信息，并可能引导他们挖掘出更多关于宅邸的秘密。他的直觉是他在团队中的一个重要资产，尤其是在处理那些依赖于微妙情绪和未明线索的情况下。)
questions
['2. 在面对油画时，赛巴斯如何将他的直觉转化为实际的行动？他有没有遇到过直觉与事实不符的情况，又是如何处理的？', '3. 这种对环境的深层解读是否源于赛巴斯过去的某个特殊训练或者教育背景？这对他的人格形成有何影响？', '4. 在团队合作中，赛巴斯如何利用他的直觉来协调和引导其他成员？他的直觉是否曾帮助团队解决过棘手的问题？', '5. 在处理复杂情绪和线索时，赛巴斯是如何平衡他的直觉和逻辑分析的？这反映了他对人性的理解有多深？', '6. 如果没有这种直觉，赛巴斯在面对宅邸的秘密时会采取什么样的策略？这会改变他的角色定位吗？', '7. 宅邸的历史和潜在危机对赛巴斯来说意味着什么？这是否引发了他个人的某种情感共鸣或者深层思考？', '8. 赛巴斯的直觉是否会随着时间的推移而变得更加强大？如果是，是什么因素促使了这种变化？', '9. 他的洞察力如何帮助他在日常生活中处理人际关系？这是否也影响了他的决策过程？', '10. 赛巴斯如何处理因为直觉而产生的孤独感或质疑，特别是当他的直觉与主流观点相悖时？']
============================================================



============================================================
node
Node(ID: 2-4, Type: insight, Level: 2, Content: 柯里斯通过高度专注和敏锐的听力，注意到仆人们在谈话中的微妙变化，如词汇的选择、语气的起伏和情绪的泄露。这运用的心理学原理是“非言语行为”（Nonverbal Communication），即人们在交流中除了语言文字外，还会通过面部表情、肢体动作、语调等无声信号传递信息。柯里斯的专业侦探技能让他能够解读这些非言语信号，识别出潜在的紧张、隐瞒或不安，这些都是正常情况下可能被忽视的线索。他的洞察力揭示了他对人性的深入理解，知道人们在压力或隐瞒情况下的不自然反应，这使他在复杂的人际关系和潜在的阴谋中，能够发现并追踪到有价值的线索。)
questions
['2. 在柯里斯的侦探工作中，非言语行为的识别对他的决策制定有何影响？他如何将这些无形的线索转化为实际的破案线索？', '3. 柯里斯对人性的深刻理解是如何形成的？他的生活经历或者专业训练对他解读非言语信号的能力有何影响？', '4. 在柯里斯解读非言语信号的过程中，有哪些具体的情境或案例展示了他如何利用这些线索揭露谎言或隐藏的秘密？', '5. 柯里斯在面对复杂人际关系时，如何平衡使用直接语言交流和解读非言语行为？这对他的角色塑造有何影响？', '6. 他的这种专注于非言语行为的特质，是否曾导致他忽视过重要的言语信息？如果有，他是如何调整自己的方法的？', '7. 在柯里斯的职业生涯中，有没有一个具体的事件或挑战，突显了非言语行为在解决案件中的关键作用？', '8. 如何通过柯里斯的故事，探讨非言语行为在日常沟通中的普遍性，以及为什么它往往被忽视？', '9. 柯里斯的成功是否依赖于他个人的天赋，还是更多地来自于他的训练和经验？这两种因素在他角色发展中的重要性如何？', '10. 在柯里斯的世界观里，人们是否总是能通过非言语行为揭示真实的自我？他如何看待那些故意掩饰情绪的人？']
============================================================



============================================================
node
Node(ID: 2-5, Type: insight, Level: 2, Content: 赛巴斯和柯里斯在这个团队中的角色互补体现在他们的性格和思维方式上。赛巴斯的友好热情和人际交往能力，如同一道润滑剂，帮助他们融入贵族宅邸的环境，缓和紧张气氛，通过理解和安抚他人来获取信息。他的直觉和对情绪的敏感使他能察觉到潜在的心理动态，如壁炉上的油画所揭示的危机信号。

而柯里斯则凭借他的精明干练和理性分析，像一把锐利的解谜钥匙。他通过逻辑推理和对细节的深度挖掘，能够从仆人们的言行中找到关键线索，这是他在侦探领域积累的经验使然。他的冷静和专业使得团队在危机面前更加理智，避免被表面现象迷惑。

两人的结合，既保证了团队在情感层面的连接，又提供了解决问题的逻辑支持。赛巴斯的感性洞察和柯里斯的理性判断相辅相成，使得他们在面对宅邸的秘密和危机时，既能把握全局，又能深入探究，形成了一种高效且全面的应对策略。)
questions
['2. 画作中的危机信号是如何通过赛巴斯的直觉感知到的？这反映了他对人性理解的深度吗？', '3. 柯里斯过去的侦探经验如何塑造了他的思维方式和解决问题的方法？他在团队中的角色如何体现这种逻辑导向？', '4. 在处理复杂情况时，赛巴斯和柯里斯如何平衡他们的感性和理性，以确保决策的全面性？', '5. 他们的合作模式如何促进了团队内部的沟通和协作？这对解决宅邸秘密有什么样的效果？', '6. 当面临危机时，柯里斯的冷静如何帮助团队保持客观，避免情绪化的判断？', '7. 赛巴斯和柯里斯的性格差异如何增强了他们在面对困难时的适应性和应变能力？', '8. 在团队中，他们各自的优点如何互相补充，形成了一种独特的解决问题策略？这在实际操作中是如何体现的？', '9. 如何通过他们的互动，观察和理解角色的成长以及他们如何在挑战中学习和改变？', '10. 这种互补关系是否也反映了现实生活中团队合作中的重要原则？如果是，那是什么原则？']
============================================================



============================================================
node
Node(ID: 2-6, Type: insight, Level: 2, Content: 赛巴斯的热情与柯里斯的理性在初期可能会形成一种微妙的摩擦，他们的合作方式可能会变得既充满活力又充满策略。赛巴斯的直觉和社交技巧会使他们能快速建立联系，解决表面问题，而柯里斯的逻辑分析和细节洞察则会在关键时刻揭示出深层的危机或真相。如果性格冲突升级，可能会促使他们不得不重新评估彼此的角色定位和合作方式，这将迫使他们学会尊重和利用对方的优势，而非单纯的对抗。这种冲突与协作的动态平衡，不仅会推动剧情向更具戏剧性的方向发展，也将深化角色的个人成长，使他们在面对复杂环境时，既能利用各自的优势，又能弥补对方的不足，共同解开宅邸的秘密。)
questions
['2. 在解决问题的过程中，赛巴斯的直觉和柯里斯的逻辑分析分别起到了什么样的作用？', '3. 他们的冲突如何推动了角色之间的相互理解和接纳？', '4. 这种冲突与协作的动态平衡对他们的个人成长有何具体影响？', '5. 他们在面对性格冲突时，是如何开始意识到并利用对方优势的？', '6. 宅邸的秘密揭示过程中，他们的合作方式经历了哪些转变？', '7. 如何通过赛巴斯和柯里斯的故事来探讨不同思维方式在团队中的价值？', '8. 他们的关系发展如何反映出现实生活中团队协作中可能遇到的挑战？', '9. 在面对困难时，他们的决策过程是怎样的，是更多依赖直觉还是理性分析？', '10. 这个故事如何展示了性格互补在解决问题和冲突中的重要性？', '11. 他们如何在冲突中找到自己的定位，以实现最有效的合作？', '12. 这种角色动态如何影响了他们对宅邸事件的整体看法和处理方式？', '13. 他们的成长历程中，有哪些关键事件促使他们学会了尊重和利用对方的优点？', '14. 这种角色关系的变化对剧情的紧张感和吸引力有何影响？']
============================================================



============================================================
node
Node(ID: 2-7, Type: insight, Level: 2, Content: 赛巴斯和柯里斯在面对这个充满权力斗争和家族纷争的环境时，他们的个性特征和处理方式为角色发展提供了显著的驱动力。赛巴斯的热情和人际交往能力使他在紧张的气氛中扮演了一个调解者和团队的润滑剂。他的洞察力帮助他察觉到画作背后的深层含义，同时也让他能理解和安抚其他人的不安。然而，这种直觉也让他容易受到情绪的影响，可能在处理复杂关系时显得不够冷静。

相比之下，柯里斯的理性分析和策略思维使他在冲突中更为谨慎和客观。他通过细节观察和逻辑推理，能够揭露潜在的危机，并有效地保护自己和团队不受不必要的风险。他的冷静和专业性让赛巴斯的感性成为团队中的平衡力量，他们二人共同构成了一个既有人情味又具备逻辑判断力的团队。

面对权力斗争和家族纷争，赛巴斯可能会倾向于维护和谐，尝试通过沟通和理解来缓解紧张，而柯里斯则会利用他的侦探技能寻找真相并制定应对策略。这样的互补作用不仅有助于他们解决眼前的冲突，也推动了他们个人的成长，尤其是增强他们对自身能力和角色定位的认识。)
questions
['2. 赛巴斯的洞察力是如何帮助他理解画作深层含义的？这是否反映了他对艺术的特殊情感连接？', '3. 在面对情绪化的挑战时，赛巴斯如何调整自己的策略以保持冷静？这对他的人际关系有何影响？', '4. 柯里斯的理性分析在解决家族纷争时起到了什么关键作用？他的策略思维是如何帮助团队避免风险的？', '5. 柯里斯的冷静和专业性如何与赛巴斯的感性形成对比？这对他们的合作关系有何促进作用？', '6. 在权力斗争中，柯里斯如何运用细节观察和逻辑推理来揭示潜在危机？这显示了他的哪些性格特点？', '7. 如何理解赛巴斯和柯里斯的互补性在团队中的作用？这对他们的个人成长产生了怎样的影响？', '8. 权力斗争和家族纷争如何迫使赛巴斯和柯里斯重新评估他们的能力和角色定位？', '9. 在团队冲突中，他们是如何找到平衡和谐与逻辑判断的？这如何塑造了他们的领导风格？', '10. 他们的合作模式如何反映现实生活中不同人格类型在团队协作中的价值和挑战？']
============================================================



============================================================
node
Node(ID: 2-8, Type: insight, Level: 2, Content: 赛巴斯和柯里斯的行为和决策过程揭示了他们对人性的深刻理解和对社会动态的洞察。赛巴斯的友好和热情显示了他善于察觉并适应人际关系，理解人们的情感需求，这在贵族宅邸这样的环境中尤为重要，因为他能缓和紧张气氛，建立信任。另一方面，柯里斯的精明和谨慎则反映出他的理性分析和策略思维，他关注的是事实、逻辑和潜在的威胁，这种特质使他在危机四伏的环境中保持警觉，寻找真相。

这种人性洞察和社会动态的理解对他们故事结局有着重要影响。首先，他们的互补性格可能会帮助他们在解决复杂问题时避免单一视角的局限，提高解决问题的成功率。其次，赛巴斯的人际技巧可能让他们更容易获取信息，而柯里斯的逻辑分析则可能帮助他们过滤掉表面的假象，发现隐藏的真实。然而，这种差异也可能导致他们在面对冲突或抉择时产生分歧，增加了故事的冲突性和吸引力。总的来说，他们的行为模式预示着他们在探寻宅邸秘密的过程中，既会利用各自的优势，又需学会在理解和策略之间找到平衡，以应对可能出现的各种挑战。)
questions
['2. 柯里斯的精明和谨慎是如何帮助他在复杂的社会动态中生存的？这体现了他的哪些核心价值观？', '3. 在面对人际关系时，赛巴斯如何运用他的洞察力来处理冲突和建立信任？这对他的决策过程有何影响？', '4. 柯里斯的理性分析在揭示真相时起到了怎样的作用？这是否意味着他有时会忽视情感因素？如果这样，这会对他的行为决策产生什么后果？', '5. 赛巴斯和柯里斯的性格互补如何在他们的合作中发挥作用？这如何增强他们解决问题的能力？', '6. 他们的不同观点如何在解决宅邸的秘密时引发冲突？这对他们的关系和故事发展有何影响？', '7. 在探寻秘密的过程中，赛巴斯和柯里斯如何学习和调整他们的行为，以达到理解和策略之间的平衡？', '8. 这种在人际关系和逻辑分析之间的平衡对于他们在危机中的生存至关重要，他们是如何逐步实现这种平衡的？', '9. 他们的行为模式如何塑造了他们对人性的理解和对社会动态的解读？这如何反映在他们的日常决策中？', '10. 如果他们必须在理解和策略之间做出选择，你认为哪种情况下他们更可能偏向于哪一方？为什么？']
============================================================



============================================================
node
Node(ID: 2-9, Type: insight, Level: 2, Content: 赛巴斯和柯里斯的角色互动揭示了人际关系和逻辑推理在解决复杂问题中的互补价值。赛巴斯凭借其热情和善于交际的特性，能迅速建立信任，缓和紧张气氛，通过理解和感知他人的情感，寻找共同点和合作机会。他的存在就像一个社交黏合剂，帮助团队打破僵局，促进信息共享。

相比之下，柯里斯的精明干练和理性分析则扮演了问题解决者的角色。他通过深度观察和逻辑推理，发现潜在的矛盾和线索，即使是最细微的迹象也不放过。他的思维方式就像一把解码器，能从复杂的信息中提炼出关键要素，确保团队在解决问题时不会被表面现象所迷惑。

两人的结合，一方面展示了情感连接在获取信息和建立共识中的重要性，另一方面突出了逻辑分析在解析复杂情况和防止误判中的必要性。这样的互补关系使得他们在面对贵族宅邸的谜团时，既能利用人际网络获取信息，又能通过严谨的逻辑推理逐步揭开真相，展现了不同思维方式在解决实际问题时的高效运用。)
questions
['2. 柯里斯的精明干练是如何体现他的逻辑推理能力的？这种思维方式在团队中的价值体现在哪里？', '3. 在处理人际关系和逻辑推理之间的平衡时，赛巴斯和柯里斯是如何相互影响和学习的？', '4. 赛巴斯如何通过理解和感知他人的情感来促进团队协作？这对他们的解决问题策略有何影响？', '5. 柯里斯在面对情绪化的讨论时，是如何保持冷静并进行理性分析的？这如何帮助团队避免被情绪左右？', '6. 在贵族宅邸的谜团中，赛巴斯的人际交往技巧如何与柯里斯的逻辑分析相结合，以找到关键线索？', '7. 他们如何通过各自的强项，克服可能存在的沟通障碍，以达成共识并解决问题？', '8. 这种互补关系如何反映出在现实生活中，人们通常需要哪些不同的思维模式来应对各种挑战？', '9. 在面对复杂问题时，赛巴斯和柯里斯如何调整自己的方法，以适应对方的优势和弥补自身的不足？', '10. 他们的成功案例是否表明，团队中多元化的思维方式对于解决问题的重要性？如果是，为什么？']
============================================================



============================================================
node
Node(ID: 2-1, Type: insight, Level: 2, Content: 柯里斯的冷静分析和逻辑思维与赛巴斯的直觉形成了一种互补性的侦查策略。柯里斯通过细致入微的观察和推理，专注于发现隐藏的线索和可能的机械装置，他的工作就像是解密机器，将看似无关的信息拼凑出真相的轮廓。而赛巴斯则凭借直觉和人际交往能力，能解读非言语信号，理解人们的真实意图，他在解读信件和人的行为模式中找到潜在的故事线。

两人合作时，柯里斯的理性分析为赛巴斯提供了事实依据，防止他过度依赖直觉可能带来的误判。同时，赛巴斯的直觉和人际洞察力为柯里斯提供了鲜活的社会背景和人性理解，帮助他理解那些逻辑上难以解释的行为。这种结合使得他们在调查过程中既能避免遗漏重要细节，又能快速捕捉到非传统线索，有效地推进了案件的深入。

总的来说，柯里斯和赛巴斯的合作展示了他们对人性和逻辑的深刻理解，以及在复杂情况下灵活运用各自优势的能力，这使得他们在揭露书房的秘密和对抗犯罪时，既高效又全面。)
questions
['2. 赛巴斯的直觉是如何在解读信件和人的行为模式中发挥作用的？这是否有时会与逻辑分析产生冲突，他是如何处理这种情况的？', '3. 他们的合作中，柯里斯如何确保赛巴斯的直觉不会偏离事实？这需要怎样的沟通和信任机制？', '4. 在面对非传统线索时，赛巴斯如何结合他的直觉和柯里斯的逻辑来做出决策？这反映了他们对什么原则的坚持？', '5. 他们的互补性策略如何影响他们在解决复杂案件时的决策速度和准确性？这如何体现他们的团队协作精神？', '6. 他们在揭露书房秘密的过程中，哪些具体案例展示了他们如何结合逻辑与直觉进行有效的侦查？', '7. 柯里斯和赛巴斯在面对人性的复杂性时，如何平衡理性和感性？这对他们的个人成长有何影响？', '8. 他们的合作方式如何反映出社会学中的“理性-情感”理论？这在实际工作中有哪些应用价值？', '9. 在案件的侦破过程中，他们如何处理信息过载，确保不遗漏重要线索？', '10. 这种侦查策略对他们个人的心理承受力有何要求？他们是如何应对压力和挑战的？']
============================================================



============================================================
node
Node(ID: 2-2, Type: insight, Level: 2, Content: 在维多利亚时代的书房谜团中，柯里斯和赛巴斯的互补优势体现在他们独特的侦查方法和思维方式上。柯里斯的冷静逻辑和对细节的极致关注使他像一个精密的钟表匠，通过观察尘埃和结构来推断隐藏的机关。他的理性分析如同数学公式，精确而系统，确保了每一步推理的坚实基础。

而赛巴斯的直觉和社交天赋则如鹰眼一般，能捕捉到微妙的情绪变化和隐藏的信息。他通过解读信件和人际互动，洞察潜在的情感线索和动机，这种直觉在复杂的人际关系网中显得尤为重要。他的沟通技巧使他能有效地获取信息并建立信任，这是柯里斯的分析无法替代的。

他们的合作并非简单的叠加，而是形成了一种动态的平衡。柯里斯的理性为赛巴斯的直觉提供了事实依据，而赛巴斯的直觉则补充了柯里斯分析中的盲点。他们就像侦探小说中的硬汉和智者，一冷一热，一明一暗，共同绘制出一幅犯罪破解的全景图。这种团队协作不仅体现了他们的专业素养，也展示了他们对人性和社会动态的深刻理解，使得他们在面对复杂谜团时，既能保持严谨，又能灵活应变，最终揭示出真相。)
questions
['2. 赛巴斯的直觉是如何帮助他在侦破案件时发现那些被忽视的线索的？这是否与他的社交背景有关？', '3. 他们的合作模式如何体现互补性？这种合作方式在解决复杂谜团时有何优势？', '4. 柯里斯的数学公式般的推理方法，是否曾遇到过挑战他理论的情况？他是如何处理这些挑战的？', '5. 赛巴斯在解读情绪和人际关系方面的直觉是如何形成的？这对他个人的成长有何影响？', '6. 他们面对复杂案件时，如何平衡柯里斯的理性分析和赛巴斯的直觉？这需要怎样的沟通和决策策略？', '7. 维多利亚时代的书房谜团中，有哪些案例具体展示了他们合作的价值和效果？这些案例如何塑造了他们的角色形象？', '8. 他们的成功揭示真相，反映了他们对人性和社会动态的深刻洞察。这种洞察力是如何在他们的工作中发挥作用的？', '9. 如何通过柯里斯和赛巴斯的故事，探讨现实生活中团队合作中理性与直觉的结合的重要性？', '10. 这个角色组合如何挑战了传统的侦探故事模式，为读者带来了新的阅读体验？']
============================================================



============================================================
node
Node(ID: 2-3, Type: insight, Level: 2, Content: 柯里斯在酒吧中佩戴墨镜的策略，实际上是对他人心态的精细解读和对自己安全的高度警觉的体现。通过墨镜，他不仅遮挡了自己的眼神，避免直接的眼神接触可能引发的怀疑，同时也作为一种心理暗示，传达出一种神秘和不可侵犯的形象。这策略让柯里斯能够在不引起他人注意的情况下，悄然观察周围环境和人物，捕捉到可能的关键信息。他的冷静分析表明他知道每一步都可能是生死攸关，因此选择用最微妙的方式进行侦查，这种深藏不露的心理战术充分展示了他对危险的敏锐感知和谨慎的策略制定。)
questions
['2. 他的眼神接触策略如何帮助他在社交中保持隐蔽，同时又能收集信息？', '3. 墨镜作为心理暗示，柯里斯是如何利用它来塑造自己的公众形象的？', '4. 柯里斯对生死的敏感源自于什么经历或者内心创伤？这如何影响他的决策过程？', '5. 他的冷静分析能力如何在危险环境中得以展现？这是否体现了他的生存本能？', '6. 柯里斯的深藏不露策略是如何体现他的谨慎和智慧的？这对他的角色发展有何影响？', '7. 他的行为方式如何揭示了他对信任和暴露风险的态度？这对他的人际关系有何影响？', '8. 面对潜在危险，柯里斯为何选择用如此微妙的方式侦查，而不是直接行动？这说明他对自身安全有多大的重视？', '9. 这种心理战术在柯里斯的故事中起到了什么样的作用？它如何推动剧情的发展？', '10. 如果柯里斯摘下墨镜，他的角色会有何变化？这会如何影响观众对他的理解和期待？']
============================================================



============================================================
node
Node(ID: 2-4, Type: insight, Level: 2, Content: 赛巴斯的社交技巧体现在他通过看似不经意的交谈，实际上是在倾听、学习和编织人际关系网。他擅长利用微笑、眼神交流和良好的沟通能力，不仅获取信息，还能够赢得对方的信任。这种策略显示出他对人类行为模式的深刻理解，他知道人们往往会对亲近和被理解产生好感，因此他能够通过社交互动，潜移默化地获取关键信息，而不引起怀疑。他的行为揭示出他具备一定的心理学知识，懂得如何利用人们的心理防御机制来达到自己的目的，这在侦探工作中无疑是一种高超的战术。)
questions
['2. 他的心理学知识具体表现在哪些方面？他是如何应用这些知识在社交场合中获取信息的？', '3. 赛巴斯对人类行为模式的理解有多深入？这种理解对他的人际交往有何影响？', '4. 他的行为策略如何帮助他在侦探工作中保持隐蔽，同时又能有效地获取信息？', '5. 在处理人际关系时，赛巴斯如何平衡自我利益与对他人的尊重？这体现了他什么样的道德观？', '6. 赛巴斯如何利用心理防御机制来使对方放松警惕？这是否符合真实生活中的心理学原则？', '7. 他的社交技巧是否曾遇到过挑战？如果有的话，他是如何克服并提升自己的？', '8. 赛巴斯的这种行为方式是否有可能让他失去真正的友情？他如何界定工作和私人生活的界限？', '9. 在解决复杂案件时，赛巴斯的社交策略和心理学知识如何相互作用，以推动情节发展？', '10. 如何评价赛巴斯在追求目标的同时，还能保持对他人的理解和同情？这是否影响了他对犯罪的理解和处理方式？']
============================================================



============================================================
node
Node(ID: 2-5, Type: insight, Level: 2, Content: 赛巴斯和柯里斯选择伪装和非直接策略来接近真相，是因为他们深知侦探工作不仅仅是逻辑推理，更是对人性和社会动态的深刻理解。在维多利亚时代的复杂环境中，直接的行动可能会引起怀疑或触发反击，因此他们运用各自的特长——柯里斯的冷静分析和隐蔽观察，以及赛巴斯的社交技巧和洞察人心，进行悄无声息的信息搜集。

这种策略展示了他们的生存智慧，首先，他们懂得适应环境，知道何时需要隐藏自己的真实意图，何时需要利用他人的无知或好奇心。其次，他们的方法强调了耐心和持久，因为通过微妙的互动和伪装，他们可以在不知不觉中积累信息，避免打草惊蛇。最后，他们的策略反映了他们对人性的深刻理解，知道如何通过沟通和交流获取信息，同时保持自己的安全和目标的实现。

总的来说，他们的伪装和间接策略是他们智慧、经验和技术的结合，是他们在侦探世界中寻找真相的独特方法，也是他们个性和角色特征的体现。)
questions
['', '2. 维多利亚时代的复杂环境如何塑造了他们的侦探方法？这种环境如何影响他们的决策过程？', '', '3. 柯里斯的冷静分析和隐蔽观察在他们的工作中起到了什么关键作用？这如何体现了他的性格特点？', '', '4. 赛巴斯的社交技巧和洞察人心能力是如何帮助他们在信息搜集中的？这是否反映出他对人性的理解？', '', '5. 他们的策略如何体现了耐心和持久的重要性？这对他们在侦探工作中遇到困难时的应对有何影响？', '', '6. 如何理解他们的“适应环境，隐藏真实意图”的原则？这在现实生活中有哪些应用场景？', '', '7. 他们的方法如何平衡了获取信息和保护自身安全的需求？这如何展现他们的生存智慧？', '', '8. 在面对可能的怀疑或反击时，他们如何通过沟通和交流来达到目的？这显示了他们对人际关系的熟练掌握吗？', '', '9. 他们的策略如何反映出了对维多利亚时代社会动态的理解？这在处理案件时起到了怎样的辅助作用？', '', '10. 总体来看，他们的伪装和间接策略如何塑造了他们独特的侦探风格？这在他们的职业道路上起到了什么样的推动作用？']
============================================================



============================================================
node
Node(ID: 2-6, Type: insight, Level: 2, Content: 在黑暗世界中，赛巴斯和柯里斯的行动体现了他们对人性的深刻理解和高度适应环境的能力。柯里斯通过冷静的观察和隐蔽的行动，展示了他对人性的洞察，他知道人们会隐藏自己的真实意图，所以他利用墨镜和谨慎的策略来避免直接冲突，同时寻找关键信息。他的行为反映了他理解人性中的警惕性和自我保护本能。

赛巴斯则利用他的社交技巧和魅力，通过沟通和人际关系建立，巧妙地获取信息。他明白人们在交流中会透露出的真实情绪和信息，所以他擅长引导对话，挖掘隐藏的动机。他的微笑和眼神交流显示他能读懂他人的情绪，这是对人性微妙情感的掌握。

他们的合作不是简单的一攻一守，而是互补性的，柯里斯的理性分析对应赛巴斯的直觉，他们都认识到人性的复杂性和多样性。这种理解让他们能在复杂的环境中找到适合的策略，既能保护自己，又能接近真相。他们的行动证明了他们不仅适应了黑暗世界的规则，而且利用这些规则为自己服务，展现了他们在逆境中生存和揭露真相的智慧。)
questions
['2. 赛巴斯的社交技巧具体体现在哪些细节上？他如何利用这些技巧来揭示隐藏的信息？', '3. 柯里斯的警惕性和自我保护本能是如何在实际行动中体现的？这对他在黑暗世界中的生存有何影响？', '4. 赛巴斯如何通过眼神交流和微笑来理解他人的情绪？这说明他在人性理解上的哪个重要方面？', '5. 他们的合作模式如何体现互补性？这种互补性是如何帮助他们在困难环境中取得成功的？', '6. 他们对人性复杂性和多样性的认识，是如何影响他们制定和执行策略的？', '7. 在黑暗世界中，他们的行为如何反映出对“适应环境”这一生存法则的理解和运用？', '8. 他们的智慧体现在哪些具体情境下？这些情境如何挑战了他们对人性的认知？', '9. 他们的行动如何展示出在逆境中保持人性光辉的可能性？这对于我们理解人在压力下的行为有何启示？', '10. 在揭露真相的过程中，他们是如何平衡自我保护与道德责任的？这如何塑造他们的角色性格？']
============================================================



============================================================
node
Node(ID: 2-7, Type: insight, Level: 2, Content: 这封磨损严重的信件不仅是赛巴斯个人历史的一部分，更是他侦探工作中的关键转折点。它象征着一段被遗忘的历史，可能隐藏着赛巴斯过去的某个重要事件或他家族的秘密，这使得信件成为他感知威胁并理解自身角色定位的关键线索。信件中的信息不仅指向书房谜团的核心，也揭示了他为何会有如此强烈的紧迫感和直觉。通过解读信件，赛巴斯得以挖掘出隐藏在表面情节下的深层含义，这促使他与柯里斯的合作更加紧密，共同探寻真相。可以说，这封信件就像一面镜子，反射出赛巴斯的过去，同时也照亮了他们当前冒险的方向，推动剧情向纵深发展。)
questions
['2. 信件中的信息是如何引发赛巴斯对书房谜团的兴趣，并使他产生强烈紧迫感的？', '3. 赛巴斯的直觉在侦探工作中扮演了怎样的角色？这封信件如何强化了他的这种直觉？', '4. 信件揭示了赛巴斯过去的哪些关键事件或经历？这些事件如何塑造了他现在的侦探风格和价值观？', '5. 在解读信件的过程中，赛巴斯的心理变化如何影响他与柯里斯的关系？他们的合作是如何深化的？', '6. 信件如何作为一面“镜子”，反映出赛巴斯性格中的哪些深层次特质？这对他的决策过程有何影响？', '7. 这封信件如何帮助赛巴斯看待自己在冒险中的角色定位，以及他对于揭示真相的执着？', '8. 信件中的信息对剧情发展产生了怎样的结构性影响？它如何推动了故事朝着未曾预料的方向前进？', '9. 如果赛巴斯没有找到这封信，他的侦探旅程会有什么不同？这封信在他生活中的意义有多重大？', '10. 如何通过信件的内容来探讨历史、记忆和现实之间的交织，以及它们如何塑造一个人的身份认同？']
============================================================



============================================================
node
Node(ID: 2-8, Type: insight, Level: 2, Content: 赛巴斯和柯里斯的侦破策略不仅锻炼了他们的专业技能，也深刻影响了他们的个性成长。赛巴斯的直觉和社交技巧使他学会了如何解读复杂的人际关系和微妙的信息，这提升了他的情商和人际交往能力。他的洞察力让他在处理案件时不仅能看穿表面，更能触及问题的核心，这使他在团队中扮演了决策者的角色，同时也增强了他的自信和领导力。

柯里斯的冷静分析和细节关注则展示了他对逻辑和秩序的追求，他的策略性思维使他在危险环境中保持警惕，避免无谓的风险。他通过观察和推理来获取信息，这不仅提高了他的逻辑推理能力，还培养了他的耐心和专注力。他的隐蔽行动方式体现出他的谨慎和智谋，这在长期的侦探生涯中使他更加成熟和深思熟虑。

他们的合作模式促进了彼此的成长，柯里斯的理性平衡了赛巴斯的直觉，赛巴斯的社交技巧则拓宽了柯里斯的视野。这种互补性的成长让他们在解决复杂案件时，既能把握全局，又能深入细节，他们的侦破策略不仅推动了案件的进展，也塑造了他们独特而强大的个人特质。)
questions
['2. 在团队中，赛巴斯如何通过提升的情商和人际交往能力来影响其他成员？他的这些特质如何帮助解决复杂的案件？', '3. 柯里斯的冷静分析对他的侦探工作有何具体贡献？他在面对压力和危险时，是如何保持逻辑清晰的？', '4. 细节关注如何成为柯里斯解决问题的关键？他在侦破过程中是如何通过观察和推理来获取重要线索的？', '5. 赛巴斯和柯里斯的合作模式是如何形成的？这种互补性是如何在实际侦破中体现并发挥作用的？', '6. 赛巴斯的社交技巧如何影响柯里斯看待案件的角度？反过来，柯里斯的逻辑思维又如何影响赛巴斯的行动策略？', '7. 他们在侦破过程中遇到过哪些挑战，这些挑战如何塑造了他们的性格和决策方式？', '8. 他们的侦破策略如何反映出他们的价值观和人生观？这对他们的个人成长有何深远影响？', '9. 在解决困难案件时，他们各自的长处如何转化为团队的优势？这如何增强了他们的团队协作能力？', '10. 这种长期的侦探生涯对赛巴斯和柯里斯的性格发展有什么长期影响？他们是否意识到这种影响，又是如何应对的？']
============================================================



============================================================
node
Node(ID: 2-9, Type: insight, Level: 2, Content: 赛巴斯和柯里斯在揭示书房秘密的过程中，成功地平衡了理性分析和直觉洞察。柯里斯的冷静分析侧重于逻辑推理和细节观察，他像科学家一样通过尘埃和机关来揭示隐藏的线索，这是对事实的严谨挖掘。他的理性思维确保了调查的精确性，避免了凭空猜测。

而赛巴斯则凭借直觉和社交技巧，擅长解读复杂的人际关系和隐藏的信息。他能洞察人心，通过对话和肢体语言发现深层次的含义，这是对人性和情境的直观感知。他的直觉提供了调查的创新视角和可能性，增加了发现未知的可能性。

他们的合作中，柯里斯用理性作为骨架，赛巴斯的直觉作为填充，形成了一种动态的平衡。他们互相补充，当柯里斯的分析陷入困境时，赛巴斯的直觉能提供新的突破方向；同样，赛巴斯在人际交往中遇到难题时，柯里斯的逻辑分析能提供解决问题的方法。这种平衡确保了他们的调查既能兼顾准确性，又能兼顾灵活性，从而有效地推进了案件的进展。)
questions
['2. 赛巴斯的直觉是如何形成的？他在过去的经历中有哪些事件可能塑造了他的这种观察和解读能力？', '3. 在面对复杂的案件时，赛巴斯如何利用他的社交技巧来解读人物的真实意图？这是否有时会带来误导，他又是如何处理的？', '4. 柯里斯和赛巴斯的合作模式是如何逐步建立起来的？他们各自的长处如何互补对方的不足？', '5. 当柯里斯的理性分析受限时，赛巴斯的直觉如何帮助他打破僵局？这反映了他们在解决问题时的决策过程是怎样的？', '6. 他们的平衡在哪些具体案例中得到了体现？这些案例是如何展示他们团队合作的力量的？', '7. 赛巴斯的直觉有时可能会忽视细节，这对他们的调查工作有何影响？柯里斯如何确保他们不会因此而错过重要线索？', '8. 他们的工作方式如何影响了他们对真相的理解和追求？这是否也影响了他们个人的价值观和世界观？', '9. 在面对困难或者冲突时，柯里斯和赛巴斯是如何协商并决定采用哪种方法的？这体现了他们的决策原则是什么？', '10. 他们的成功揭示了在解决复杂问题时，理性分析和直觉洞察哪个更重要？为什么？']
============================================================



============================================================
node
Node(ID: 2-1, Type: insight, Level: 2, Content: 柯里斯和赛巴斯通过伪装和巧妙的交谈获取关键信息，体现了他们不仅具备高超的人际交往技巧，还深入了解犯罪心理学。他们知道如何适应不同的角色，利用情境对话来挖掘信息，这既是一种策略性的沟通，也是对人性的微妙洞察。他们明白，真实身份往往会限制信息的获取，所以通过伪装能减少对方的戒备，更容易获取可信的信息。同时，他们的交谈技巧不仅仅是表面的交流，而是能够引导对方透露出真实意图或隐藏的秘密，这显示出他们对人性弱点和心理动态的深刻理解。这种能力不仅增强了他们在调查中的有效性，也揭示了他们作为侦探的深层次心理战术和推理能力。)
questions
['2. 他们如何通过微妙的对话引导，让对方在不知不觉中透露出真实想法？这涉及到了哪些心理学原理或者技巧？', '3. 他们的策略性沟通方式如何反映出他们对人性的深刻理解？这是否基于他们自身的经历或者专业训练？', '4. 在伪装过程中，他们如何权衡暴露身份的风险和获取信息的价值？这反映了他们对风险评估的精确度如何？', '5. 他们的交谈技巧如何帮助他们在调查中突破常规，发现那些被忽视的线索？这是否需要持续的学习和实践？', '6. 他们如何通过情境对话揭示对方的心理动态？这是否表明他们自己也有很强的情绪智力？', '7. 在面对复杂的情境和人物时，他们的心理战术是如何随着事件发展而调整的？这显示了他们的应变能力和灵活性。', '8. 他们的行为如何体现出侦探工作中道德和法律界限的模糊地带？这引发了怎样的伦理讨论？', '9. 这种深入人性的洞察力在他们的长期职业生涯中起到了什么样的作用？它如何塑造了他们的侦探风格？', '10. 如何通过柯里斯和赛巴斯的故事，探讨信息获取与诚实、信任之间的关系？这对现实生活中的沟通有何启示？']
============================================================



============================================================
node
Node(ID: 2-2, Type: insight, Level: 2, Content: 在雾气弥漫的伦敦地下世界中，柯里斯和赛巴斯区分线索的关键在于他们的专业素养、逻辑推理和深度洞察。他们首先会进行有目的的伪装和观察，通过细微的言行举止和环境中的异常之处来辨别可能隐藏的信息。其次，他们会运用逻辑分析，排除明显无关或误导性的信息，专注于那些看似不起眼但可能关联到核心案件的线索。赛巴斯的社交技巧在此时尤为重要，他能从人们的言谈举止中捕捉到真实意图，同时柯里斯的冷静分析则保证了他们在复杂关系中不会被表象所迷惑。

他们深信，每一个线索都可能是拼图的一部分，即使是看似微不足道的小事也可能揭示出大秘密。因此，他们在面对大量信息时，始终保持警觉和批判性思维，将注意力集中在那些能引发深层联系和逻辑链条的线索上。这种对细节的敏锐把握和对整体局势的宏观理解，使得他们在雾气弥漫的世界里，如鱼得水，游刃有余。)
questions
['2. 他们在伪装和观察阶段，是如何训练自己识别出环境中的异常和潜在信息的？', '3. 赛巴斯的社交技巧具体体现在哪些方面？这对他们的调查工作有何影响？', '4. 柯里斯的冷静分析如何帮助他们在错综复杂的线索中保持专注，避免被表面现象误导？', '5. 他们如何处理那些看似无关紧要但可能隐藏重要信息的线索？这背后的判断标准是什么？', '6. 在面对大量信息时，他们如何运用批判性思维来筛选和整合这些线索？', '7. 他们的工作理念“每一个线索都是拼图的一部分”如何影响他们的决策过程？', '8. 在雾气弥漫的伦敦地下世界，他们的心理状态是如何应对压力和不确定性？', '9. 赛巴斯的社交能力在揭露深层意图时，是否有时会带来道德上的挑战？他们如何处理这些情况？', '10. 他们的成功案例中，有哪些具体的细节线索最终揭示出了重大的秘密？这如何体现他们的工作方法？']
============================================================



============================================================
node
Node(ID: 2-3, Type: insight, Level: 2, Content: 柯里斯和赛巴斯的决心以及对每个线索的深度挖掘，实际上是一种道德导向的严谨态度。在雾气笼罩的伦敦地下世界，道德妥协看似无处不在，但他们通过逻辑推理和人际关系管理，坚持每一步都基于事实和证据，而非被环境左右。他们对正义的坚守体现在对线索的不放过，即使在看似无关紧要的细节中，也能看出潜在的道德冲突或犯罪迹象。这种独立思考的能力使他们在道德妥协的旋涡中保持清醒，确保他们的行动始终与公正同行，从而在复杂的环境中维护了自身的道德底线。他们的对话和洞察力，就像一把锐利的剑，不断削去表面的虚伪，直达真相的核心，以此彰显他们的职业道德和坚定信念。)
questions
['2. 他们的道德导向是如何影响他们在面对道德妥协的压力时做出决策的？', '3. 在看似无关紧要的线索中，他们如何识别出可能的道德冲突或犯罪迹象？这体现了他们怎样的观察力和分析能力？', '4. 他们的逻辑推理在揭示真相时起到了什么样的作用？这种思维方式是如何帮助他们在复杂环境中保持理智的？', '5. 柯里斯和赛巴斯如何平衡对事实的追求与人际关系的处理，以维护自身的道德底线？', '6. 他们的对话方式如何反映出他们的价值观和信念？这对他们的决策过程有何影响？', '7. 在面对困境时，他们的独立思考如何帮助他们区别真正的正义与表面的虚伪？', '8. 这种坚持事实和证据的行为模式，是否曾在他们身上引发过内心的挣扎？如果是，他们是如何应对这些挣扎的？', '9. 在维护道德的同时，他们的行动是否也影响了周围人的道德观念？如果有的话，又是如何影响的？', '10. 柯里斯和赛巴斯的故事告诉我们，坚持道德原则在困难环境下有多重要？这对我们日常生活中的道德决策有什么启示？']
============================================================



============================================================
node
Node(ID: 2-4, Type: insight, Level: 2, Content: 在人性的考验中，柯里斯和赛巴斯展现出一种独特的侦查策略。他们运用逻辑推理和人际关系管理技巧，通过伪装和巧妙的交谈，深入理解每个个体的动机和行为模式。柯里斯的冷静分析使他能注意到细微的线索，而赛巴斯的社交敏感度则帮助他在人群中建立信任，找到关键的盟友或嫌疑人。他们不局限于表面的线索，而是洞察人性的复杂性，辨别真假，这使得他们在迷雾般的伦敦地下世界中，既能保护自己，又能有效地揭示隐藏的真相。他们的行为和决策，实质上是对社会规则的深刻理解和对正义的坚定承诺，这使得他们的洞察既深刻又具有说服力。)
questions
['2. 赛巴斯如何利用他的社交敏感度在人群中建立信任？这种能力在他们的侦查工作中起到了什么样的作用？', '3. 他们的伪装和巧妙交谈策略是如何体现他们对人性的理解和尊重的？这对他们的调查结果有何影响？', '4. 在面对复杂的道德抉择时，柯里斯和赛巴斯如何平衡逻辑推理和道德责任？这体现了他们对正义的何种定义？', '5. 他们的行为如何挑战了社会常规的侦查方法？这表明他们对传统侦查手段有何独特看法？', '6. 他们在揭示隐藏真相的过程中，如何处理个人信息的安全和保护？这反映出他们对隐私权的考虑？', '7. 柯里斯和赛巴斯的合作中，他们的互补性是如何增强他们解决问题的能力的？', '8. 他们的洞察力如何帮助他们在充满不确定性的伦敦地下世界中保持冷静和理智？这体现了他们的心理韧性吗？', '9. 他们的工作如何展示了对人性黑暗面的理解，同时又如何坚持追求真相和公正？这如何塑造他们的价值观？', '10. 如果他们的角色背景或经历发生变化，他们的侦查策略会如何调整？这将如何影响他们的故事线发展？']
============================================================



============================================================
node
Node(ID: 2-5, Type: insight, Level: 2, Content: 柯里斯和赛巴斯的信念“正义与真相”是他们行动的核心动力。在面对困难和危险时，他们的决策过程深受这种信念的影响。他们不会轻易放弃，而是坚持深入调查，因为每一步都可能揭示出正义的缺失或谎言的真相。柯里斯的冷静分析和逻辑推理，是在寻找事实的精确路径，确保每一步都符合正义的要求；而赛巴斯的人际交往能力和直觉，则是他们获取隐藏信息的工具，他懂得如何以公正的态度赢得他人的信任，以便接近真相的源头。

这种信念促使他们在困难面前保持警觉，不被表面现象迷惑，而是洞察到背后的复杂人性和社会动态。他们的决策往往兼顾了短期的行动目标和长期的正义追求，这使得他们的洞察不仅深刻，而且具有长远的社会意义。因此，无论面对多大的挑战，他们的信念都是他们决策过程中的灯塔，指引他们在黑暗的伦敦地下世界中探寻真理，维护社会的公正。)
questions
['2. 在面对复杂的社会动态时，他们的“正义与真相”信念是如何帮助他们做出决策的？', '3. 柯里斯的逻辑推理在揭示真相时有哪些具体策略？这反映了他怎样的性格特质？', '4. 赛巴斯的人际交往能力如何帮助他们获取那些隐藏的信息？这如何体现了他的价值观？', '5. 他们的决策过程如何体现他们对短期目标和长期正义追求的权衡？', '6. 在困难面前，他们的信念如何帮助他们保持警惕，避免被表面现象误导？', '7. 他们的故事中，有没有具体的例子展示了他们如何运用“正义与真相”的信念来解决复杂问题？', '8. 在伦敦地下世界的环境中，他们的信念如何塑造他们的生存策略和道德立场？', '9. 这种信念对他们个人成长的影响是什么？他们如何通过面对挑战来深化这种信念？', '10. 他们的故事如何反映出现代社会中人们对于正义和真相的追求与现实之间的冲突与调和？']
============================================================



============================================================
node
Node(ID: 2-6, Type: insight, Level: 2, Content: 在维多利亚时代的迷雾之城中，柯里斯和赛巴斯的目标是揭露隐藏的犯罪和真相，以及维护社会的秩序和公正。这个目标不仅驱动他们进行深度调查和逻辑推理，也决定了他们的角色定位——他们是正义的捍卫者，用冷静的分析（柯里斯）和巧妙的社交策略（赛巴斯）来对抗黑暗面。他们的行动模式深受这种信念的影响，无论面临何种困难和危险，他们都坚持不懈，通过细致入微的观察和深入的人际交往来寻找线索，这体现了他们的专业精神和对道德责任的执着追求。因此，他们的目标不仅塑造了他们的行动路径，也揭示了他们作为侦探的深层动机和价值观。)
questions
['', '2. 他们的目标“揭露隐藏的犯罪和真相”是如何影响他们选择调查方法和策略的？', '', '3. 在面对困难和危险时，柯里斯的冷静分析和赛巴斯的社交策略是如何互补的？这种互补如何反映他们的性格特点？', '', '4. 他们的专业精神体现在哪些具体的行动上？这些行动背后反映了他们对侦探工作的何种理解和承诺？', '', '5. 赛巴斯的社交策略是如何帮助他们在迷雾之城中获取信息和线索的？这如何体现他的角色定位？', '', '6. 他们的道德责任如何驱动他们在面对道德困境时做出决定？有没有具体的例子可以说明这一点？', '', '7. 维多利亚时代的迷雾之城提供了怎样的环境背景，促使柯里斯和赛巴斯采取这样的行动和价值观？', '', '8. 他们的目标如何塑造他们之间的关系？这种合作模式对于解决问题有何独特之处？', '', '9. 在追求真相的过程中，柯里斯和赛巴斯各自的个人成长如何体现？', '', '10. 如何通过他们的故事来探讨社会秩序和公正在维多利亚时代的价值和挑战？']
============================================================



============================================================
node
Node(ID: 2-7, Type: insight, Level: 2, Content: 柯里斯的冷静分析和赛巴斯的社交技巧在调查中形成了一种独特的协同效应。柯里斯的逻辑推理如同一把锐利的剑，他通过严谨的观察和细节分析，确保每一步行动都基于事实，避免被假象迷惑。他的存在犹如一盏明灯，照亮了调查的逻辑路径，确保不会遗漏重要线索。

赛巴斯则凭借他的人际交往能力和直觉，擅长在复杂的地下世界中建立信任，通过看似不经意的对话和接触，获取那些隐藏在表面之下的真实信息。他的和善面孔成为了人们愿意分享秘密的桥梁，使得调查得以深入到那些难以触及的地方。

两人的合作展示了他们对人性的深刻理解，柯里斯用理性的框架框定问题，赛巴斯则以情感的纽带连接答案。他们的互补使得他们在困难重重的调查中既能保持理智，又能捕捉到微妙的人际动态，这种结合使得他们的洞察力超越了单纯的逻辑或直觉，达到了对案件全面且深入的理解。)
questions
['2. 赛巴斯的人际交往能力如何转化为获取隐藏信息的优势？他在建立信任的过程中有什么独特策略？', '3. 他们的合作中，赛巴斯的直觉是如何与柯里斯的逻辑推理相辅相成的？这如何影响他们的决策过程？', '4. 在面对复杂情况时，柯里斯如何平衡理性分析和依赖赛巴斯的直觉？这体现了他对人性的何种理解？', '5. 他们的洞察力为什么能超越单纯的逻辑或直觉？这种结合如何提升他们的调查效率和解决问题的能力？', '6. 赛巴斯的和善面孔如何在调查中扮演关键角色？这是否与柯里斯的直接和不带感情的分析形成对比？', '7. 他们的合作模式对于解决复杂案件有何独特效果？这在现实生活中可能有哪些应用场景？', '8. 在面对挑战和压力时，柯里斯和赛巴斯各自的应对方式是什么？这如何塑造了他们的团队协作风格？', '9. 他们的成功案例中，哪些具体事件或决策展示了他们对人性和社会动态的深刻理解？', '10. 如何评价柯里斯和赛巴斯的合作模式在现代调查工作中的价值和影响力？']
============================================================



============================================================
node
Node(ID: 2-8, Type: insight, Level: 2, Content: 在阴暗的酒吧等非传统调查场所，柯里斯和赛巴斯巧妙地运用了环境的特性进行情报收集。他们通过伪装身份，融入场景，使得对方放松警惕，从而能更自然地进行对话，捕捉到隐藏在表面下的真实信息。柯里斯凭借他的逻辑推理能力，仔细观察酒吧中的微小行为和言语暗示，寻找可能的线索。赛巴斯则凭借出色的社交技巧，利用他的亲和力赢得人们的信任，让他们愿意分享一些通常不会对外人透露的信息。

同时，他们也明白，这些场所的复杂性意味着道德界限模糊，他们必须灵活应对，既要有坚定的正义感，又不能忽视可能存在的妥协和陷阱。因此，他们在这些地方的洞察不仅基于事实，还反映出他们对人性的深刻理解和对道德困境的敏感度。这种独特的能力使他们在看似寻常的酒吧谈话中，能挖掘出不为人知的真相，进一步揭示了他们作为侦探的全面素养和深度洞察。)
questions
['', '2. 赛巴斯的亲和力是如何帮助他在酒吧环境中获取信息的？这反映了他什么样的社交策略？', '', '3. 在道德界限模糊的环境中工作，柯里斯和赛巴斯如何平衡他们的正义感与实际操作？这如何塑造他们的决策过程？', '', '4. 酒吧中的微小行为和言语暗示对于柯里斯来说意味着什么？他如何解读这些非言语信号以发现线索？', '', '5. 赛巴斯在赢得他人信任的过程中，有没有遇到过道德冲突？他是如何处理这些冲突的？', '', '6. 他们的洞察力如何帮助他们识别出隐藏在日常对话中的真相？这体现了他们对人性的哪些理解？', '', '7. 面对复杂的人际关系和道德困境，柯里斯和赛巴斯如何确保他们的调查既能揭露事实，又能保护自己和他人不受伤害？', '', '8. 他们在酒吧的调查活动如何反映侦探工作的本质，即不仅要追踪事实，还要理解行为背后的动机？', '', '9. 如何通过他们的行为和对话设计，展示角色的成长和变化，以及他们在面对挑战时的心理演变？', '', '10. 这种在非传统场所进行的情报收集，对他们作为侦探的整体能力有何影响？他们如何将这种经验转化为长期的职业优势？']
============================================================



============================================================
node
Node(ID: 2-9, Type: insight, Level: 2, Content: 柯里斯和赛巴斯的信念——正义与真相，如同一盏明灯，照亮他们在雾气弥漫的伦敦地下世界的道路。他们的坚持源于对社会秩序的承诺和对每一个案件背后真实本质的好奇。面对困境，这份信念使他们不惧挑战，通过逻辑推理和细致观察，不断挖掘线索，无论是在伪装的交谈中还是在危险的追踪中，他们都保持着对每个细节的执着追求。这种坚定的信念让他们在黑暗中找到光，不仅推动他们解决眼前的问题，更是驱动他们深入理解并揭露隐藏在社会阴暗面的复杂真相，从而展现出他们作为侦探的深度洞察力和高尚品格。)
questions
['2. 他们对社会秩序的承诺是如何形成的？这对他们的行为准则有何影响？', '3. 在面对困境时，他们的信念如何帮助他们保持冷静并找出解决问题的方法？', '4. 他们在寻找真相的过程中，如何平衡逻辑推理与直觉？这两种方法分别在什么情况下发挥关键作用？', '5. 伪装交谈中的细节洞察是如何体现他们对每个案件的独特理解的？', '6. 危险追踪中的冒险精神，反映了他们对正义的何种程度的执着？', '7. 这种对细节的执着追求，是否有时会让他们忽视生活中的其他方面？如果是，他们又是如何处理这种可能的失衡？', '8. 他们的信念如何塑造他们在揭露社会阴暗面时的态度和方法？', '9. 他们的深度洞察力是如何培养出来的？这在揭示复杂真相时起到了怎样的关键作用？', '10. 他们的高尚品格体现在哪些具体的行动或决策上？这对他们的角色发展有何长期影响？']
============================================================



============================================================
node
Node(ID: 2-10, Type: insight, Level: 2, Content: 在揭示犯罪和谜团的过程中，柯里斯和赛巴斯的信念——正义与真相，转化成了他们细致入微的调查策略和坚定的决心。他们将每一次挫折视为揭露真相的机遇，而非失败。柯里斯的冷静分析和逻辑推理使他们在面临困难时保持客观，他不会轻易放弃任何一个看似无关的线索，坚信每一步都有可能带来突破。同时，赛巴斯的社交技巧和直觉让他擅长于与人打交道，即使遭遇拒绝或误解，他也能够用理解和同情去赢得信任，从而接近关键信息。

他们明白，追求正义的道路并非总是一帆风顺，失败是暂时的，关键在于如何从失败中学习，调整策略。当他们面对可能的失败时，他们会反思自己的方法，调整侦查角度，或者寻求新的合作途径。这种信念使他们在困难面前展现出韧性，同时也赋予他们的对话和洞察深度，因为他们始终坚信，每一个未解之谜的背后都是正义等待揭露。)
questions
['2. 赛巴斯的社交技巧是如何帮助他们在解决案件中的？他的直觉是如何被培养和利用的？', '3. 他们如何看待挫折和失败，这些挫折如何转化为推动他们前进的动力？', '4. 在面对困难时，柯里斯和赛巴斯如何平衡他们的个人信念与实际调查策略的灵活性？', '5. 他们如何处理在追求正义过程中遇到的道德困境，这反映了他们对正义的理解是什么？', '6. 赛巴斯如何运用理解和同情来赢得别人的合作？这在他们的调查中起到了什么样的关键作用？', '7. 他们的信念如何影响他们在面对复杂人际关系时的决策过程？', '8. 当他们面对可能的错误判断或被误导时，柯里斯和赛巴斯如何进行自我纠正和学习？', '9. 他们的合作模式如何体现了团队协作与个人能力之间的平衡？', '10. 追求正义的过程中，他们如何定义“成功”和“失败”，这对他们的心理承受力有何影响？', '11. 他们如何通过对话和互动，深化对案件的理解，推动情节发展？', '12. 对于那些看似无关紧要的线索，他们如何保持耐心和决心，相信它们的价值？', '13. 他们的信念如何塑造他们在高压环境下的决策和应对方式？', '14. 你认为他们的信念在何种程度上塑造了他们作为侦探的形象，使之区别于其他角色？']
============================================================



============================================================
node
Node(ID: 2-11, Type: insight, Level: 2, Content: 维多利亚时代的背景为柯里斯和赛巴斯的角色增添了历史深度和文化内涵，它既是他们执行任务的舞台，也是他们个人成长和价值观磨炼的熔炉。在这个时代背景下，他们不仅要应对实际的犯罪调查，还要应对社会的道德困境和权力结构，这促使他们展现出超越常规侦探的智慧和勇气。他们的冷静策略和敏锐洞察力，以及对正义的坚持，都在这个复杂环境中得到了充分的体现。同时，这种背景也强调了他们对人性和社会底层运作的深刻理解，他们的每一次行动和对话，都是在解读这个时代的密码，从而揭示出角色的复杂性和深度。因此，维多利亚时代的背景不仅丰富了角色的故事线，也强化了他们作为侦探的形象，使他们的洞察更具深度和说服力。)
questions
['2. 这个时代的权力结构对他们的侦探工作有何影响？他们如何在面对权威时保持公正和独立？', '3. 他们的冷静策略和敏锐洞察力是如何在日常调查中具体体现的？这反映了他们怎样的性格特质？', '4. 在解决犯罪的同时，他们如何通过对话和行动解读维多利亚时代的社会密码？这如何塑造了他们的角色深度？', '5. 社会底层的生活经验如何影响他们对人性的理解？这对他们的决策过程有何影响？', '6. 面对道德困境，他们是如何在维护正义和个人情感之间找到平衡的？这如何反映他们的成长历程？', '7. 维多利亚时代的背景如何塑造了他们对于公平和正义的追求？这种追求如何驱动他们的行动？', '8. 他们的行为和决策是否受到当时社会风气的影响？如果有，这些影响是什么？', '9. 在处理复杂案件的过程中，他们的哪些经历最能体现出他们的智慧和勇气？这些经历如何塑造了他们的角色定位？', '10. 这个时代背景如何增强了他们对话的说服力？他们的语言和沟通方式如何反映了他们对世界的理解和洞察？']
============================================================