2024-03-12 07:51:32,624 - modelscope - INFO - PyTorch version 2.0.0 Found.
2024-03-12 07:51:32,624 - modelscope - INFO - Loading ast index from /home/chenyuhang/.cache/modelscope/ast_indexer
2024-03-12 07:51:32,650 - modelscope - INFO - Loading done! Current index file version is 1.12.0, with md5 22175834ffb96e1947769346e4a096aa and a total number of 964 components indexed
CUDA extension not installed.
CUDA extension not installed.
Loading checkpoint shards:   0%|          | 0/3 [00:00<?, ?it/s]Loading checkpoint shards:  33%|███▎      | 1/3 [00:01<00:02,  1.19s/it]Loading checkpoint shards:  67%|██████▋   | 2/3 [00:02<00:01,  1.21s/it]Loading checkpoint shards: 100%|██████████| 3/3 [00:02<00:00,  1.11it/s]Loading checkpoint shards: 100%|██████████| 3/3 [00:02<00:00,  1.02it/s]
Special tokens have been added in the vocabulary, make sure the associated word embeddings are fine-tuned or trained.
============================================================
node
Node(ID: root, Type: root, Level: 0, Content: Root Node)
questions
['2. Root Node的角色在面对挑战时，是如何展现他的坚韧和决心的？', '3. 他在故事中扮演的何种角色，这反映了他的人生观或者社会角色定位？', '4. Root Node的角色有没有什么隐藏的恐惧或内心冲突？这些是如何影响他的决策和行为的？', '5. 他的价值观是如何在日常生活中的选择和互动中体现出来的？', '6. 如果Root Node的角色面临一次重大的道德抉择，他会如何权衡利弊，做出决定？', '7. 他的成长环境和教育背景对他的世界观有何塑造作用？', '8. Root Node在与其他角色的互动中，如何通过对话展示他的智慧和个性？', '9. 他的过去有哪些重大事件或转折点，塑造了他现在的性格特点？', '10. 在面对困境时，Root Node的角色通常会寻求什么样的帮助或者解决方案？', '11. 他的乐观、悲观还是中立的态度，如何反映在他的故事叙述中？', '12. Root Node的角色如何通过他的行动，向读者传达关于生活的重要教训或启示？', '13. 他的成功或失败，反映了他对成功和失败的定义是什么？', '14. 在角色的发展过程中，有哪些外部因素促使Root Node进行转变或成长？', '15. Root Node的角色如何通过他的幽默感或者严肃性，展示他的独特人格魅力？']
============================================================



============================================================
node
Node(ID: 2-1, Type: insight, Level: 2, Content: 在与恶魔兽的战斗中，艾斯雷通过将他在老魔法师那里学到的魔法理论知识与实战情境相结合，实现了知识的活用。他不仅熟记咒语的起源和原理，而且能在高压下迅速分析敌情，灵活调整战术，将理论转化为实际操作。这表明他具有出色的实践转化能力和快速学习的能力，这在战斗中至关重要，因为它不仅提高了他的生存技能，还锻炼了他的决策制定和危机处理能力。

这场战斗对艾斯雷个人成长的意义重大。首先，它强化了他的实战技巧，使他在危险情况下能迅速应用所学，保护自己和他人。其次，它培养了他的思维敏捷性和问题解决能力，让他在面对未知挑战时能独立思考，找出最佳解决方案。最重要的是，它深化了他对魔法的认识，认识到知识不仅限于书本，而是生活中的力量源泉，这促使他树立起坚韧不拔的性格和追求卓越的决心。因此，每一次与恶魔兽的交锋都是他个人成长的重要里程碑。)
questions
['2. 在高压战斗环境中，艾斯雷如何做到快速分析敌情并调整战术？这反映了他怎样的心理素质和决策能力？', '3. 这场战斗对艾斯雷的魔法知识有何影响？他如何理解魔法在现实生活中的价值？', '4. 战斗中的每一次胜利对艾斯雷的自信心和决心有何提升？这对他性格形成有何影响？', '5. 艾斯雷在战斗中如何平衡保护自己和同伴的责任感？这显示了他怎样的团队精神和道德观？', '6. 与恶魔兽的斗争如何塑造艾斯雷的危机处理能力？他在面对未知挑战时，是如何运用这种能力的？', '7. 这次战斗经历如何改变了艾斯雷对学习的态度？他是否会更倾向于实践导向的学习方式？', '8. 艾斯雷如何看待他在战斗中的失败？这些失败如何帮助他成长和进步？', '9. 这场战斗如何强化了艾斯雷的生存本能和求生技巧？这对他的未来冒险有什么长远影响？', '10. 艾斯雷如何将他在恶魔兽战斗中学到的经验应用到其他非战斗场景中？这体现了他的学习迁移能力如何？']
============================================================



============================================================
node
Node(ID: 2-2, Type: insight, Level: 2, Content: 邪恶魔兽的出现对艾斯雷来说是一场严峻的心理和技能考验。它不仅要求他将理论知识转化为实际操作，而且在高压环境下进行实战，这极大地锻炼了他的心理承受能力。每次成功的防御和反击都促使他快速做出决策，这显示了他面临压力时的冷静判断和迅速反应。这种经历不仅提高了他的决策力，也增强了他的自信心。

这场战斗对艾斯雷的成长轨迹产生了深远影响。首先，他的实战能力和心理素质得到了显著提升，这使他在未来面对更为复杂的挑战时更加从容。其次，他的责任感和自我超越的决心被激发，他从一个依赖理论学习的学生，成长为一个能在实际冲突中运用知识解决问题的魔法师。最后，这次经历加深了他对魔法的敬畏和理解，明确了知识的价值不仅在于理论，更在于如何在危急时刻化为保护他人的力量。总的来说，邪恶魔兽的挑战加速了艾斯雷的成长，塑造了一个更强大、更成熟的魔法师形象。)
questions
['2. 邪恶魔兽的挑战如何改变了艾斯雷对于压力环境下的决策制定过程？', '3. 艾斯雷在战斗中的冷静判断和迅速反应，反映出他平时是如何培养这种心理素质的？', '4. 这次战斗对艾斯雷的心理承受能力有何直接影响？他是如何应对和克服战斗带来的压力的？', '5. 他的自信心提升体现在哪些具体行动或决策上？这对他的未来角色发展有何重要影响？', '6. 面对邪恶魔兽，艾斯雷的责任感是如何被激发出来的？这对他的人格成长有何影响？', '7. 作为学生到魔法师的角色转变，艾斯雷有哪些具体的转变和学习策略？', '8. 邪恶魔兽的挑战如何帮助艾斯雷理解知识的价值，特别是在危急时刻的重要性？', '9. 这次经历如何塑造了艾斯雷对魔法的全新认识和敬畏之情？', '10. 你认为这场战斗最深刻地教育了艾斯雷什么关于生活的道理或人生哲学？']
============================================================



============================================================
node
Node(ID: 2-3, Type: insight, Level: 2, Content: 在月光森林的战斗中，艾斯雷展现出了关键的技能和特质包括：

1. 理论与实践结合的应用能力：他能够迅速将从老魔法师那里学到的魔法理论转化为实际战斗策略，显示出他具有良好的知识转化和应用能力。

2. 冷静判断与快速决策：在压力下，他能保持冷静，迅速分析情况并作出准确的决策，这体现了他的思维敏捷和危机处理能力。

3. 高度专注与精准操作：他的魔法攻击既犀利又防御巧妙，反映出他在魔法学习上的深度理解和精确执行。

4. 勇气与决心：面对邪恶魔兽，他没有退缩，而是选择直面挑战，这彰显了他勇敢无畏和积极进取的精神。

5. 自我提升的意识：在实战中学习和成长，他的勇气和智慧在战斗中得到了显著提升，这表明他有强烈的学习欲望和自我超越的决心。

这些特质是通过老魔法师的教育方式和实战经验的积累逐渐形成的。理论学习与实践相结合的方式，使他不仅掌握了技能，更学会了在压力下思考和行动。每一次的挑战都促使他成长，锻炼了他的勇气和智慧，最终塑造了他坚韧不拔的性格和追求卓越的决心。)
questions
['2. 在月光森林的战斗中，艾斯雷的冷静判断是如何帮助他在高压环境下做出最佳决策的？', '3. 艾斯雷的精准操作是如何体现他的魔法学习深度和专注力的？这对他的战斗策略有何影响？', '4. 面对邪恶魔兽，艾斯雷的勇气从何而来？他的决心是如何在挑战中得到强化的？', '5. 老魔法师的教学方式对艾斯雷的成长产生了哪些具体的影响？他的教育方法如何塑造了艾斯雷的性格特质？', '6. 在实战中，艾斯雷是如何将每一次挑战转化为自我提升的机会的？这对他未来的发展有何深远影响？', '7. 艾斯雷的自我超越决心是如何驱动他在困难面前持续学习和进步的？', '8. 如果没有月光森林的战斗，艾斯雷的这些特质和技能会以怎样的方式发展和展现出来？', '9. 艾斯雷如何处理理论知识与实践经验之间的冲突，以保证他在战场上的成功？', '10. 这场战斗对艾斯雷的人生观和价值观有何可能的改变？他如何看待自己在战斗中的角色和责任？']
============================================================



============================================================
node
Node(ID: 2-4, Type: insight, Level: 2, Content: 艾斯雷在面对压力时能够保持冷静并进行有效决策，主要得益于老魔法师的教育方式，即理论与实践的紧密结合。这种教育模式促使他学会了在实际战斗中运用所学知识，而不是仅仅依赖理论。他的冷静和决断力源于他理解到魔法并不仅仅是理论，而是关乎生死的实战技能，这让他在面对危险时能够迅速分析情况，灵活调整策略。

这种心理素质反映了艾斯雷的高度适应能力和心理韧性，他能够在高压环境下保持清醒的头脑，这不仅源于他的学习训练，更在于他内在的求知欲和对责任的承担。他的决策过程体现出他的成熟和理智，这使他在成长过程中不断积累应对压力的经验，形成了一种临危不乱、从容应对的性格特质。)
questions
['2. 在艾斯雷的成长过程中，理论与实践相结合的学习模式是如何塑造他的决策风格的？', '3. 如何理解艾斯雷将魔法视为生死实战技能这一认知，这对他的心理韧性和决策能力有何直接作用？', '4. 艾斯雷的冷静和决断力是否仅限于战斗环境？他在日常生活中如何运用这种心理素质？', '5. 他的求知欲和对责任的承担如何影响了他在面对压力时的反应？', '6. 艾斯雷在面对危险时的快速分析和策略调整，反映出他的哪些思维模式或者心理技巧？', '7. 这种临危不乱的性格特质是如何形成的，是天生的还是后天培养的？', '8. 艾斯雷的决策过程如何体现他的成熟和理智？这对他的人生观有何影响？', '9. 如果没有老魔法师的教育，艾斯雷会变成怎样？他的性格和决策能力会有何不同？', '10. 艾斯雷的故事告诉我们，如何在压力下保持冷静和理智，同时利用所学知识解决问题？']
============================================================



============================================================
node
Node(ID: 2-5, Type: insight, Level: 2, Content: 艾斯雷在老魔法师的实战教育模式下，通过理论与实践的紧密结合，他的性格在以下几个方面得到了显著的塑造和增强：

1. **实战能力**：通过模拟战斗，艾斯雷在压力下学习和应用魔法，这提升了他的实战技巧，使他在面对真实威胁时能够迅速反应和自保，培养了坚韧的生存本能。

2. **思维敏捷**：理论学习与实践操作相结合，训练了他的思维敏捷度，使他在面对困难时能迅速分析问题，找到解决问题的方法，这种能力增强了他的应对挑战的冷静和效率。

3. **责任感**：实战经验使艾斯雷明白知识不仅是获取，更是责任。他开始认识到自己的行动可能关乎他人的安全，这促使他具有更强的责任感和自我牺牲精神。

4. **自我超越**：每次与恶魔兽的战斗都是一次自我挑战，艾斯雷在不断克服困难中提升自我，这塑造了他永不满足、不断追求卓越的决心。

5. **勇气与智慧**：面对邪恶魔兽，艾斯雷展现出了无畏的勇气和深思熟虑的智慧，这证明了他不仅有勇气面对未知，更有智慧去战胜它，这种品质使他在困难面前更加坚韧。

总的来说，这种实战教育模式通过实际的挑战和反馈，不仅提高了艾斯雷的技能，更强化了他的心理素质和人格特质，使他成长为一个既坚韧又智慧的角色。)
questions
['', '2. 艾斯雷在面对恶魔兽时，他的思维敏捷体现在哪些具体场景中？这如何帮助他在危机时刻做出正确的判断？', '', '3. 实战教育如何塑造了艾斯雷的责任感？他在面对可能的危险时，是如何平衡自我保护与他人安全的考虑的？', '', '4. 每次与恶魔兽的战斗都让艾斯雷有所成长，那么他从这些挑战中学到的最重要的教训是什么？', '', '5. 艾斯雷的自我超越过程是如何推动他不断突破舒适区，挑战自己的极限的？', '', '6. 在面对邪恶魔兽的勇气与智慧并存，他是如何在恐惧和理智之间找到平衡的？这是否反映出他的性格特点？', '', '7. 实战教育对艾斯雷的心理承受能力产生了怎样的影响？他在压力下的表现如何体现他的心理韧性？', '', '8. 艾斯雷的成长过程中，哪些具体的实战经历对他的人格形成起到了决定性的作用？', '', '9. 这种实战教育模式相较于传统的理论教学，对艾斯雷的个人发展有何独特之处？', '', '10. 如何通过艾斯雷的故事，探讨教育方式对个体成长的重要性，特别是在培养关键技能和品格方面？']
============================================================



============================================================
node
Node(ID: 2-6, Type: insight, Level: 2, Content: 知识在艾斯雷的生活和战斗中扮演了至关重要的角色，它不仅是他对抗邪恶魔兽的强大武器，更是塑造他个性和提升能力的关键因素。艾斯雷深刻理解到，知识不仅仅是理论，更是实际生活中解决问题的力量源泉。他认识到理论学习与实践结合的重要性，这使他在面对危险时能迅速将理论知识转化为实际行动，提高他的战斗力和决策力。

艾斯雷看待知识与实践的关系时，强调了实践是检验真理的唯一标准。他明白只有通过实际操作和战斗，才能真正理解和掌握魔法，以及在压力下运用自如。这种理论与实践相结合的学习方式，使他不仅技术精湛，而且心智成熟，懂得如何在复杂情况下保持冷静，做出明智的选择。因此，对他来说，知识不仅是获取胜利的工具，更是人格成长和价值观形成的重要组成部分。)
questions
['2. 艾斯雷如何看待那些只重视理论而不进行实践的人？他认为这种做法有何局限？', '3. 在面对强大的邪恶魔兽时，艾斯雷是如何运用他的知识来制定战术并保持冷静的？', '4. 知识对艾斯雷的性格塑造起到了怎样的影响？他如何通过知识提升自己的决策能力和判断力？', '5. 艾斯雷的经历让他如何看待教育体系，它是否符合他的学习理念？如果有不同，他会提出什么样的改革建议？', '6. 在困难重重的战斗中，艾斯雷如何通过理论与实践的结合找到解决问题的新方法？', '7. 他的战斗胜利中，知识和实践的比例是如何变化的？这反映了他对两者重要性的理解有何转变？', '8. 艾斯雷的故事给我们什么启示：理论知识和实践经验在个人成长中的相对作用是什么？', '9. 如果没有经历过实践，艾斯雷的知识会有多大的影响力？他的经历如何强化了他的观点？', '10. 如何通过艾斯雷的例子解释“知行合一”的理念在现实生活中的应用？']
============================================================



============================================================
node
Node(ID: 2-7, Type: insight, Level: 2, Content: 艾斯雷从学生到战士的角色转变的关键转折点在于月光森林与邪恶魔兽的对决。在这场战斗中，他不仅要应用新学的魔法知识，还要在实战压力下即时决策和应对，这促使他快速成长并实现了理论知识向实际技能的转化。他展现出的勇气、智慧和临场应变能力，如快速理解并运用魔法、冷静分析战斗情况，这些都是他角色转变的重要标志。这次经历不仅提升了他的战斗技能，更重要的是塑造了他坚韧的性格、责任感和追求卓越的决心，使他明白知识不仅限于书本，而是生活中的力量源泉，从而完成了从理论学习者到实战魔法师的转变。)
questions
['2. 邪恶魔兽的挑战对艾斯雷的心理承受力有何影响？他是如何调整自己的心态，保持冷静的？', '3. 这场战斗中，艾斯雷的勇气和智慧体现在哪些具体行动上？这些品质是如何帮助他战胜困难的？', '4. 在面对生死存亡的战斗时，艾斯雷的临场应变能力是如何展现出来的？这对他的成长有何深远影响？', '5. 这次经历如何改变了艾斯雷的价值观？他认为知识在现实生活中的作用是什么？', '6. 他的责任感是如何在与邪恶魔兽的战斗中体现的？这对他以后的决策和行为产生了怎样的影响？', '7. 艾斯雷从理论学习者转变为实战魔法师的过程，对他的人生观和世界观有何重大启示？', '8. 这场战斗对艾斯雷性格的塑造起到了什么作用？他的坚韧性格是如何形成的？', '9. 如何看待艾斯雷在战斗中追求卓越的决心？这对他的成长路径有何决定性影响？', '10. 这个转折点过后，艾斯雷在后续的战斗和学习中，如何持续应用他在月光森林中学到的教训？']
============================================================



============================================================
node
Node(ID: 2-8, Type: insight, Level: 2, Content: 战斗结束后，艾斯雷的内心世界经历了深刻的变化。他意识到，理论知识不再是孤立的存在，而是与实际生活紧密相连的力量。他的勇气和智慧在实战中得到了锤炼，责任感和自我超越的精神在他心中生根发芽。他不再仅仅是被动地接受知识，而是开始主动寻求如何将知识转化为实际行动，以保护自己和他人的安全。

对于未来，艾斯雷有了明确的期待和目标。他期待能够在更多的挑战中继续提升自己的魔法技艺，成为一个不仅技术精湛，而且能在关键时刻作出明智决策的魔法师。他渴望将每一次战斗视为成长的机会，不断提升自己的决策力、应变能力和心理素质。同时，他也明白了自己的责任，那就是用所学知识去守护善良，对抗邪恶，成为一个真正的守护者。这样的他，已经从一个初出茅庐的学生，成长为一个有担当、有目标的战士，准备迎接未来更大的挑战。)
questions
['2. 他的勇气和智慧在实战中的具体体现是什么？这对他有什么深远影响？', '3. 艾斯雷的责任感是如何在面对危险和挑战时增强的？这对他个人成长有何作用？', '4. 他如何从被动接受知识转变为主动寻求转化的？这个过程中的关键转折点是什么？', '5. 艾斯雷期待在未来如何通过挑战提升自己的魔法技艺？这反映了他什么样的价值观？', '6. 他在战斗中如何平衡技术精湛与决策能力的培养？这对他的心理素质有何影响？', '7. 艾斯雷如何定义一个真正的守护者？这对他未来的行动指南是什么？', '8. 他的成长过程中，有哪些具体事件或人物对他产生了重大影响？', '9. 艾斯雷如何处理在保护他人和实现自我超越之间的冲突？这体现了他的道德观吗？', '10. 他的角色转变对他的世界观和人生观产生了怎样的重塑？', '11. 在成为有担当的战士的过程中，艾斯雷面临过哪些困难和自我质疑？他是如何克服的？', '12. 他的目标不仅是技术提升，还有心理素质的锻炼，这对他的长期规划有何重要性？', '13. 如何理解艾斯雷的成长过程中的“自我超越”？这对他的未来发展有何深远影响？']
============================================================



============================================================
node
Node(ID: 2-9, Type: insight, Level: 2, Content: 艾斯雷的成长经历揭示了一个关键的教训：理论学习与实践应用之间的平衡至关重要。老魔法师的教学方式强调了两者结合的重要性。通过理论讲解和模拟实战，艾斯雷不仅掌握了魔法技能，还学会了在压力下思考、决策和适应。这种教育方法促使他将知识转化为实际操作能力，提升了他的实战效能和解决问题的能力。

在面对邪恶魔兽的挑战时，艾斯雷的经历告诉我们，理论知识并非孤立存在，而是需要在实际环境中检验和提升。只有当理论与实践紧密相连，我们才能真正理解和掌握知识，同时发展出灵活运用和解决问题的能力。因此，平衡理论学习和实践应用是提升个人能力、应对挑战的关键，这不仅限于魔法学习，也适用于生活的各个领域。)
questions
['2. 老魔法师的教学方法具体是如何帮助艾斯雷在实践中学习和成长的？', '3. 在面对邪恶魔兽的挑战时，艾斯雷是如何运用他的理论知识和实践经验来解决问题的？这体现了他的哪些关键决策策略？', '4. 艾斯雷的成长经历如何反映现实生活中人们常常面临的理论与实践之间的困境？我们应该如何从中吸取经验？', '5. 在艾斯雷的成功案例中，他的哪些品质（如耐心、毅力或创新思维）起到了决定性作用？这些品质是如何在理论和实践的融合中得以体现的？', '6. 如果你处在艾斯雷的位置，你会如何处理理论知识与实践应用之间的矛盾，以确保最佳的学习效果？', '7. 艾斯雷的故事对教育者有什么启示？他们应该如何调整教学方法，使学生既能掌握理论，又能具备实践能力？', '8. 这种平衡在艾斯雷的人生中起到了什么样的长期影响？它如何塑造了他的价值观和世界观？', '9. 在面临重大挑战时，艾斯雷是如何通过调整自己的学习策略来适应变化的环境的？', '10. 你认为艾斯雷的故事对于那些过于依赖理论或者忽视实践的人有什么警示意义？']
============================================================



============================================================
node
Node(ID: 2-1, Type: insight, Level: 2, Content: 艾斯雷在洞穴中对古老文字和符号的深入研究，揭示了一个深度洞察：他的探索不仅是对知识的渴求，更是对个人成长和自我超越的追求。面对恐惧和不确定性，他将其视为自我提升的机会，通过实践和理论的结合，展现了心理韧性和适应力。每一步解读都不仅是找寻神器，更是对勇气、智慧和自我价值的肯定。在这个过程中，艾斯雷的成长不仅体现在技能上，更在于他形成的生活哲学——通过挑战自我、尊重传统和勇于探索，他理解了生活本身就是一场不断学习和突破的冒险。因此，神器的追寻，实质上是他人生旅程中的一座精神丰碑，象征着他内心的坚韧和对未知世界的无尽探索。)
questions
['2. 如何理解艾斯雷将恐惧和不确定性视为自我提升的动力？这反映了他怎样的心理素质？', '3. 艾斯雷如何平衡实践与理论的学习，这对他的决策过程有何影响？', '4. 在解读古老文字和符号的过程中，艾斯雷是如何看待勇气、智慧和自我价值的关系的？', '5. 这个“神器”在艾斯雷眼中代表了什么？它对他的人生目标有何启示？', '6. 艾斯雷的生活哲学对他的冒险精神有何塑造？这在实际探险中是如何体现的？', '7. 如何理解艾斯雷在追寻神器的过程中，所体现的对传统尊重的态度？这如何影响他的行动和决策？', '8. 艾斯雷的冒险旅程如何帮助他认识到生活的本质？这对他的人生观有何改变？', '9. 在面对困难和挑战时，艾斯雷是如何调整自己的心态，保持前进动力的？', '10. 这个“精神丰碑”对艾斯雷来说意味着什么？它如何激励他在未来的探索中继续前行？']
============================================================



============================================================
node
Node(ID: 2-2, Type: insight, Level: 2, Content: 艾斯雷在面对洞穴中的恐惧和不确定性时，通过回忆导师的教导，将理论知识与实际操作相结合。他运用深呼吸来稳定情绪，集中精神，尝试将书中学到的解码技巧运用到实际的符号解读上。这一过程展示了艾斯雷的实践力和解决问题的能力，以及他从被动接受知识转变为主动应用知识的决心。这种转化使得他的心理韧性得到锻炼，学会了在压力下保持冷静，用智慧克服挑战。

这种行为对他的性格塑造产生了显著影响。首先，它强化了艾斯雷的决策力和应变能力，使他在困难面前不再轻易退缩。其次，他的行动力和对知识的运用能力增强，表明他是一个积极主动的学习者，而不是被动的接收者。此外，他的自我成长和对未知的接纳态度，也塑造了他坚韧不拔、勇于探索的性格特质。总的来说，艾斯雷在面对恐惧和不确定性时的表现，不仅帮助他克服了个人障碍，也进一步丰富了他的个性特征，使其成为一个更加成熟、有深度的角色。)
questions
['2. 他如何将理论知识转化为实际操作？这个过程中的困难和挑战是什么，又是如何解决的？', '3. 深呼吸和集中精神在艾斯雷应对恐惧时起到了什么作用？这体现了他的哪种心理策略？', '4. 他的解码技巧在实际应用中遇到过哪些困难，这些困难如何影响他的自信心和决策过程？', '5. 艾斯雷从被动接受知识到主动应用知识的转变，对他的人生观有何影响？这如何塑造了他的独立思考能力？', '6. 这次经历如何增强了艾斯雷的决策力和应变能力？具体体现在哪些场景或情况下？', '7. 他的行动力和知识运用能力提升，对他的职业发展有何长远影响？', '8. 艾斯雷的自我成长和对未知的接纳态度，是如何帮助他在面对压力时保持冷静的？', '9. 这次洞穴探险对艾斯雷的心理韧性有何直接影响？这对他以后处理类似挑战的方式会产生怎样的变化？', '10. 总结这次经历，艾斯雷的性格特质有哪些明显的改变？这些改变如何让他成为了一个更成熟、有深度的角色？']
============================================================



============================================================
node
Node(ID: 2-3, Type: insight, Level: 2, Content: 艾斯雷对洞穴中古老文字和符号的执着追求，揭示出他内心深处的驱动力是对知识的渴求和自我超越的欲望。他的行为不仅仅是对神器的搜寻，更是对个人成长和强大魔法师之路的探索。面对恐惧和不确定性，他选择将其转化为学习和成长的机会，这展现了他心理韧性和适应环境的能力。每一个符号的解读都是他信心的积累，也证实了知识和勇气在挑战面前的重要性。因此，艾斯雷的故事告诉我们，真正的宝藏不仅在物质的神器中，更在于个人的成长和内心的丰盈，这使他在追求目标的同时，也深化了对人生哲理的理解。)
questions
['2. 在艾斯雷的冒险旅程中，知识和自我超越的具体含义是什么？', '3. 他的决定去面对恐惧和不确定性，反映了他怎样的性格特质？', '4. 如何理解艾斯雷将挑战视为学习和成长机会的思维方式？', '5. 每一次成功解读符号对艾斯雷的信心有何影响？这对他的决策过程有何作用？', '6. 神器在他心中的位置如何，与他对个人成长的重视相比，哪个更重要？', '7. 艾斯雷的故事如何体现知识在个人成长中的核心价值？', '8. 他的经历如何塑造了他对人生哲理的独特见解？', '9. 在面对困难时，艾斯雷是如何平衡对未知的恐惧与对知识的追求的？', '10. 这个故事如何通过艾斯雷的经历传达出“真正的宝藏在内心”的主题？', '11. 他的旅程如何展示了个体如何在追求目标中实现自我超越？', '12. 面对生活中的不确定性和挑战，艾斯雷的故事给我们带来了哪些关于坚韧和适应性的启示？']
============================================================



============================================================
node
Node(ID: 2-4, Type: insight, Level: 2, Content: 艾斯雷在解读符文的过程中，通过将理论知识与实际操作紧密结合起来，实现了对知识渴望与实践挑战的平衡。他并未让对知识的追求阻碍实际操作，而是通过深入理解符号背后的含义，将其转化为具体的行动策略。每当遇到难题，他会回顾导师的教导，将书中学到的理论灵活应用到实践中，这显示出他的决策过程既依赖于扎实的理论基础，又注重实践经验的积累。

这种平衡方式对艾斯雷的决策过程产生了深远影响。首先，它培养了他的批判性思维，使他在面对复杂问题时能迅速分析并找到解决方案。其次，它增强了他的应变能力，因为他能在理论和现实之间切换，适应不断变化的情况。最后，这种平衡使他的决策更具前瞻性，他不仅能解决眼前的问题，还能预见未来可能出现的挑战，并提前做好准备。

总的来说，艾斯雷在解读符文时的这种平衡策略，不仅帮助他提升了个人能力，也塑造了他作为一个决策者的成熟和稳重，使他在追求知识和力量的道路上更加坚定且明智。)
questions
['2. 在解读符文的过程中，艾斯雷如何运用批判性思维来处理复杂的理论与实际问题？', '3. 艾斯雷的导师在平衡理论与实践方面起到了什么作用？他们的教导对艾斯雷的成长有哪些关键影响？', '4. 当艾斯雷面临挑战时，他是如何将理论知识转化为实际行动的？这展示了他怎样的学习风格？', '5. 这种平衡策略如何帮助艾斯雷提升他在决策过程中的灵活性和预见性？具体体现在哪些实例中？', '6. 在应对不断变化的情况时，艾斯雷是如何调整他的理论与实践结合的方式的？这体现了他的什么适应能力？', '7. 这种平衡对艾斯雷的性格塑造有何影响？他如何在追求知识和力量的过程中保持内心的稳定？', '8. 艾斯雷的决策过程如何反映出他对未来可能挑战的思考？这对他的人生规划有何指导意义？', '9. 如果艾斯雷在初期没有找到理论与实践的平衡，他的成长路径可能会有什么不同？', '10. 在符文解读的长期实践中，艾斯雷如何保持对新知识的持续学习和更新，以维持这种平衡？']
============================================================



============================================================
node
Node(ID: 2-5, Type: insight, Level: 2, Content: 在艾斯雷探索洞穴中古老文字和符号的过程中，他的行为和决策展现出的是一个深度的学习者和寻求者的形象。他将符号解读视为个人成长和获取力量的途径，这不仅体现了他的知识追求，还反映出他对自我超越的强烈欲望。他的心理韧性和应对恐惧的方式，表明他具备成熟的内心世界，知道如何在压力下保持冷静，用知识武装自己对抗未知。通过神器的象征，艾斯雷理解到挑战的价值和历史的重要性，这使他的世界观更为开阔，明白生活就是一场不断学习、适应和挑战的旅程。总的来说，艾斯雷的洞察力和行动力不仅指向外部的神器，更是驱动他内在成长的引擎，塑造了一个坚定且智慧的角色形象。)
questions
['2. 他的知识追求和自我超越欲望是如何相互影响的？这对他的人生观有何影响？', '3. 艾斯雷在面对恐惧时的心理韧性和应对策略是如何形成的？这对他的探险过程有何作用？', '4. 神器在他心中的地位是什么？它象征着什么，又是如何帮助他理解生活的挑战和价值的？', '5. 艾斯雷如何通过解读神器来提升自己的能力，这反映了他对待困难和知识的态度是什么？', '6. 他的世界观是如何随着对历史和挑战的理解而改变的？这种变化如何塑造了他的行动方式？', '7. 艾斯雷的洞察力和行动力是如何体现他的成长过程，以及他在探险中的领导角色的？', '8. 在他的内心世界中，是怎样的信念驱使他不断探索和学习，即使面临未知的危险？', '9. 艾斯雷的故事给我们关于面对挑战和自我发展的哪些启示？', '10. 如何通过艾斯雷的经历解释知识、勇气和决心在个人成长中的重要性？']
============================================================



============================================================
node
Node(ID: 2-6, Type: insight, Level: 2, Content: 在艾斯雷的眼中，神器不仅是具体的实物，更是知识、勇气、挑战和自我成长的象征。这个象征意义驱动他的学习和探索行为，因为它激发了他对未知世界的渴望，并促使他将书本知识转化为实践行动。艾斯雷明白，神器的传说并非单纯关于寻宝，而是关于通过不断的学习和挑战来提升自我，实现个人价值。每一个符文的解读，都是他向强大魔法师目标迈进的一小步，同时也磨炼了他的心理韧性和解决问题的能力。因此，对神器的追求不仅仅是追求物质，更是追求内在的成长和精神世界的丰富，这让他的探索行为充满了动力和目标导向。)
questions
['2. 神器的寻宝之旅如何影响艾斯雷的知识结构和思维方式？', '3. 他在解读符文的过程中，遇到了哪些困难？这些困难如何塑造了他的性格和坚韧？', '4. 艾斯雷眼中的自我成长和提升个人价值具体指什么？这与传统寻宝故事有何不同？', '5. 神器的追求对他来说，是一种怎样的精神寄托？它如何驱动他的日常学习和决策？', '6. 在面对未知世界时，艾斯雷是如何平衡对知识的渴望与实际操作的挑战的？', '7. 他的探索行为中，哪些因素起到了决定性的推动作用？', '8. 神器如何帮助艾斯雷理解并应对生活中的问题，提升他的问题解决能力？', '9. 在艾斯雷的故事中，神器的寻找过程对他的人生哲学有什么影响？', '10. 如何通过艾斯雷的经历，理解挑战和学习在个人成长中的核心地位？']
============================================================



============================================================
node
Node(ID: 2-7, Type: insight, Level: 2, Content: 基于给定的材料和问题，我们可以生成以下洞察：

艾斯雷在洞穴中的符号探索之旅，不仅是对知识的追求，更是对他个人成长和心理成熟的试炼。他的决心与勇气体现在面对恐惧和不确定性时，选择将其转化为动力，通过实践和反思不断提升自己。每一步对符文的解读，不仅是技术上的突破，更是他内心深处对自我超越的证明。艾斯雷通过神器的传说，理解了目标的象征意义，这不仅是寻求物质力量，更是寻求精神的成长和智慧的积累。他的行动揭示出，真正的强大并不在于拥有神器本身，而在于追求过程中的学习、适应和勇气。因此，艾斯雷的故事告诉我们，生活中的挑战和未知既是威胁，也是机遇，关键在于如何看待和利用它们，以实现个人的全面成长。)
questions
['2. 每次解读符文的成功，对艾斯雷的心理成长有何影响？他如何通过这些经历提升自我认知？', '3. 神器的传说对艾斯雷来说意味着什么？它如何帮助他理解目标的真正价值？', '4. 在追求知识的过程中，艾斯雷是如何平衡物质力量与精神成长之间的关系的？', '5. 艾斯雷的故事中，如何体现“真正的强大”并不仅仅是物理力量，而是内在的决心和学习能力？', '6. 他在面对生活中的挑战和未知时，如何运用自己的勇气和智慧来应对？', '7. 这次探险之旅如何塑造了艾斯雷的人生观和价值观？他如何看待生活中的困难和挫折？', '8. 艾斯雷在面对未知时，他的决策过程和思考方式有哪些值得我们学习的地方？', '9. 这个旅程如何反映了艾斯雷的成长路径，从一个追求者转变为一个生活的哲学家？', '10. 你认为艾斯雷的故事能给我们怎样的生活启示，特别是在面对困难时？']
============================================================



============================================================
node
Node(ID: 2-8, Type: insight, Level: 2, Content: 艾斯雷通过在洞穴中解读古老文字和符号的过程，将理论知识与实践操作紧密结合起来。他面对恐惧和不确定性，不是逃避，而是将它们视为学习和成长的机会。每当遇到难题，他运用导师传授的教导，通过深呼吸、集中精神，尝试将书本上的知识转化为实际操作策略。这种方式的转变，一方面表明他善于将理论转化为实践，提升了他的问题解决能力；另一方面，这也教育我们，理解和应用知识不仅要理论扎实，还要勇于实践，通过实际操作来检验和深化理解。艾斯雷的故事启示我们，知识的真正价值在于如何将其付诸行动，通过实践来塑造我们的世界观和解决问题的能力。)
questions
['2. 他的导师传授的教导具体是什么？这对艾斯雷的行为改变有何深远影响？', '3. 艾斯雷如何通过深呼吸和集中精神来克服内心的恐惧？这反映出他的心理素质如何？', '4. 他的问题解决策略从理论到实践的转变是如何逐步形成的？这体现了他的学习方法论是什么？', '5. 艾斯雷的故事如何展示了理论知识和实践经验之间的动态平衡？', '6. 在面对挑战时，艾斯雷是如何将书本知识转化为实际操作的？这对他个人的成长有何显著影响？', '7. 他的故事如何鼓励我们在面对未知和困难时，保持积极的学习态度？', '8. 如何理解艾斯雷将恐惧和不确定性视为学习机会的哲学观？这对个人成长的启示是什么？', '9. 他的经历对那些在学术研究中遇到困难的人有何启发？', '10. 艾斯雷的故事如何强调了实践在塑造世界观和解决问题能力中的核心作用？']
============================================================



============================================================
node
Node(ID: 2-9, Type: insight, Level: 2, Content: 在面对洞穴中的古老文字和符号时，艾斯雷的洞察并非单纯地停留在字面上的知识寻求，而是深层次地反映了他对自我提升的追求和心理成长的过程。他的行为表明，他将符号解读视为一种内在驱动，既是寻找神器的工具，又是磨炼勇气和智慧的试炼场。通过符号，他不仅在知识层面上积累了力量，也在情感上学会了面对恐惧，增强自信。每一个挑战都促使他更深入地理解自己，强化了他的信念，使他明白真正的强大并不只是力量本身，更是内心的坚韧和对未知的无畏探索。因此，艾斯雷的洞察揭示了一个核心真理：真正的宝藏不仅在洞穴的深处，也在他不断挑战自我、超越自我的旅程之中。)
questions
['2. 在面对洞穴里的神秘符号时，艾斯雷的心理变化过程是怎样的？这如何反映出他的内心成长？', '3. 艾斯雷如何理解符号解读对他寻找神器和提升勇气的重要性？这如何体现他的价值观？', '4. 每个挑战如何帮助艾斯雷深化对自我的理解，具体体现在哪些方面？', '5. 艾斯雷如何通过解读符号，将力量积累转化为内心的力量？这种转变如何影响他的行为和决策？', '6. 在艾斯雷的旅程中，他认为真正的强大是什么？这与他最初的期望有何不同？', '7. 如何通过艾斯雷的故事，理解挑战自我和超越自我在个人成长中的核心作用？', '8. 艾斯雷的冒险经历如何展示了知识获取与情感成长之间的相互关系？', '9. 他如何处理在面对恐惧时的挣扎和困惑，这反映了什么样的心理策略？', '10. 艾斯雷的故事给我们什么启示，关于面对未知和发掘内在潜力的重要性？']
============================================================



============================================================
node
Node(ID: 2-10, Type: insight, Level: 2, Content: 艾斯雷的每一次成功解读符号，不仅是对知识的掌握，更是对他个人能力的肯定。这些成就让他意识到，通过不断的学习和实践，他有能力解决复杂的问题，这大大增强了他的自信心。这种自信不仅来源于智力的提升，更来源于面对恐惧和不确定性的心理韧性和决心。因此，每次的成功解读成为了他面对未来挑战的心理基石，让他相信自己有能力应对生活中的任何困境。这种积极的心态促使他更加勇敢地接受新的挑战，用自信和智慧去探寻更多的知识和可能性，从而推动他的个人成长和世界观的深化。)
questions
['2. 在解读符号的过程中，艾斯雷遇到的最大挑战是什么？他是如何克服这些挑战的？', '3. 艾斯雷的自信心是如何在每一次成功解读后得到增强的？这对他的日常生活和决策有何影响？', '4. 他的心理韧性和决心是如何形成的？这与他早期的经历或者人生挫折有何关联？', '5. 成功解读对他面对未知和恐惧的态度有何改变？他如何将这种心态应用到日常生活中？', '6. 这种自信对艾斯雷的个人成长具体体现在哪些方面？有没有具体的例子可以说明？', '7. 艾斯雷如何平衡智力提升和心理成长的关系，以保持持续的进步？', '8. 他的成功解读如何塑造了他对世界的理解和价值观？这对他未来的职业选择或人生目标有何影响？', '9. 艾斯雷如何通过不断接受新挑战来进一步巩固和扩展他的自信边界？', '10. 在面对未来的困难时，艾斯雷如何运用他的自信和智慧来找到解决问题的方法？']
============================================================



============================================================
node
Node(ID: 2-11, Type: insight, Level: 2, Content: 艾斯雷在洞穴中的探索不仅是对古老文字和符号的解读，更是对他个人成长的深度挖掘。他的行动揭示了一个深刻的洞察：知识与勇气并非孤立的力量，而是相辅相成。艾斯雷对知识的渴求驱动他面对恐惧，而每一次成功的解读又增强了他的心理韧性和自信心。在追求神器的过程中，他实际践行了自我挑战和学习迭代的过程，这使得他不仅在物质上寻求提升，也在精神层面上实现了对自我价值和世界观的深化。因此，每一个符号和挑战都是他通往强大魔法师道路上的一级台阶，这使他的旅程既富有挑战，又充满意义。)
questions
['2. 知识与勇气之间的相互作用在他探索过程中具体体现在哪些关键时刻？', '3. 艾斯雷对神器的寻找如何反映了他的学习迭代过程？这种过程对他的成长有何影响？', '4. 在解读古老文字和符号时，艾斯雷的心理韧性和自信心是如何增强的？', '5. 每个挑战对他来说都是一级台阶，那么他是如何看待这些挑战作为自我提升的机会的？', '6. 这次洞穴探索之旅如何塑造了艾斯雷的世界观和人生价值观？', '7. 艾斯雷如何通过实际行动证明知识不仅仅是获取信息，更是一种力量源泉？', '8. 他的旅程中，哪些具体的事件或发现让他深刻理解了自我价值的内涵？', '9. 在追求强大魔法师的道路中，艾斯雷是如何平衡物质追求和精神成长的？', '10. 如何通过艾斯雷的故事，理解知识获取与个人成长之间的动态关系？']
============================================================



============================================================
node
Node(ID: 2-12, Type: insight, Level: 2, Content: 艾斯雷对历史和传统的价值持有深深的敬畏和尊重。他认为，洞穴中的古老文字和符号不仅是知识的遗产，更是命运的指引，象征着历史的智慧和力量。在追求神器的过程中，他不仅专注于符号的解读，寻求力量的来源，更是在理解和传承这些历史痕迹中，体现出对传统的尊重。他将理论知识与实践操作相结合，不断挑战自我，这不仅展示了他对待知识的严谨态度，也体现了他对传统文化活学活用的精神。艾斯雷明白，每一个符号都承载着先人的智慧，他通过深入研究和实践，不仅是在追求神器，更是以实际行动践行对历史和传统的尊重，认为这是个人成长和强大之路的重要组成部分。)
questions
['2. 在追求神器的过程中，艾斯雷是如何平衡理论学习与实践操作的？这对他的决策过程有何影响？', '3. 艾斯雷如何理解"历史的智慧和力量"？这种认识在他行动策略上有什么体现？', '4. 他的敬畏和尊重传统是如何驱使他在面对困难和挑战时坚持下去的？', '5. 艾斯雷如何看待符号背后的先人智慧？这对他个人价值观的形成有何作用？', '6. 他的实践操作如何反映出他对传统文化活学活用的理念？这在实际操作中有哪些具体表现？', '7. 艾斯雷如何通过研究和实践神器，实现对历史和传统的尊重？这对他个人成长路径有何启示？', '8. 你认为艾斯雷的这种对历史和传统的态度，是否在当今社会中具有普遍价值？为什么？', '9. 在艾斯雷的故事中，历史和传统是如何与个人成长和力量的追求相互交织的？', '10. 如果面临与传统观念冲突的情况，艾斯雷会如何处理？这会如何反映他的价值观和原则？']
============================================================



============================================================
node
Node(ID: 2-13, Type: insight, Level: 2, Content: 艾斯雷在洞穴中的探索不仅是为了寻找古老的神器，更是对知识的追求和自我成长的探索。他对符号的深入解读反映出他的坚韧毅力和对挑战的积极态度，他将恐惧转化为动力，通过实践和理论的结合，逐步增强自信。每一个符号的破解都是他心智的磨砺，使他意识到知识和勇气的重要性。神器的象征意义超越了物质本身，它象征着艾斯雷对未知世界的勇敢探索，以及对历史和传统的尊重。因此，这个过程不仅是寻找神器的旅程，更是艾斯雷塑造自我、深化世界观和人生观的过程，他坚信通过智慧和勇气，他能在生活的冒险中不断前行。)
questions
['2. 他在解读符号的过程中，遇到了哪些困难和挑战？这些挑战如何塑造了他的性格？', '3. 艾斯雷如何将恐惧转化为动力？这对他探索未知世界有何影响？', '4. 神器的破解过程对艾斯雷的自信心提升起到了怎样的作用？ ', '5. 在艾斯雷眼中，知识和勇气的关系是如何体现的？ ', '6. 他如何看待历史和传统在探寻神器过程中的价值？ ', '7. 他的探索之旅如何帮助他形成并深化自己的世界观和人生观？', '8. 艾斯雷如何通过这次冒险，理解生活中的冒险和挑战与个人成长的关系？', '9. 他在面对未知时，如何运用实践和理论的结合来解决问题？', '10. 这次探索对他未来的生活决策或价值观产生了哪些长远的影响？', '11. 艾斯雷如何平衡对知识的渴望和实际生活的压力？', '12. 他在面对神器象征的深层次含义时，内心的矛盾和冲突又是如何处理的？', '13. 这个旅程对艾斯雷的团队合作和领导力有什么潜在的影响？', '14. 如何评价艾斯雷在面对困难时的坚韧毅力和积极态度？', '15. 他如何通过这次探索，认识到自己的能力和潜力界限？']
============================================================



============================================================
node
Node(ID: 2-14, Type: insight, Level: 2, Content: 艾斯雷的世界观在探索古老洞穴和解读神秘符号的过程中发生了深刻的变化。起初，这些符号对他来说是知识的遗产和命运的指引，象征着力量的源泉。然而，随着他的深入研究，他逐渐认识到这些符号不仅仅代表物质上的神器，更是精神层面的成长和自我提升的象征。他意识到，真正的力量并非来自神器本身，而是来自于他对知识的渴望、对挑战的勇气以及不断学习和适应的能力。

这一认识使他的生活态度从单纯追求目标转变为了一种积极的探索和学习过程。他不再把挑战看作威胁，而是视之为成长的机会，恐惧和不确定性变成了推动他前行的动力。他的应对策略也因此变得更加理智和坚定，他学会了在面对未知时保持冷静，用知识武装自己，用勇气去克服困难。

艾斯雷的世界观的演变让他明白，生活就是一个不断学习、适应和挑战的过程，这使他在面对生活的起伏时更加从容，更有信心去追求更高的目标。他的成长经历教导他，真正的强大不仅在于拥有力量，更在于理解和运用力量，以及在困境中坚持自我提升。因此，无论前方有多少未知，他都准备好了以积极的态度和坚定的决心去迎接，并从中获得更深的智慧和成长。)
questions
['2. 在他的世界观转变过程中，是什么具体事件或发现促使他认识到符号的深层次含义？', '3. 他的生活态度变化前后，他的目标设定有何不同？这种转变如何影响了他的行动策略？', '4. 艾斯雷如何将恐惧和不确定性转化为动力？这在实际的冒险中是如何体现的？', '5. 他的新世界观如何帮助他在面对挑战时保持冷静，运用知识去解决问题？', '6. 这种对力量的理解，对艾斯雷在处理人际关系和团队合作时有何影响？', '7. 他的成长经历给他带来了哪些关于人生哲理的启示？他认为真正的强大体现在哪些方面？', '8. 在艾斯雷的探索旅程中，有没有某个特别的时刻让他深刻理解到学习和适应的重要性？', '9. 他的世界观变化如何塑造了他的决策过程，特别是在面临重大抉择时？', '10. 如何通过艾斯雷的故事，理解生活中的挑战和困难如何促进个人成长和智慧的积累？', '11. 对于那些同样面临生活困境的人，艾斯雷的经历能提供哪些实用的应对策略？', '12. 他的故事告诉我们，如何在追求目标的同时，保持内心的平衡和成长？']
============================================================



============================================================
node
Node(ID: 2-15, Type: insight, Level: 2, Content: 在艾斯雷对洞穴古老文字和符号的解读过程中，我们可以洞察到他深层次的动机和个性特征。他不仅仅是在寻求物质上的神器，更是将其视作个人成长和提升自我能力的象征。他的恐惧和不确定性转化为动力，反映出他的坚韧心理和勇于面对挑战的决心。每次成功解读符文，都不仅是知识的积累，更是对自我信心的增强。艾斯雷的故事告诉我们，他的探索旅程实质上是一个自我发现和人生哲理的学习过程，他理解到知识、勇气和适应变化是应对未知世界的关键。在这个追寻神器的过程中，艾斯雷不仅锻炼了自己的技能，也塑造了一个积极进取、勇于探索的生活态度，他的世界观和人生观因此变得更加成熟和深邃。)
questions
['2. 他的恐惧和不确定性是如何转化为动力的？这反映了他什么样的性格特点？', '3. 艾斯雷如何看待知识与个人能力的关系？这对他的成长有何重要影响？', '4. 每次成功的解读符文，对他来说意味着什么？这如何塑造了他的自信心？', '5. 在探索旅程中，艾斯雷是如何逐渐认识到知识、勇气和适应变化的重要性？', '6. 这个过程中，艾斯雷的人生观和世界观有哪些具体的变化或者深化？', '7. 艾斯雷如何通过寻找神器这个目标，实现自我认知和个人成长？', '8. 他的经历对于那些面临困难和挑战的人来说，有哪些启示或教训？', '9. 艾斯雷的坚韧心理和勇于面对挑战的决心是如何在面对复杂符文时体现出来的？', '10. 在追寻神器的过程中，艾斯雷如何处理失败和挫折，这如何影响他的坚持和毅力？', '11. 你认为艾斯雷的成长故事对现代人有什么现实意义或哲学价值？', '12. 如果你是艾斯雷，你会如何看待自己的这段探索之旅？它给你带来了哪些深远的影响？']
============================================================



============================================================
node
Node(ID: 2-16, Type: insight, Level: 2, Content: 艾斯雷通过在洞穴中解读古老文字和符号，将理论知识与实践相结合，挑战自我来定义强大。他不仅在寻求物质上的神器，更重要的是在寻找精神上的成长和自我提升。每次成功解读符文，都是他心智和勇气的考验，这使得他的强大不仅体现在力量上，更在于他的学习能力、适应力以及面对恐惧和不确定性的心理韧性。他的强大定义独特在于，他明白强大不仅是技能的掌握，更是内心的坚定和对未知的探索精神。每一次挑战都促使他超越自我，从而塑造了一个勇于探索、坚韧不拔的人物形象，这使他在追求知识和力量的过程中，实现了个人成长的深度和广度。)
questions
['2. 在解读古老文字和符号的过程中，艾斯雷面临了哪些具体的困难和挑战？他是如何应对这些挑战的？', '3. 对于艾斯雷来说，精神上的成长和自我提升比物质上的神器更重要，这种价值观是如何形成的？', '4. 每次成功解读符文，艾斯雷的心智和勇气得到了怎样的锻炼？这对他的性格塑造起到了什么作用？', '5. 如何理解艾斯雷的强大不仅仅是技能的掌握，更是内心的坚定和对未知的探索精神？这对他的决策过程有何影响？', '6. 在面对恐惧和不确定性时，艾斯雷的心理韧性是如何展现的？这对他处理未知情况的能力有何提升？', '7. 艾斯雷的每一次挑战都促使他超越自我，这具体体现在哪些方面？这对他的人生观有何影响？', '8. 在追求知识和力量的过程中，艾斯雷如何平衡个人成长的深度和广度？这对他的人生轨迹有何决定性作用？', '9. 艾斯雷的故事如何反映了一个勇士在面对挑战时的思考模式和决策路径？', '10. 你认为艾斯雷的角色设定对于现实生活中的个人发展有什么启示？']
============================================================



============================================================
node
Node(ID: 2-17, Type: insight, Level: 2, Content: 艾斯雷在洞穴中的探索并非单纯寻找神器，而是深层次地寻求知识、自我成长以及对力量本质的理解。他对古老符号的解读不仅是技术上的解谜，更是心理上的挑战，反映出他的毅力和决心。他的恐惧和不确定性转化为动力，促使他运用理论知识去应对实际问题，这展示了他心理韧性和适应性的提升。每一步解读的成功都强化了他的信念，使他认识到知识与勇气在面对未知时的重要性。因此，对于艾斯雷来说，神器的追寻既是物质目标，也是精神象征，它推动他成长为一个勇于探索、不断挑战自我，且尊重传统与历史的魔法师。在这个过程中，艾斯雷的洞察力、勇气和成长故事，构成了他个性化的鲜明特征。)
questions
['2. 在解读符号的过程中，艾斯雷的心理挑战主要体现在哪些方面？他是如何处理这些挑战的？', '3. 艾斯雷的恐惧和不确定性如何转化为推动他前进的动力？这种转变如何塑造了他的性格？', '4. 他的每一次成功解读是如何增强他对知识和勇气重要性的认识的？这对他的成长有何深远影响？', '5. 神器在艾斯雷眼中，除了物质价值，还有哪些象征意义？这反映了他对待魔法和传统的态度是什么？', '6. 在面对未知的挑战时，艾斯雷是如何平衡理论知识与实践应用的？这对他成为魔法师的过程有何帮助？', '7. 艾斯雷的成长故事中，哪些具体事件或决策最能体现他的洞察力和勇气？这些特质是如何形成的？', '8. 如何理解艾斯雷的探索之旅不仅仅是寻找神器，更是一个内在心灵的旅程？这对理解他的角色发展有何启示？', '9. 如果没有对知识的追求，艾斯雷会变成怎样的人？他的故事给我们关于个人成长的哪些教训？', '10. 在艾斯雷的冒险中，他如何通过实际行动展现自己尊重历史和传统的价值观？这对他的决策过程有何影响？']
============================================================



============================================================
node
Node(ID: 2-18, Type: insight, Level: 2, Content: 在追求神器的过程中，艾斯雷通过将理想与现实紧密相连，以实际行动缩小两者间的差距。他认识到，古老的符号和预言不仅仅是历史的遗迹，更是对他个人能力的考验。面对理想与现实的挑战，他并没有被恐惧和不确定性压倒，而是将这些情绪转化为学习的动力。每次遇到难题，他都用知识和实践相结合的方式去解决，这显示了他将理论转化为实践的决心。

艾斯雷保持动力和决心的关键在于他的自我激励机制。他从导师的教导中汲取勇气，将每一次成功解读视为自我成长的里程碑。每当遇到困难，他会深呼吸，调整心态，用知识武装自己，这表明他对知识的渴望和对自我提升的坚定信念。同时，神器的传说不仅是目标，也是他的精神支柱，激发他不断前行，即使面对未知，也坚信自己有能力战胜。

因此，艾斯雷处理理想与现实差距的方法是通过持续学习、实践和调整，以及保持对知识的热爱和对挑战的勇气，这使得他在追求神器的过程中，不仅得到了物质上的收获，更重要的是精神的成长和成熟。)
questions
['2. 艾斯雷在面对恐惧和不确定性时，如何将其转化为学习的动力？这种转变是如何帮助他应对挑战的？', '3. 艾斯雷的自我激励机制具体是什么？这对他的成长有何深远影响？', '4. 他的导师在艾斯雷的追求过程中扮演了怎样的角色？他们的互动如何塑造艾斯雷的性格和决策方式？', '5. 每次遇到难题，艾斯雷是如何运用知识和实践相结合的方式解决问题的？这体现了他的哪种学习策略？', '6. 知识和实践在他追求神器的过程中起到了怎样的作用？这如何体现了他的价值观？', '7. 神器的传说对他来说意味着什么？它如何成为推动他前进的动力源泉？', '8. 艾斯雷在面对未知和困难时如何调整自己的心态？这显示了他怎样的心理韧性？', '9. 他的精神成长和成熟具体体现在哪些方面？这对他的长期目标有何影响？', '10. 如何理解艾斯雷在追求神器过程中的“物质收获”和“精神成长”的平衡？这对现实生活中的个人发展有何启示？']
============================================================



============================================================
node
Node(ID: 2-1, Type: insight, Level: 2, Content: 月光森林和洞穴环境作为艾斯雷冒险旅程的重要组成部分，不仅塑造了他的冒险策略，也极大地影响了他的性格发展。月光森林象征着知识的探索和未知的挑战，促使艾斯雷从书本学习走向实际操作，培养了他的实践能力和独立思考。在面对邪恶魔兽的斗争中，他学会了冷静判断和果断行动，这显示了他坚韧不拔的决心和勇往直前的勇气。

洞穴环境则代表了深度和智慧的挖掘，以及对过去知识遗产的探寻。艾斯雷在洞穴中的冒险不仅是对新知识的追求，也是对自己勇气和毅力的考验。每一步深入都伴随着对符号和历史的解读，这让他理解到知识的价值和责任，使他的冒险策略更加深思熟虑且具有战略意义。

总的来说，这两个环境让艾斯雷意识到，冒险并不仅仅是战胜敌人，更是个人成长的过程，需要理论与实践的结合，智慧与勇气的并存。这样的环境塑造了一个全面发展的角色，他不仅拥有强大的魔法实力，还有坚定的价值观和对正义的坚守，这使他在面对各种挑战时，既能利用知识解决难题，又能凭借内心的勇气和决心迎难而上。)